ne ID: PF3D7_0419900
Chromosome: 04

Table: Names, Previous Identifiers, and Aliases
[Name/ID/Alias]	[Type]	
MAL4P1.188	previous ID	
PFD0965W	previous ID	
Table: Gene Location
[Sequence Level]	[Is Top Level]	[Genomic Sequence]	[lc_project_id]	[Location]	[organismAbbrev]	[start]	[end]	[is_reversed]	[start_context]	[end_context]	
chromosome	1	Pf3D7_04_v3	plasmodb	878022 - 893866 (+)	pfal3D7	878022	893866	+	873022	898866	
Table: Orthologs and Paralogs within EuPathDB
[Gene ID]	[Ortholog]	[Organism]	[Product]	[is syntenic]	
PF3D7_0419900	AK88_04472	Plasmodium fragile strain nilgiri	hypothetical protein	yes	
PF3D7_0419900	C922_04521	Plasmodium inui San Antonio 1	hypothetical protein	yes	
PF3D7_0419900	PADL01_0419100	Plasmodium adleri G01	phosphatidylinositol 4-kinase,putative	yes	
PF3D7_0419900	PBANKA_0722000	Plasmodium berghei ANKA	phosphatidylinositol 4-kinase, putative	yes	
PF3D7_0419900	PBILCG01_0413200	Plasmodium billcollinsi G01	phosphatidylinositol 4-kinase, putative	yes	
PF3D7_0419900	PBLACG01_0418000	Plasmodium blacklocki G01	phosphatidylinositol 4-kinase, putative	yes	
PF3D7_0419900	PCHAS_0731000	Plasmodium chabaudi chabaudi	phosphatidylinositol 4-kinase, putative	yes	
PF3D7_0419900	PCOAH_00012360	Plasmodium coatneyi Hackeri	Phosphatidylinositol 4-kinase	yes	
PF3D7_0419900	PCYB_053420	Plasmodium cynomolgi strain B	phosphatidylinositol 3- and 4-kinase	yes	
PF3D7_0419900	PGABG01_0417700	Plasmodium gaboni strain G01	phosphatidylinositol 4-kinase, putative	yes	
PF3D7_0419900	PGAL8A_00093400	Plasmodium gallinaceum 8A	phosphatidylinositol 4-kinase, putative	yes	
PF3D7_0419900	PGSY75_0419900	Plasmodium gaboni strain SY75	putative phosphatidylinositol 4-kinase	yes	
PF3D7_0419900	PKNH_0512600	Plasmodium knowlesi strain H	phosphatidylinositol 4-kinase, putative	yes	
PF3D7_0419900	PKNOH_S04365200	Plasmodium knowlesi strain Malayan Strain Pk1 A	putative Phosphatidylinositol 4-kinase	yes	
PF3D7_0419900	PPRFG01_0417200	Plasmodium praefalciparum strain G01	phosphatidylinositol 4-kinase, putative	yes	
PF3D7_0419900	PRCDC_0417400	Plasmodium reichenowi CDC	phosphatidylinositol 4-kinase, putative	yes	
PF3D7_0419900	PRELSG_0515200	Plasmodium relictum SGS1-like	phosphatidylinositol 4-kinase, putative	yes	
PF3D7_0419900	PRG01_0424600	Plasmodium reichenowi G01	phosphatidylinositol 4-kinase, putative	yes	
PF3D7_0419900	PVL_050023200	Plasmodium vivax-like Pvl01	phosphatidylinositol 4-kinase, putative	yes	
PF3D7_0419900	PVP01_0529300	Plasmodium vivax P01	phosphatidylinositol 4-kinase, putative	yes	
PF3D7_0419900	PVX_090085	Plasmodium vivax Sal-1	phosphatidylinositol 4-kinase, putative	yes	
PF3D7_0419900	PY06820	Plasmodium yoelii yoelii 17XNL	hypothetical protein	yes	
PF3D7_0419900	PY17X_0722000	Plasmodium yoelii yoelii 17X	phosphatidylinositol 4-kinase, putative	yes	
PF3D7_0419900	PYYM_0722000	Plasmodium yoelii yoelii YM	phosphatidylinositol 4-kinase, putative	yes	
PF3D7_0419900	PcyM_0530000	Plasmodium cynomolgi strain M	phosphatidylinositol 4-kinase, putative	yes	
PF3D7_0419900	Pf7G8_040024800	Plasmodium falciparum 7G8	phosphatidylinositol 4-kinase, putative	yes	
PF3D7_0419900	PfCD01_040025400	Plasmodium falciparum CD01	phosphatidylinositol 4-kinase, putative	yes	
PF3D7_0419900	PfDd2_040025100	Plasmodium falciparum Dd2	phosphatidylinositol 4-kinase, putative	yes	
PF3D7_0419900	PfGA01_040024400	Plasmodium falciparum GA01	phosphatidylinositol 4-kinase, putative	yes	
PF3D7_0419900	PfGB4_040025200	Plasmodium falciparum GB4	phosphatidylinositol 4-kinase, putative	yes	
PF3D7_0419900	PfGN01_040025300	Plasmodium falciparum GN01	phosphatidylinositol 4-kinase, putative	yes	
PF3D7_0419900	PfHB3_040023900	Plasmodium falciparum HB3	phosphatidylinositol 4-kinase, putative	yes	
PF3D7_0419900	PfIT_040024300	Plasmodium falciparum IT	phosphatidylinositol 4-kinase, putative	yes	
PF3D7_0419900	PfKE01_040026800	Plasmodium falciparum KE01	phosphatidylinositol 4-kinase, putative	yes	
PF3D7_0419900	PfKH01_040025300	Plasmodium falciparum KH01	phosphatidylinositol 4-kinase, putative	yes	
PF3D7_0419900	PfKH02_040024900	Plasmodium falciparum KH02	phosphatidylinositol 4-kinase, putative	yes	
PF3D7_0419900	PfML01_040026000	Plasmodium falciparum ML01	phosphatidylinositol 4-kinase, putative	yes	
PF3D7_0419900	PfML01_040026300	Plasmodium falciparum ML01	hypothetical protein	yes	
PF3D7_0419900	PfML01_040026400	Plasmodium falciparum ML01	Phosphatidylinositol 3- and 4-kinase, putative	yes	
PF3D7_0419900	PfSD01_070035900	Plasmodium falciparum SD01	phosphatidylinositol 4-kinase, putative	yes	
PF3D7_0419900	PfSN01_040024700	Plasmodium falciparum SN01	phosphatidylinositol 4-kinase, putative	yes	
PF3D7_0419900	PfTG01_040025300	Plasmodium falciparum TG01	phosphatidylinositol 4-kinase, putative	yes	
PF3D7_0419900	PmUG01_05037400	Plasmodium malariae UG01	phosphatidylinositol 4-kinase, putative	yes	
PF3D7_0419900	PocGH01_05031100	Plasmodium ovale curtisi GH01	phosphatidylinositol 4-kinase, putative	yes	
PF3D7_0419900	YYE_04192	Plasmodium vinckei vinckei strain vinckei	hypothetical protein	yes	
PF3D7_0419900	YYG_04068	Plasmodium vinckei petteri strain CR	hypothetical protein	yes	
PF3D7_0419900	PGSY75_0003700A	Plasmodium gaboni strain SY75	putative phosphatidylinositol 4-kinase	no	
PF3D7_0419900	PGSY75_0003700B	Plasmodium gaboni strain SY75	putative phosphatidylinositol 4-kinase	no	
PF3D7_0419900	PGSY75_0003700C	Plasmodium gaboni strain SY75	putative phosphatidylinositol 4-kinase	no	
PF3D7_0419900	PVL_000024400	Plasmodium vivax-like Pvl01	phosphatidylinositol 4-kinase, putative	no	
Table: piggyBac insertion mutagenesis
[Score]	[Score Type]	
0.12	mutagenesis index score	
-3.011	mutant fitness score	
Table: Signal Peptide
[NN Conclusion Score]	[NN D-Score]	[HMM Signal Probabability]	[Start Min]	[End Max]	[Signal Peptide]	[Transcript ID]	
Table: Transmembrane Domains
[Start Min]	[End Max]	[Sequence]	[Topology]	[Transcript ID]	
214	236	NVVSFYLSYINILLSFLIYVYKF	2	PF3D7_0419900.1	
246	265	IEFIHISKYIIYIILLFNHI	2	PF3D7_0419900.1	
564	586	LNYYNINNLLFLKLLNMCELLLI	2	PF3D7_0419900.1	
646	668	YISYRIFFLFEFYFNIIVYILNV	2	PF3D7_0419900.1	
758	775	NYIFINNLTALIMHFFFF	2	PF3D7_0419900.1	
1840	1862	IYSIYFVLINIMNFNKMIRNYLY	2	PF3D7_0419900.1	
1923	1942	IIYKVNLYVTINYLLYFKIL	2	PF3D7_0419900.1	
1947	1964	LYLYLYSYFYYEFYIYSF	2	PF3D7_0419900.1	
2254	2273	YINIITFVICIFLSTNINNL	2	PF3D7_0419900.1	
2283	2305	IYFISKIIKKNFKFYFFYFYYNI	2	PF3D7_0419900.1	
2349	2371	VLYTLSCILSVYNFHYALFNYYF	2	PF3D7_0419900.1	
2522	2544	MYVKYINNTILLYIFVNYLIYIY	2	PF3D7_0419900.1	
2587	2609	VYLLNISYLCNYIIIVLDFFFIF	2	PF3D7_0419900.1	
2827	2849	IYYLFICFNDINNIILFLNLYIN	2	PF3D7_0419900.1	
2880	2899	NYNFICILYLCLIYIYNYIV	2	PF3D7_0419900.1	
4117	4139	LYSHPQYTLFLKTIAINNLLYLY	2	PF3D7_0419900.1	
4160	4182	LGNRIFFFIIFFSFHSFQFLYQF	2	PF3D7_0419900.1	
Table: GO Terms
[Transcript ID(s)]	[Ontology]	[GO ID]	[Is Not]	[GO Term Name]	[Source]	[Evidence Code]	[Reference]	[Support for Evidence Code Assignment]	[sort_key]	
PF3D7_0419900.1	Cellular Component	GO:0016021	null	integral component of membrane	GeneDB	ISM	PMID:11152613	CBS:TMHMM	CGO:0016021	
PF3D7_0419900.1	Molecular Function	GO:0016301	null	kinase activity	GeneDB	IEA	GO_REF:0000002	InterPro:IPR018936	MGO:0016301	
PF3D7_0419900.1	Biological Process	GO:0046488	null	phosphatidylinositol metabolic process	GeneDB	ISM	GO_REF:0000011	InterPro:IPR000403	BGO:0046488	
PF3D7_0419900.1	Molecular Function	GO:0052742	null	phosphatidylinositol kinase activity	GeneDB	ISM	GO_REF:0000011	InterPro:IPR015433	MGO:0052742	
Table: Notes from Annotator
[Transcript ID(s)]	[Date]	[Note]	
Table: Proteins Properties and Features
[Transcript ID]	[Isoelectric Point]	[Molecular Weight]	[Has SignalP]	[Has TMHMM]	[lc_project_id]	[organismAbbrev]	[Protein Length]	[pbrowseImgUrlPrefix]	[Protein Features]	[prot_info]	[JBrowse ProtProps]	[JBrowse P Jbrowse]	
PF3D7_0419900.1	9.92	611661	no	yes	plasmodb	pfal3D7	5035	/cgi-bin/gbrowse_img/plasmodbaa/	/cgi-bin/gbrowse_img/plasmodbaa/?name=PF3D7_0419900.1;l=InterproDomains%1ESignalP%1ETMHMM%1EExportPred%1EHydropathyPlot%1EBLASTP%1ELowComplexity%1ESecondaryStructure;hmap=protein_properties_PF3D7_0419900.1;genepage=1	PF3D7_0419900.1-p1%3A1..5035	/a/jbrowse/index.html?data=/a/service/jbrowse/proteinPropertyTracks/pfal3D7%2Faa&loc=PF3D7_0419900.1-p1%3A1..5035&tracks=refseq%2CInterproDomains%2CTMHMM%2CSignalP%2CExportPred%2CHydropathy%2CBLASTP%2CLowComplexity%2CSecondaryStructureHelix%2CSecondaryStructureStrand%2CSecondaryStructureCoil&highlight=	/a/jbrowse.jsp?loc=PF3D7_0419900.1-p1%3A1..5035&data=/a/service/jbrowse/tracks/pfal3D7%2Faa&tracks=refseq%2CInterproDomains%2CTMHMM%2CSignalP%2CExportPred%2CHydropathy%2CBLASTP%2CLowComplexity%2CSecondaryStructureHelix%2CSecondaryStructureStrand%2CSecondaryStructureCoil&highlight=	

------------------------------------------------------------

