Gene ID: PVP01_0921900
Chromosome: 9
Product Description: tyrosine kinase-like protein, putative

Table: Names, Previous Identifiers, and Aliases
[Name/ID/Alias]	[Type]	
A0A1G4GXJ2	alternate ID	
A0A1G4HD20	alternate ID	
A0A564ZUR1	alternate ID	
UPI000909F1F8	alternate ID	
VUZ95880.1	alternate ID	
Table: Orthologs and Paralogs within VEuPathDB
[Gene ID]	[Ortholog]	[Organism]	[Product]	[is syntenic]	
PVP01_0921900	AK88_02681	Plasmodium fragile strain nilgiri	TKL protein kinase	yes	
PVP01_0921900	HEP_00212600	Hepatocystis sp. ex Piliocolobus tephrosceles 2019	tyrosine kinase-like protein, putative	yes	
PVP01_0921900	PADL01_1119400	Plasmodium adleri G01	tyrosine kinase-like protein	yes	
PVP01_0921900	PBANKA_0927000	Plasmodium berghei ANKA	tyrosine kinase-like protein, putative	yes	
PVP01_0921900	PBILCG01_1118400	Plasmodium billcollinsi G01	tyrosine kinase-like protein, putative	yes	
PVP01_0921900	PBLACG01_1119000	Plasmodium blacklocki G01	tyrosine kinase-like protein	yes	
PVP01_0921900	PCHAS_0917300	Plasmodium chabaudi chabaudi	tyrosine kinase-like protein, putative	yes	
PVP01_0921900	PCOAH_00025290	Plasmodium coatneyi Hackeri	Protein kinase	yes	
PVP01_0921900	PCYB_092730	Plasmodium cynomolgi strain B	protein kinase domain containing protein	yes	
PVP01_0921900	PF3D7_1121300	Plasmodium falciparum 3D7	tyrosine kinase-like protein	yes	
PVP01_0921900	PGABG01_1119100	Plasmodium gaboni strain G01	tyrosine kinase-like protein	yes	
PVP01_0921900	PGAL8A_00347900	Plasmodium gallinaceum 8A	tyrosine kinase-like protein, putative	yes	
PVP01_0921900	PGSY75_1121300	Plasmodium gaboni strain SY75	tyrosine kinase-like protein	yes	
PVP01_0921900	PKA1H_090024800	Plasmodium knowlesi strain A1H1	tyrosine kinase-like protein, putative	yes	
PVP01_0921900	PKNH_0919000	Plasmodium knowlesi strain H	tyrosine kinase-like protein, putative	yes	
PVP01_0921900	PKNOH_S120137800	Plasmodium knowlesi strain Malayan Strain Pk1 A	putative Protein kinase	yes	
PVP01_0921900	PPRFG01_1122000	Plasmodium praefalciparum strain G01	tyrosine kinase-like protein	yes	
PVP01_0921900	PRCDC_1119700	Plasmodium reichenowi CDC	tyrosine kinase-like protein, putative	yes	
PVP01_0921900	PRELSG_0918100	Plasmodium relictum SGS1-like	tyrosine kinase-like protein, putative	yes	
PVP01_0921900	PRG01_1118500	Plasmodium reichenowi G01	tyrosine kinase-like protein	yes	
PVP01_0921900	PVBDA_0901910	Plasmodium vinckei brucechwatti DA	Protein kinase domain-containing protein [Source:UniProtKB/TrEMBL;Acc:A0A6V7S6D3]	yes	
PVP01_0921900	PVLDE_0901890	Plasmodium vinckei lentum DE	Protein kinase domain-containing protein [Source:UniProtKB/TrEMBL;Acc:A0A6V7S3X0]	yes	
PVP01_0921900	PVL_090016300	Plasmodium vivax-like Pvl01	tyrosine kinase-like protein, putative	yes	
PVP01_0921900	PVPCR_0901890	Plasmodium vinckei petteri CR 2020	Protein kinase domain-containing protein [Source:UniProtKB/TrEMBL;Acc:W7B4K4]	yes	
PVP01_0921900	PVSEL_0901880	Plasmodium vinckei Cameroon EL	Protein kinase domain-containing protein [Source:UniProtKB/TrEMBL;Acc:A0A6V7SY83]	yes	
PVP01_0921900	PVVCY_0901930	Plasmodium vinckei vinckei CY	Protein kinase domain-containing protein [Source:UniProtKB/TrEMBL;Acc:A0A449BSL1]	yes	
PVP01_0921900	PVX_091685	Plasmodium vivax Sal-1	tyrosine kinase-like protein, putative	yes	
PVP01_0921900	PY07273	Plasmodium yoelii yoelii 17XNL	receptor protein kinase, putative, 5' partial-related	yes	
PVP01_0921900	PY17X_0929000	Plasmodium yoelii yoelii 17X	tyrosine kinase-like protein, putative	yes	
PVP01_0921900	PYYM_0928400	Plasmodium yoelii yoelii YM	tyrosine kinase-like protein, putative	yes	
PVP01_0921900	PcyM_0924300	Plasmodium cynomolgi strain M	tyrosine kinase-like protein, putative	yes	
PVP01_0921900	Pf7G8_110024900	Plasmodium falciparum 7G8	tyrosine kinase-like protein	yes	
PVP01_0921900	PfCD01_110026700	Plasmodium falciparum CD01	tyrosine kinase-like protein	yes	
PVP01_0921900	PfDd2_110024300	Plasmodium falciparum Dd2	tyrosine kinase-like protein	yes	
PVP01_0921900	PfGA01_110025500	Plasmodium falciparum GA01	tyrosine kinase-like protein	yes	
PVP01_0921900	PfGB4_110027800	Plasmodium falciparum GB4	tyrosine kinase-like protein	yes	
PVP01_0921900	PfGN01_110025800	Plasmodium falciparum GN01	tyrosine kinase-like protein	yes	
PVP01_0921900	PfHB3_110024500	Plasmodium falciparum HB3	tyrosine kinase-like protein	yes	
PVP01_0921900	PfIT_110025600	Plasmodium falciparum IT	tyrosine kinase-like protein	yes	
PVP01_0921900	PfKE01_110025800	Plasmodium falciparum KE01	tyrosine kinase-like protein	yes	
PVP01_0921900	PfKH01_110025400	Plasmodium falciparum KH01	tyrosine kinase-like protein	yes	
PVP01_0921900	PfKH02_110026300	Plasmodium falciparum KH02	tyrosine kinase-like protein	yes	
PVP01_0921900	PfML01_110026100	Plasmodium falciparum ML01	tyrosine kinase-like protein	yes	
PVP01_0921900	PfSD01_110023900	Plasmodium falciparum SD01	tyrosine kinase-like protein	yes	
PVP01_0921900	PfSN01_110024400	Plasmodium falciparum SN01	tyrosine kinase-like protein	yes	
PVP01_0921900	PfTG01_110025700	Plasmodium falciparum TG01	tyrosine kinase-like protein	yes	
PVP01_0921900	PmUG01_09030500	Plasmodium malariae UG01	tyrosine kinase-like protein, putative	yes	
PVP01_0921900	PocGH01_09027500	Plasmodium ovale curtisi GH01	tyrosine kinase-like protein, putative	yes	
PVP01_0921900	YYE_02881	Plasmodium vinckei vinckei strain vinckei	TKL protein kinase	yes	
PVP01_0921900	YYG_01821	Plasmodium vinckei petteri strain CR	TKL protein kinase	yes	
PVP01_0921900	HEP_00230700	Hepatocystis sp. ex Piliocolobus tephrosceles 2019	hypothetical protein	no	
PVP01_0921900	HEP_00493400	Hepatocystis sp. ex Piliocolobus tephrosceles 2019	hypothetical protein	no	
PVP01_0921900	PY06791	Plasmodium yoelii yoelii 17XNL	hypothetical protein	no	
Table: piggyBac insertion mutagenesis
[Score]	[Score Type]	
Table: Signal Peptide
[NN Conclusion Score]	[NN D-Score]	[HMM Signal Probabability]	[Start Min]	[End Max]	[Signal Peptide]	[Transcript ID]	
Table: Transmembrane Domains
[Start Min]	[End Max]	[Sequence]	[Topology]	[Transcript ID]	
Table: GO Terms
[Ontology]	[GO ID]	[Is Not]	[GO Term Name]	[Source]	[Evidence Code]	[Reference]	[Support for Evidence Code Assignment]	[sort_key]	[Transcript ID(s)]	
Molecular Function	GO:0004672	null	protein kinase activity	GeneDB	IEA	GO_REF:0000002	InterPro:IPR008271	MGO:0004672	PVP01_0921900.1	
Molecular Function	GO:0004672	null	protein kinase activity	gouniprot	IEA	null	null	MGO:0004672	PVP01_0921900.1	
Molecular Function	GO:0005524	null	ATP binding	GeneDB	IEA	GO_REF:0000002	InterPro:IPR000719	MGO:0005524	PVP01_0921900.1	
Molecular Function	GO:0005524	null	ATP binding	gouniprot	IEA	null	null	MGO:0005524	PVP01_0921900.1	
Biological Process	GO:0006468	null	protein phosphorylation	GeneDB	IEA	GO_REF:0000002	InterPro:IPR008271	BGO:0006468	PVP01_0921900.1	
Biological Process	GO:0006468	null	protein phosphorylation	interpro2go	IEA	null	null	BGO:0006468	PVP01_0921900.1	
Table: Gene Location
[Sequence Level]	[Genomic Sequence]	[lc_project_id]	[Location]	[organismAbbrev]	[start]	[end]	[is_reversed]	[start_context]	[end_context]	
chromosome	PvP01_09_v2	plasmodb	945534 - 953981 (-)	pvivP01	945534	953981	-	940534	958981	
Table: Notes from Annotator
[Date]	[Note]	[Transcript ID(s)]	
Table: Proteins Properties and Features
[Transcript ID]	[Isoelectric Point]	[Molecular Weight]	[Has SignalP]	[Has TMHMM]	[lc_project_id]	[organismAbbrev]	[Protein Length]	[pbrowseImgUrlPrefix]	[Protein Features]	[prot_info]	[JBrowse ProtProps]	[JBrowse P Jbrowse]	
PVP01_0921900.1	8.59	172892	no	no	plasmodb	pvivP01	1542	/cgi-bin/gbrowse_img/plasmodbaa/	/cgi-bin/gbrowse_img/plasmodbaa/?name=PVP01_0921900.1;l=InterproDomains%1ESignalP%1ETMHMM%1EExportPred%1EHydropathyPlot%1ELowComplexity%1ESecondaryStructure;hmap=protein_properties_PVP01_0921900.1;genepage=1	PVP01_0921900.1-p1%3A1..1542	/a/jbrowse/index.html?data=/plasmo/service/jbrowse/proteinPropertyTracks/pvivP01%2Faa&loc=PVP01_0921900.1-p1%3A1..1542&tracks=refseq%2CInterproDomains%2CTMHMM%2CSignalP%2CExportPred%2CHydropathy%2CLowComplexity%2CSecondaryStructureHelix%2CSecondaryStructureStrand%2CSecondaryStructureCoil&highlight=	/plasmo/app/jbrowse?loc=PVP01_0921900.1-p1%3A1..1542&data=/plasmo/service/jbrowse/tracks/pvivP01%2Faa&tracks=refseq%2CInterproDomains%2CTMHMM%2CSignalP%2CExportPred%2CHydropathy%2CLowComplexity%2CSecondaryStructureHelix%2CSecondaryStructureStrand%2CSecondaryStructureCoil&highlight=	

------------------------------------------------------------

