Gene ID: PVX_089505
Chromosome: 5
Product Description: 14-3-3 protein, putative

Table: Names, Previous Identifiers, and Aliases
[Name/ID/Alias]	[Type]	
A0A1G4H8U4	alternate ID	
UPI00000786AD	alternate ID	
Pv089505	previous ID	
Table: Orthologs and Paralogs within VEuPathDB
[Gene ID]	[Ortholog]	[Organism]	[Product]	[is syntenic]	
PVX_089505	AK88_01244	Plasmodium fragile strain nilgiri	14-3-3 family protein	yes	
PVX_089505	C922_02585	Plasmodium inui San Antonio 1	14-3-3 family protein	yes	
PVX_089505	HEP_00363100	Hepatocystis sp. ex Piliocolobus tephrosceles 2019	14-3-3 protein	yes	
PVX_089505	PADL01_0817400	Plasmodium adleri G01	14-3-3 protein	yes	
PVX_089505	PBANKA_0712600	Plasmodium berghei ANKA	14-3-3 protein	yes	
PVX_089505	PBILCG01_0002500	Plasmodium billcollinsi G01	14-3-3 protein	yes	
PVX_089505	PBLACG01_0818100	Plasmodium blacklocki G01	14-3-3 protein	yes	
PVX_089505	PCHAS_0721700	Plasmodium chabaudi chabaudi	14-3-3 protein, putative	yes	
PVX_089505	PCOAH_00011230	Plasmodium coatneyi Hackeri	14-3-3 family protein	yes	
PVX_089505	PCYB_052350	Plasmodium cynomolgi strain B	suppressor of Ras1 3-9	yes	
PVX_089505	PF3D7_0818200	Plasmodium falciparum 3D7	14-3-3 protein	yes	
PVX_089505	PGABG01_0818200	Plasmodium gaboni strain G01	14-3-3 protein	yes	
PVX_089505	PGAL8A_00111200	Plasmodium gallinaceum 8A	14-3-3 protein, putative	yes	
PVX_089505	PGSY75_0818200	Plasmodium gaboni strain SY75	14-3-3 protein	yes	
PVX_089505	PKA1H_050007000	Plasmodium knowlesi strain A1H1	14-3-3 protein, putative	yes	
PVX_089505	PKNH_0501800	Plasmodium knowlesi strain H	14-3-3 protein, putative	yes	
PVX_089505	PKNOH_S04354000	Plasmodium knowlesi strain Malayan Strain Pk1 A	14-3-3 protein	yes	
PVX_089505	PPRFG01_0819700	Plasmodium praefalciparum strain G01	14-3-3 protein	yes	
PVX_089505	PRCDC_0817500	Plasmodium reichenowi CDC	14-3-3 protein, putative	yes	
PVX_089505	PRELSG_0505800	Plasmodium relictum SGS1-like	14-3-3 protein, putative	yes	
PVX_089505	PRG01_0821100	Plasmodium reichenowi G01	14-3-3 protein	yes	
PVX_089505	PVBDA_0701310	Plasmodium vinckei brucechwatti DA	14_3_3 domain-containing protein [Source:UniProtKB/TrEMBL;Acc:A0A6V7RZX0]	yes	
PVX_089505	PVLDE_0702380	Plasmodium vinckei lentum DE	14_3_3 domain-containing protein [Source:UniProtKB/TrEMBL;Acc:A0A6V7S0G8]	yes	
PVX_089505	PVL_050016000	Plasmodium vivax-like Pvl01	14-3-3 protein, putative	yes	
PVX_089505	PVP01_0517100	Plasmodium vivax P01	14-3-3 protein, putative	yes	
PVX_089505	PVPCR_0701360	Plasmodium vinckei petteri CR 2020	14_3_3 domain-containing protein [Source:UniProtKB/TrEMBL;Acc:W7ABK6]	yes	
PVX_089505	PVSEL_0701420	Plasmodium vinckei Cameroon EL	14_3_3 domain-containing protein [Source:UniProtKB/TrEMBL;Acc:A0A6V7SQG3]	yes	
PVX_089505	PVVCY_0701240	Plasmodium vinckei vinckei CY	14_3_3 domain-containing protein [Source:UniProtKB/TrEMBL;Acc:A0A081IAX8]	yes	
PVX_089505	PY01841	Plasmodium yoelii yoelii 17XNL	14-3-3 protein	yes	
PVX_089505	PY17X_0712800	Plasmodium yoelii yoelii 17X	14-3-3 protein, putative	yes	
PVX_089505	PYYM_0712700	Plasmodium yoelii yoelii YM	14-3-3 protein, putative	yes	
PVX_089505	PcyM_0516800	Plasmodium cynomolgi strain M	14-3-3 protein, putative	yes	
PVX_089505	Pf7G8_080023300	Plasmodium falciparum 7G8	14-3-3 protein	yes	
PVX_089505	PfCD01_080023800	Plasmodium falciparum CD01	14-3-3 protein	yes	
PVX_089505	PfDd2_080023400	Plasmodium falciparum Dd2	14-3-3 protein	yes	
PVX_089505	PfGA01_080021900	Plasmodium falciparum GA01	14-3-3 protein	yes	
PVX_089505	PfGB4_080023000	Plasmodium falciparum GB4	14-3-3 protein	yes	
PVX_089505	PfGN01_080023900	Plasmodium falciparum GN01	14-3-3 protein	yes	
PVX_089505	PfHB3_080023700	Plasmodium falciparum HB3	14-3-3 protein	yes	
PVX_089505	PfIT_080023200	Plasmodium falciparum IT	14-3-3 protein	yes	
PVX_089505	PfKE01_080023800	Plasmodium falciparum KE01	14-3-3 protein	yes	
PVX_089505	PfKH01_080023300	Plasmodium falciparum KH01	14-3-3 protein	yes	
PVX_089505	PfKH02_080023800	Plasmodium falciparum KH02	14-3-3 protein	yes	
PVX_089505	PfML01_080023800	Plasmodium falciparum ML01	14-3-3 protein	yes	
PVX_089505	PfSD01_080023600	Plasmodium falciparum SD01	14-3-3 protein	yes	
PVX_089505	PfSN01_080022800	Plasmodium falciparum SN01	14-3-3 protein	yes	
PVX_089505	PfTG01_080024100	Plasmodium falciparum TG01	14-3-3 protein	yes	
PVX_089505	PmUG01_05033000	Plasmodium malariae UG01	14-3-3 protein, putative	yes	
PVX_089505	PocGH01_05022700	Plasmodium ovale curtisi GH01	14-3-3 protein, putative	yes	
PVX_089505	YYE_04282	Plasmodium vinckei vinckei strain vinckei	14-3-3 family protein	yes	
PVX_089505	YYG_04160	Plasmodium vinckei petteri strain CR	14-3-3 family protein	yes	
PVX_089505	PY05990	Plasmodium yoelii yoelii 17XNL	14-3-3 protein	no	
Table: piggyBac insertion mutagenesis
[Score]	[Score Type]	
Table: Signal Peptide
[NN Conclusion Score]	[NN D-Score]	[HMM Signal Probabability]	[Start Min]	[End Max]	[Signal Peptide]	[Transcript ID]	
Table: Transmembrane Domains
[Start Min]	[End Max]	[Sequence]	[Topology]	[Transcript ID]	
Table: GO Terms
[Ontology]	[GO ID]	[Is Not]	[GO Term Name]	[Source]	[Evidence Code]	[Reference]	[Support for Evidence Code Assignment]	[sort_key]	[Transcript ID(s)]	
Molecular Function	GO:0019904	null	protein domain specific binding	GeneDB_Pvivax	IEA	GO_REF:0000001	null	MGO:0019904	PVX_089505.1	
Table: Gene Location
[Sequence Level]	[Genomic Sequence]	[lc_project_id]	[Location]	[organismAbbrev]	[start]	[end]	[is_reversed]	[start_context]	[end_context]	
chromosome	Pv_Sal1_chr05	plasmodb	615553 - 617552 (-)	pvivSal1	615553	617552	-	610553	622552	
Table: Notes from Annotator
[Date]	[Note]	[Transcript ID(s)]	
Table: Proteins Properties and Features
[Transcript ID]	[Isoelectric Point]	[Molecular Weight]	[Has SignalP]	[Has TMHMM]	[lc_project_id]	[organismAbbrev]	[Protein Length]	[pbrowseImgUrlPrefix]	[Protein Features]	[prot_info]	[JBrowse ProtProps]	[JBrowse P Jbrowse]	
PVX_089505.1	4.56	30221	no	no	plasmodb	pvivSal1	262	/cgi-bin/gbrowse_img/plasmodbaa/	/cgi-bin/gbrowse_img/plasmodbaa/?name=PVX_089505.1;l=InterproDomains%1ESignalP%1ETMHMM%1EExportPred%1EHydropathyPlot%1ELowComplexity%1ESecondaryStructure;hmap=protein_properties_PVX_089505.1;genepage=1	PVX_089505.1-p1%3A1..262	/a/jbrowse/index.html?data=/plasmo/service/jbrowse/proteinPropertyTracks/pvivSal1%2Faa&loc=PVX_089505.1-p1%3A1..262&tracks=refseq%2CInterproDomains%2CTMHMM%2CSignalP%2CExportPred%2CHydropathy%2CLowComplexity%2CSecondaryStructureHelix%2CSecondaryStructureStrand%2CSecondaryStructureCoil&highlight=	/plasmo/app/jbrowse?loc=PVX_089505.1-p1%3A1..262&data=/plasmo/service/jbrowse/tracks/pvivSal1%2Faa&tracks=refseq%2CInterproDomains%2CTMHMM%2CSignalP%2CExportPred%2CHydropathy%2CLowComplexity%2CSecondaryStructureHelix%2CSecondaryStructureStrand%2CSecondaryStructureCoil&highlight=	

------------------------------------------------------------

