Gene ID: PVX_094600
Chromosome: 8
Product Description: hypothetical protein, conserved

Table: Names, Previous Identifiers, and Aliases
[Name/ID/Alias]	[Type]	
A0A1G4GW29	alternate ID	
A0A1G4HBE8	alternate ID	
A0A564ZTC6	alternate ID	
A5K7A2	alternate ID	
EDL44661.1	alternate ID	
UPI000153E5D6	alternate ID	
XP_001614388.1	alternate ID	
Pv094600	previous ID	
Table: Orthologs and Paralogs within VEuPathDB
[Gene ID]	[Ortholog]	[Organism]	[Product]	[is syntenic]	
PVX_094600	AK88_02582	Plasmodium fragile strain nilgiri	hypothetical protein	yes	
PVX_094600	C922_02195	Plasmodium inui San Antonio 1	DNA (cytosine-5-)-methyltransferase	yes	
PVX_094600	PBLACG01_1006200	Plasmodium blacklocki G01	conserved Plasmodium protein, unknown function	yes	
PVX_094600	PCOAH_00022710	Plasmodium coatneyi Hackeri	Uncharacterized protein	yes	
PVX_094600	PCYB_081740	Plasmodium cynomolgi strain B	hypothetical protein	yes	
PVX_094600	PF3D7_1008100	Plasmodium falciparum 3D7	PHD finger protein PHD1	yes	
PVX_094600	PGABG01_1006100	Plasmodium gaboni strain G01	conserved Plasmodium protein, unknown function	yes	
PVX_094600	PGSY75_1008100	Plasmodium gaboni strain SY75	hypothetical protein	yes	
PVX_094600	PKA1H_080011900	Plasmodium knowlesi strain A1H1	conserved Plasmodium protein, unknown function	yes	
PVX_094600	PKNH_0807100	Plasmodium knowlesi strain H	PHD finger protein PHD1, putative	yes	
PVX_094600	PKNOH_S100034900	Plasmodium knowlesi strain Malayan Strain Pk1 A	Uncharacterized protein	yes	
PVX_094600	PPRFG01_1009300	Plasmodium praefalciparum strain G01	conserved Plasmodium protein, unknown function	yes	
PVX_094600	PRCDC_1007500	Plasmodium reichenowi CDC	PHD finger protein PHD1, putative	yes	
PVX_094600	PRG01_1006700	Plasmodium reichenowi G01	conserved Plasmodium protein, unknown function	yes	
PVX_094600	PVL_080012500	Plasmodium vivax-like Pvl01	conserved Plasmodium protein, unknown function	yes	
PVX_094600	PVP01_0807800	Plasmodium vivax P01	PHD finger protein PHD1, putative	yes	
PVX_094600	PcyM_0807700	Plasmodium cynomolgi strain M	zinc finger protein, putative	yes	
PVX_094600	Pf7G8_100012600	Plasmodium falciparum 7G8	conserved Plasmodium protein, unknown function	yes	
PVX_094600	PfCD01_100013400	Plasmodium falciparum CD01	conserved Plasmodium protein, unknown function	yes	
PVX_094600	PfDd2_100013500	Plasmodium falciparum Dd2	conserved Plasmodium protein, unknown function	yes	
PVX_094600	PfGA01_100013500	Plasmodium falciparum GA01	conserved Plasmodium protein, unknown function	yes	
PVX_094600	PfGB4_100013200	Plasmodium falciparum GB4	conserved Plasmodium protein, unknown function	yes	
PVX_094600	PfGN01_100013800	Plasmodium falciparum GN01	conserved Plasmodium protein, unknown function	yes	
PVX_094600	PfHB3_100012600	Plasmodium falciparum HB3	conserved Plasmodium protein, unknown function	yes	
PVX_094600	PfIT_100012200	Plasmodium falciparum IT	conserved Plasmodium protein, unknown function	yes	
PVX_094600	PfKE01_100013500	Plasmodium falciparum KE01	conserved Plasmodium protein, unknown function	yes	
PVX_094600	PfKH01_100012800	Plasmodium falciparum KH01	conserved Plasmodium protein, unknown function	yes	
PVX_094600	PfKH02_100013600	Plasmodium falciparum KH02	conserved Plasmodium protein, unknown function	yes	
PVX_094600	PfML01_100012500	Plasmodium falciparum ML01	conserved Plasmodium protein, unknown function	yes	
PVX_094600	PfSD01_100012900	Plasmodium falciparum SD01	conserved Plasmodium protein, unknown function	yes	
PVX_094600	PfSN01_100013600	Plasmodium falciparum SN01	conserved Plasmodium protein, unknown function	yes	
PVX_094600	PfTG01_100013400	Plasmodium falciparum TG01	conserved Plasmodium protein, unknown function	yes	
Table: piggyBac insertion mutagenesis
[Score]	[Score Type]	
Table: Signal Peptide
[NN Conclusion Score]	[NN D-Score]	[HMM Signal Probabability]	[Start Min]	[End Max]	[Signal Peptide]	[Transcript ID]	
Table: Transmembrane Domains
[Start Min]	[End Max]	[Sequence]	[Topology]	[Transcript ID]	
Table: GO Terms
[Ontology]	[GO ID]	[Is Not]	[GO Term Name]	[Source]	[Evidence Code]	[Reference]	[Support for Evidence Code Assignment]	[sort_key]	[Transcript ID(s)]	
Molecular Function	GO:0003677	null	DNA binding	GeneDB_Pvivax	IEA	GO_REF:0000001	null	MGO:0003677	PVX_094600.1	
Cellular Component	GO:0005634	null	nucleus	GeneDB_Pvivax	IEA	GO_REF:0000001	null	CGO:0005634	PVX_094600.1	
Biological Process	GO:0006355	null	regulation of transcription, DNA-templated	GeneDB_Pvivax	IEA	GO_REF:0000001	null	BGO:0006355	PVX_094600.1	
Molecular Function	GO:0008270	null	zinc ion binding	GeneDB_Pvivax	IEA	GO_REF:0000001	InterPro:IPR001965	MGO:0008270	PVX_094600.1	
Molecular Function	GO:0046872	null	metal ion binding	gouniprot	IEA	null	null	MGO:0046872	PVX_094600.1	
Table: Gene Location
[Sequence Level]	[Genomic Sequence]	[lc_project_id]	[Location]	[organismAbbrev]	[start]	[end]	[is_reversed]	[start_context]	[end_context]	
chromosome	Pv_Sal1_chr08	plasmodb	376694 - 387493 (+)	pvivSal1	376694	387493	+	371694	392493	
Table: Notes from Annotator
[Date]	[Note]	[Transcript ID(s)]	
Table: Proteins Properties and Features
[Transcript ID]	[Isoelectric Point]	[Molecular Weight]	[Has SignalP]	[Has TMHMM]	[lc_project_id]	[organismAbbrev]	[Protein Length]	[pbrowseImgUrlPrefix]	[Protein Features]	[prot_info]	[JBrowse ProtProps]	[JBrowse P Jbrowse]	
PVX_094600.1	8.74	404231	no	no	plasmodb	pvivSal1	3599	/cgi-bin/gbrowse_img/plasmodbaa/	/cgi-bin/gbrowse_img/plasmodbaa/?name=PVX_094600.1;l=InterproDomains%1ESignalP%1ETMHMM%1EExportPred%1EHydropathyPlot%1ELowComplexity%1ESecondaryStructure;hmap=protein_properties_PVX_094600.1;genepage=1	PVX_094600.1-p1%3A1..3599	/a/jbrowse/index.html?data=/plasmo/service/jbrowse/proteinPropertyTracks/pvivSal1%2Faa&loc=PVX_094600.1-p1%3A1..3599&tracks=refseq%2CInterproDomains%2CTMHMM%2CSignalP%2CExportPred%2CHydropathy%2CLowComplexity%2CSecondaryStructureHelix%2CSecondaryStructureStrand%2CSecondaryStructureCoil&highlight=	/plasmo/app/jbrowse?loc=PVX_094600.1-p1%3A1..3599&data=/plasmo/service/jbrowse/tracks/pvivSal1%2Faa&tracks=refseq%2CInterproDomains%2CTMHMM%2CSignalP%2CExportPred%2CHydropathy%2CLowComplexity%2CSecondaryStructureHelix%2CSecondaryStructureStrand%2CSecondaryStructureCoil&highlight=	

------------------------------------------------------------

