Gene ID: PVP01_1119800
Chromosome: 11
Product Description: SET domain protein, putative

Table: Names, Previous Identifiers, and Aliases
[Name/ID/Alias]	[Type]	
A0A1G4GZT6	alternate ID	
A0A1G4HF52	alternate ID	
A0A564ZX47	alternate ID	
UPI00090C86FA	alternate ID	
VUZ96944.1	alternate ID	
Table: Orthologs and Paralogs within VEuPathDB
[Gene ID]	[Ortholog]	[Organism]	[Product]	[is syntenic]	
PVP01_1119800	AK88_04531	Plasmodium fragile strain nilgiri	hypothetical protein	yes	
PVP01_1119800	PBILCG01_0630200	Plasmodium billcollinsi G01	SET domain protein, putative	yes	
PVP01_1119800	PCOAH_00033830	Plasmodium coatneyi Hackeri	SET-domain protein	yes	
PVP01_1119800	PF3D7_0629700	Plasmodium falciparum 3D7	SET domain protein, putative	yes	
PVP01_1119800	PGABG01_0628500	Plasmodium gaboni strain G01	SET domain protein, putative	yes	
PVP01_1119800	PGAL8A_00158200	Plasmodium gallinaceum 8A	SET domain protein, putative	yes	
PVP01_1119800	PGSY75_0629700	Plasmodium gaboni strain SY75	putative SET domain protein	yes	
PVP01_1119800	PKA1H_110024900	Plasmodium knowlesi strain A1H1	SET domain protein, putative	yes	
PVP01_1119800	PKNH_1119800	Plasmodium knowlesi strain H	SET domain protein, putative	yes	
PVP01_1119800	PKNOH_S130186000	Plasmodium knowlesi strain Malayan Strain Pk1 A	Histone-lysine N-methyltransferase	yes	
PVP01_1119800	PPRFG01_0628400	Plasmodium praefalciparum strain G01	SET domain protein, putative	yes	
PVP01_1119800	PRCDC_0628100	Plasmodium reichenowi CDC	SET domain protein, putative	yes	
PVP01_1119800	PRELSG_1118600	Plasmodium relictum SGS1-like	SET domain protein, putative	yes	
PVP01_1119800	PRG01_0629300	Plasmodium reichenowi G01	SET domain protein, putative	yes	
PVP01_1119800	PVX_114585	Plasmodium vivax Sal-1	SET domain containing protein	yes	
PVP01_1119800	PY02230	Plasmodium yoelii yoelii 17XNL	similar to KIAA0304 gene product-related	yes	
PVP01_1119800	Pf7G8_060034700	Plasmodium falciparum 7G8	SET domain protein, putative	yes	
PVP01_1119800	PfCD01_060035100	Plasmodium falciparum CD01	SET domain protein, putative	yes	
PVP01_1119800	PfDd2_060034400	Plasmodium falciparum Dd2	SET domain protein, putative	yes	
PVP01_1119800	PfGA01_060034700	Plasmodium falciparum GA01	SET domain protein, putative	yes	
PVP01_1119800	PfGB4_060034200	Plasmodium falciparum GB4	SET domain protein, putative	yes	
PVP01_1119800	PfGN01_060035400	Plasmodium falciparum GN01	SET domain protein, putative	yes	
PVP01_1119800	PfHB3_060033900	Plasmodium falciparum HB3	SET domain protein, putative	yes	
PVP01_1119800	PfIT_060033500	Plasmodium falciparum IT	SET domain protein, putative	yes	
PVP01_1119800	PfKE01_060035800	Plasmodium falciparum KE01	SET domain protein, putative	yes	
PVP01_1119800	PfKH01_060036700	Plasmodium falciparum KH01	SET domain protein, putative	yes	
PVP01_1119800	PfKH02_060036200	Plasmodium falciparum KH02	SET domain protein, putative	yes	
PVP01_1119800	PfML01_060033500	Plasmodium falciparum ML01	SET domain protein, putative	yes	
PVP01_1119800	PfSD01_060033600	Plasmodium falciparum SD01	SET domain protein, putative	yes	
PVP01_1119800	PfSN01_060034500	Plasmodium falciparum SN01	SET domain protein, putative	yes	
PVP01_1119800	PfTG01_060035000	Plasmodium falciparum TG01	SET domain protein, putative	yes	
PVP01_1119800	PmUG01_11033900	Plasmodium malariae UG01	SET domain protein, putative	yes	
PVP01_1119800	PocGH01_11027600	Plasmodium ovale curtisi GH01	SET domain protein, putative	yes	
Table: piggyBac insertion mutagenesis
[Score]	[Score Type]	
Table: Signal Peptide
[NN Conclusion Score]	[NN D-Score]	[HMM Signal Probabability]	[Start Min]	[End Max]	[Signal Peptide]	[Transcript ID]	
Table: Transmembrane Domains
[Start Min]	[End Max]	[Sequence]	[Topology]	[Transcript ID]	
Table: GO Terms
[Ontology]	[GO ID]	[Is Not]	[GO Term Name]	[Source]	[Evidence Code]	[Reference]	[Support for Evidence Code Assignment]	[sort_key]	[Transcript ID(s)]	
Molecular Function	GO:0005515	null	protein binding	interpro2go	IEA	null	null	MGO:0005515	PVP01_1119800.1	
Molecular Function	GO:0018024	null	histone-lysine N-methyltransferase activity	gouniprot	IEA	null	null	MGO:0018024	PVP01_1119800.1	
Molecular Function	GO:0046872	null	metal ion binding	gouniprot	IEA	null	null	MGO:0046872	PVP01_1119800.1	
Table: Gene Location
[Sequence Level]	[Genomic Sequence]	[lc_project_id]	[Location]	[organismAbbrev]	[start]	[end]	[is_reversed]	[start_context]	[end_context]	
chromosome	PvP01_11_v2	plasmodb	836398 - 858710 (-)	pvivP01	836398	858710	-	831398	863710	
Table: Notes from Annotator
[Date]	[Note]	[Transcript ID(s)]	
Table: Proteins Properties and Features
[Transcript ID]	[Isoelectric Point]	[Molecular Weight]	[Has SignalP]	[Has TMHMM]	[lc_project_id]	[organismAbbrev]	[Protein Length]	[pbrowseImgUrlPrefix]	[Protein Features]	[prot_info]	[JBrowse ProtProps]	[JBrowse P Jbrowse]	
PVP01_1119800.1	9.31	743830	no	no	plasmodb	pvivP01	6605	/cgi-bin/gbrowse_img/plasmodbaa/	/cgi-bin/gbrowse_img/plasmodbaa/?name=PVP01_1119800.1;l=InterproDomains%1ESignalP%1ETMHMM%1EExportPred%1EHydropathyPlot%1ELowComplexity%1ESecondaryStructure;hmap=protein_properties_PVP01_1119800.1;genepage=1	PVP01_1119800.1-p1%3A1..6605	/a/jbrowse/index.html?data=/plasmo/service/jbrowse/proteinPropertyTracks/pvivP01%2Faa&loc=PVP01_1119800.1-p1%3A1..6605&tracks=refseq%2CInterproDomains%2CTMHMM%2CSignalP%2CExportPred%2CHydropathy%2CLowComplexity%2CSecondaryStructureHelix%2CSecondaryStructureStrand%2CSecondaryStructureCoil&highlight=	/plasmo/app/jbrowse?loc=PVP01_1119800.1-p1%3A1..6605&data=/plasmo/service/jbrowse/tracks/pvivP01%2Faa&tracks=refseq%2CInterproDomains%2CTMHMM%2CSignalP%2CExportPred%2CHydropathy%2CLowComplexity%2CSecondaryStructureHelix%2CSecondaryStructureStrand%2CSecondaryStructureCoil&highlight=	

------------------------------------------------------------

