Gene ID: PVX_002550
Chromosome: 4
Product Description: hypothetical protein, conserved

Table: Names, Previous Identifiers, and Aliases
[Name/ID/Alias]	[Type]	
A0A1G4GSI0	alternate ID	
A0A1G4H7Y7	alternate ID	
A0A564ZPP8	alternate ID	
A5KBS6	alternate ID	
EDL43122.1	alternate ID	
UPI000153EECB	alternate ID	
XP_001612849.1	alternate ID	
Pv002550	previous ID	
Table: Orthologs and Paralogs within VEuPathDB
[Gene ID]	[Ortholog]	[Organism]	[Product]	[is syntenic]	
PVX_002550	PCYB_041060	Plasmodium cynomolgi strain B	liver stage antigen 3 precursor	yes	
PVX_002550	PKA1H_040005900	Plasmodium knowlesi strain A1H1	liver stage antigen 3, putative	yes	
PVX_002550	PKNH_0400900	Plasmodium knowlesi strain H	liver stage antigen 3, putative	yes	
PVX_002550	PKNOH_S08507900	Plasmodium knowlesi strain Malayan Strain Pk1 A	putative Liver stage antigen 3	yes	
PVX_002550	C922_05315	Plasmodium inui San Antonio 1	hypothetical protein	no	
Table: piggyBac insertion mutagenesis
[Score]	[Score Type]	
Table: Signal Peptide
[NN Conclusion Score]	[NN D-Score]	[HMM Signal Probabability]	[Start Min]	[End Max]	[Signal Peptide]	[Transcript ID]	
Table: Transmembrane Domains
[Start Min]	[End Max]	[Sequence]	[Topology]	[Transcript ID]	
2720	2742	LAFGALTTSILSSCLTIFSVTYL	null	PVX_002550.1	
Table: GO Terms
[Ontology]	[GO ID]	[Is Not]	[GO Term Name]	[Source]	[Evidence Code]	[Reference]	[Support for Evidence Code Assignment]	[sort_key]	[Transcript ID(s)]	
Cellular Component	GO:0016020	null	membrane	GeneDB_Pvivax	IEA	GO_REF:0000001	null	CGO:0016020	PVX_002550.1	
Cellular Component	GO:0016021	null	integral component of membrane	gouniprot	IEA	null	null	CGO:0016021	PVX_002550.1	
Table: Gene Location
[Sequence Level]	[Genomic Sequence]	[lc_project_id]	[Location]	[organismAbbrev]	[start]	[end]	[is_reversed]	[start_context]	[end_context]	
chromosome	Pv_Sal1_chr04	plasmodb	88575 - 97392 (-)	pvivSal1	88575	97392	-	83575	102392	
Table: Notes from Annotator
[Date]	[Note]	[Transcript ID(s)]	
Table: Proteins Properties and Features
[Transcript ID]	[Isoelectric Point]	[Molecular Weight]	[Has SignalP]	[Has TMHMM]	[lc_project_id]	[organismAbbrev]	[Protein Length]	[pbrowseImgUrlPrefix]	[Protein Features]	[prot_info]	[JBrowse ProtProps]	[JBrowse P Jbrowse]	
PVX_002550.1	3.44	305276	no	yes	plasmodb	pvivSal1	2785	/cgi-bin/gbrowse_img/plasmodbaa/	/cgi-bin/gbrowse_img/plasmodbaa/?name=PVX_002550.1;l=InterproDomains%1ESignalP%1ETMHMM%1EExportPred%1EHydropathyPlot%1ELowComplexity%1ESecondaryStructure;hmap=protein_properties_PVX_002550.1;genepage=1	PVX_002550.1-p1%3A1..2785	/a/jbrowse/index.html?data=/plasmo/service/jbrowse/proteinPropertyTracks/pvivSal1%2Faa&loc=PVX_002550.1-p1%3A1..2785&tracks=refseq%2CInterproDomains%2CTMHMM%2CSignalP%2CExportPred%2CHydropathy%2CLowComplexity%2CSecondaryStructureHelix%2CSecondaryStructureStrand%2CSecondaryStructureCoil&highlight=	/plasmo/app/jbrowse?loc=PVX_002550.1-p1%3A1..2785&data=/plasmo/service/jbrowse/tracks/pvivSal1%2Faa&tracks=refseq%2CInterproDomains%2CTMHMM%2CSignalP%2CExportPred%2CHydropathy%2CLowComplexity%2CSecondaryStructureHelix%2CSecondaryStructureStrand%2CSecondaryStructureCoil&highlight=	

------------------------------------------------------------

