Gene ID: PVX_088220
Chromosome: 1
Product Description: kinesin, putative

Table: Names, Previous Identifiers, and Aliases
[Name/ID/Alias]	[Type]	
A0A564ZN85	alternate ID	
A5KAE0	alternate ID	
EDL43776.1	alternate ID	
UPI000153E9FA	alternate ID	
XP_001613503.1	alternate ID	
Pv088220	previous ID	
Table: Orthologs and Paralogs within VEuPathDB
[Gene ID]	[Ortholog]	[Organism]	[Product]	[is syntenic]	
PVX_088220	AK88_05166	Plasmodium fragile strain nilgiri	hypothetical protein	yes	
PVX_088220	C922_02924	Plasmodium inui San Antonio 1	hypothetical protein	yes	
PVX_088220	HEP_00102300	Hepatocystis sp. ex Piliocolobus tephrosceles 2019	kinesin-like protein, putative	yes	
PVX_088220	PADL01_0806100	Plasmodium adleri G01	kinesin-like protein, putative	yes	
PVX_088220	PBANKA_1224100	Plasmodium berghei ANKA	kinesin-like protein, putative	yes	
PVX_088220	PBILCG01_0807300	Plasmodium billcollinsi G01	kinesin-like protein, putative	yes	
PVX_088220	PBLACG01_0806900	Plasmodium blacklocki G01	kinesin-like protein, putative	yes	
PVX_088220	PCHAS_1224700	Plasmodium chabaudi chabaudi	kinesin-like protein, putative	yes	
PVX_088220	PCOAH_00001520	Plasmodium coatneyi Hackeri	Kinesin-like protein	yes	
PVX_088220	PCYB_012070	Plasmodium cynomolgi strain B	kinesin	yes	
PVX_088220	PF3D7_0806600	Plasmodium falciparum 3D7	kinesin-like protein, putative	yes	
PVX_088220	PGABG01_0806800	Plasmodium gaboni strain G01	kinesin-like protein, putative	yes	
PVX_088220	PGAL8A_00109100	Plasmodium gallinaceum 8A	kinesin-like protein, putative	yes	
PVX_088220	PGSY75_0806600	Plasmodium gaboni strain SY75	putative kinesin-like protein	yes	
PVX_088220	PKA1H_010017100	Plasmodium knowlesi strain A1H1	kinesin-like protein, putative	yes	
PVX_088220	PKNH_0112300	Plasmodium knowlesi strain H	kinesin-like protein, putative	yes	
PVX_088220	PKNOH_S01020700	Plasmodium knowlesi strain Malayan Strain Pk1 A	putative Kinesin-like protein	yes	
PVX_088220	PPRFG01_0807700	Plasmodium praefalciparum strain G01	kinesin-like protein, putative	yes	
PVX_088220	PRCDC_0806200	Plasmodium reichenowi CDC	kinesin-like protein, putative	yes	
PVX_088220	PRG01_0808500	Plasmodium reichenowi G01	kinesin-like protein, putative	yes	
PVX_088220	PVBDA_1202640	Plasmodium vinckei brucechwatti DA	Kinesin motor domain-containing protein [Source:UniProtKB/TrEMBL;Acc:A0A6V7SKM5]	yes	
PVX_088220	PVLDE_1202630	Plasmodium vinckei lentum DE	Kinesin motor domain-containing protein [Source:UniProtKB/TrEMBL;Acc:A0A6V7SHX0]	yes	
PVX_088220	PVL_000104700	Plasmodium vivax-like Pvl01	kinesin-like protein, putative	yes	
PVX_088220	PVP01_0113900	Plasmodium vivax P01	kinesin-like protein, putative	yes	
PVX_088220	PVPCR_1202520	Plasmodium vinckei petteri CR 2020	Kinesin motor domain-containing protein [Source:UniProtKB/TrEMBL;Acc:A0A6V7TBT9]	yes	
PVX_088220	PVSEL_1202210	Plasmodium vinckei Cameroon EL	Kinesin motor domain-containing protein [Source:UniProtKB/TrEMBL;Acc:A0A6V7T8F4]	yes	
PVX_088220	PVVCY_1202500	Plasmodium vinckei vinckei CY	Kinesin motor domain-containing protein [Source:UniProtKB/TrEMBL;Acc:A0A449BWU8]	yes	
PVX_088220	PY02867	Plasmodium yoelii yoelii 17XNL	kinesin-related protein	yes	
PVX_088220	PY17X_1227300	Plasmodium yoelii yoelii 17X	kinesin-like protein, putative	yes	
PVX_088220	PYYM_1226800	Plasmodium yoelii yoelii YM	kinesin-like protein, putative	yes	
PVX_088220	PcyM_0115400	Plasmodium cynomolgi strain M	kinesin-like protein, putative	yes	
PVX_088220	Pf7G8_080011700	Plasmodium falciparum 7G8	kinesin-like protein, putative	yes	
PVX_088220	PfCD01_080011600	Plasmodium falciparum CD01	kinesin-like protein, putative	yes	
PVX_088220	PfDd2_080011800	Plasmodium falciparum Dd2	kinesin-like protein, putative	yes	
PVX_088220	PfGA01_080010200	Plasmodium falciparum GA01	kinesin-like protein, putative	yes	
PVX_088220	PfGB4_080011200	Plasmodium falciparum GB4	kinesin-like protein, putative	yes	
PVX_088220	PfGN01_080012300	Plasmodium falciparum GN01	kinesin-like protein, putative	yes	
PVX_088220	PfHB3_080011500	Plasmodium falciparum HB3	kinesin-like protein, putative	yes	
PVX_088220	PfIT_080011700	Plasmodium falciparum IT	kinesin-like protein, putative	yes	
PVX_088220	PfKE01_080012200	Plasmodium falciparum KE01	kinesin-like protein, putative	yes	
PVX_088220	PfKH01_080010800	Plasmodium falciparum KH01	kinesin-like protein, putative	yes	
PVX_088220	PfKH02_080012000	Plasmodium falciparum KH02	kinesin-like protein, putative	yes	
PVX_088220	PfML01_080012300	Plasmodium falciparum ML01	kinesin-like protein, putative	yes	
PVX_088220	PfSD01_080012000	Plasmodium falciparum SD01	kinesin-like protein, putative	yes	
PVX_088220	PfSN01_080010700	Plasmodium falciparum SN01	kinesin-like protein, putative	yes	
PVX_088220	PfTG01_080012000	Plasmodium falciparum TG01	kinesin-like protein, putative	yes	
PVX_088220	PmUG01_01025400	Plasmodium malariae UG01	kinesin-like protein, putative	yes	
PVX_088220	PocGH01_01021600	Plasmodium ovale curtisi GH01	kinesin-like protein, putative	yes	
PVX_088220	YYE_01581	Plasmodium vinckei vinckei strain vinckei	hypothetical protein	yes	
PVX_088220	YYG_02333	Plasmodium vinckei petteri strain CR	hypothetical protein	yes	
Table: piggyBac insertion mutagenesis
[Score]	[Score Type]	
Table: Signal Peptide
[NN Conclusion Score]	[NN D-Score]	[HMM Signal Probabability]	[Start Min]	[End Max]	[Signal Peptide]	[Transcript ID]	
Table: Transmembrane Domains
[Start Min]	[End Max]	[Sequence]	[Topology]	[Transcript ID]	
Table: GO Terms
[Ontology]	[GO ID]	[Is Not]	[GO Term Name]	[Source]	[Evidence Code]	[Reference]	[Support for Evidence Code Assignment]	[sort_key]	[Transcript ID(s)]	
Molecular Function	GO:0003777	null	microtubule motor activity	GeneDB_Pvivax	IEA	GO_REF:0000001	InterPro:IPR027640	MGO:0003777	PVX_088220.1	
Molecular Function	GO:0003777	null	microtubule motor activity	gouniprot	IEA	null	null	MGO:0003777	PVX_088220.1	
Molecular Function	GO:0005524	null	ATP binding	GeneDB_Pvivax	IEA	GO_REF:0000001	null	MGO:0005524	PVX_088220.1	
Molecular Function	GO:0005524	null	ATP binding	gouniprot	IEA	null	null	MGO:0005524	PVX_088220.1	
Cellular Component	GO:0005871	null	kinesin complex	GeneDB_Pvivax	IEA	GO_REF:0000001	InterPro:IPR027640	CGO:0005871	PVX_088220.1	
Biological Process	GO:0007018	null	microtubule-based movement	GeneDB_Pvivax	IEA	GO_REF:0000001	InterPro:IPR027640	BGO:0007018	PVX_088220.1	
Biological Process	GO:0007018	null	microtubule-based movement	gouniprot	IEA	null	null	BGO:0007018	PVX_088220.1	
Molecular Function	GO:0008017	null	microtubule binding	GeneDB_Pvivax	IEA	GO_REF:0000001	InterPro:IPR001752	MGO:0008017	PVX_088220.1	
Molecular Function	GO:0008017	null	microtubule binding	gouniprot	IEA	null	null	MGO:0008017	PVX_088220.1	
Table: Gene Location
[Sequence Level]	[Genomic Sequence]	[lc_project_id]	[Location]	[organismAbbrev]	[start]	[end]	[is_reversed]	[start_context]	[end_context]	
chromosome	Pv_Sal1_chr01	plasmodb	511749 - 514964 (+)	pvivSal1	511749	514964	+	506749	519964	
Table: Notes from Annotator
[Date]	[Note]	[Transcript ID(s)]	
Table: Proteins Properties and Features
[Transcript ID]	[Isoelectric Point]	[Molecular Weight]	[Has SignalP]	[Has TMHMM]	[lc_project_id]	[organismAbbrev]	[Protein Length]	[pbrowseImgUrlPrefix]	[Protein Features]	[prot_info]	[JBrowse ProtProps]	[JBrowse P Jbrowse]	
PVX_088220.1	9.62	89151	no	no	plasmodb	pvivSal1	794	/cgi-bin/gbrowse_img/plasmodbaa/	/cgi-bin/gbrowse_img/plasmodbaa/?name=PVX_088220.1;l=InterproDomains%1ESignalP%1ETMHMM%1EExportPred%1EHydropathyPlot%1ELowComplexity%1ESecondaryStructure;hmap=protein_properties_PVX_088220.1;genepage=1	PVX_088220.1-p1%3A1..794	/a/jbrowse/index.html?data=/plasmo/service/jbrowse/proteinPropertyTracks/pvivSal1%2Faa&loc=PVX_088220.1-p1%3A1..794&tracks=refseq%2CInterproDomains%2CTMHMM%2CSignalP%2CExportPred%2CHydropathy%2CLowComplexity%2CSecondaryStructureHelix%2CSecondaryStructureStrand%2CSecondaryStructureCoil&highlight=	/plasmo/app/jbrowse?loc=PVX_088220.1-p1%3A1..794&data=/plasmo/service/jbrowse/tracks/pvivSal1%2Faa&tracks=refseq%2CInterproDomains%2CTMHMM%2CSignalP%2CExportPred%2CHydropathy%2CLowComplexity%2CSecondaryStructureHelix%2CSecondaryStructureStrand%2CSecondaryStructureCoil&highlight=	

------------------------------------------------------------

