Gene ID: PVP01_1205600
Chromosome: 12
Product Description: glutamate--tRNA ligase, putative

Table: Names, Previous Identifiers, and Aliases
[Name/ID/Alias]	[Type]	
00860+6.1.1.17	alternate ID	
00970+6.1.1.17	alternate ID	
5855.PVX_083355	alternate ID	
A0A1G4H0Y9	alternate ID	
A0A1G4HG55	alternate ID	
SCO68441.1	alternate ID	
UPI000153EA63	alternate ID	
VUZ97332.1	alternate ID	
XP_001614270.1	alternate ID	
Table: Orthologs and Paralogs within VEuPathDB
[Gene ID]	[Ortholog]	[Organism]	[Product]	[is syntenic]	
PVP01_1205600	AK88_04085	Plasmodium fragile strain nilgiri	glutamate-tRNA ligase	yes	
PVP01_1205600	C922_01981	Plasmodium inui San Antonio 1	glutamyl-tRNA synthetase	yes	
PVP01_1205600	HEP_00263600	Hepatocystis sp. ex Piliocolobus tephrosceles 2019	glutamate--tRNA ligase, putative	yes	
PVP01_1205600	PADL01_1348300	Plasmodium adleri G01	glutamate--tRNA ligase, putative	yes	
PVP01_1205600	PBANKA_1362000	Plasmodium berghei ANKA	glutamate--tRNA ligase, putative	yes	
PVP01_1205600	PBILCG01_1348800	Plasmodium billcollinsi G01	glutamate--tRNA ligase, putative	yes	
PVP01_1205600	PBLACG01_1346800	Plasmodium blacklocki G01	glutamate--tRNA ligase, putative	yes	
PVP01_1205600	PCHAS_1366600	Plasmodium chabaudi chabaudi	glutamate--tRNA ligase, putative	yes	
PVP01_1205600	PCOAH_00040950	Plasmodium coatneyi Hackeri	Glutamate-tRNA ligase	yes	
PVP01_1205600	PCYB_121450	Plasmodium cynomolgi strain B	glutamate--tRNA ligase	yes	
PVP01_1205600	PF3D7_1349200	Plasmodium falciparum 3D7	glutamate--tRNA ligase, putative	yes	
PVP01_1205600	PGABG01_1347200	Plasmodium gaboni strain G01	glutamate--tRNA ligase, putative	yes	
PVP01_1205600	PGAL8A_00260200	Plasmodium gallinaceum 8A	glutamate--tRNA ligase, putative	yes	
PVP01_1205600	PGSY75_1349200	Plasmodium gaboni strain SY75	putative glutamate--tRNA ligase	yes	
PVP01_1205600	PKA1H_120056300	Plasmodium knowlesi strain A1H1	glutamate--tRNA ligase, putative	yes	
PVP01_1205600	PKNH_1251700	Plasmodium knowlesi strain H	glutamate--tRNA ligase, putative	yes	
PVP01_1205600	PKNOH_S09547200	Plasmodium knowlesi strain Malayan Strain Pk1 A	putative Glutamate--tRNA ligase	yes	
PVP01_1205600	PPRFG01_1351100	Plasmodium praefalciparum strain G01	glutamate--tRNA ligase, putative	yes	
PVP01_1205600	PRCDC_1348200	Plasmodium reichenowi CDC	glutamate--tRNA ligase, putative	yes	
PVP01_1205600	PRELSG_1248700	Plasmodium relictum SGS1-like	glutamate--tRNA ligase, putative	yes	
PVP01_1205600	PRG01_1351700	Plasmodium reichenowi G01	glutamate--tRNA ligase, putative	yes	
PVP01_1205600	PVBDA_1306740	Plasmodium vinckei brucechwatti DA	Glutamyl-tRNA synthetase [Source:UniProtKB/TrEMBL;Acc:A0A6V7SS85]	yes	
PVP01_1205600	PVLDE_1306980	Plasmodium vinckei lentum DE	Glutamyl-tRNA synthetase [Source:UniProtKB/TrEMBL;Acc:A0A6V7SUE1]	yes	
PVP01_1205600	PVL_120008000	Plasmodium vivax-like Pvl01	glutamate--tRNA ligase, putative	yes	
PVP01_1205600	PVPCR_0500590	Plasmodium vinckei petteri CR 2020	Glutamyl-tRNA synthetase [Source:UniProtKB/TrEMBL;Acc:W7AT38]	yes	
PVP01_1205600	PVSEL_0500580	Plasmodium vinckei Cameroon EL	Glutamyl-tRNA synthetase [Source:UniProtKB/TrEMBL;Acc:A0A6V7SIH3]	yes	
PVP01_1205600	PVVCY_1306510	Plasmodium vinckei vinckei CY	Glutamyl-tRNA synthetase [Source:UniProtKB/TrEMBL;Acc:A0A449BYZ2]	yes	
PVP01_1205600	PVX_083355	Plasmodium vivax Sal-1	glutamate--tRNA ligase, putative	yes	
PVP01_1205600	PY02891	Plasmodium yoelii yoelii 17XNL	glutamyl-tRNA synthetase, putative	yes	
PVP01_1205600	PYYM_1364100	Plasmodium yoelii yoelii YM	glutamate--tRNA ligase, putative	yes	
PVP01_1205600	PcyM_1207000	Plasmodium cynomolgi strain M	glutamate--tRNA ligase, putative	yes	
PVP01_1205600	Pf7G8_130053600	Plasmodium falciparum 7G8	glutamate--tRNA ligase, putative	yes	
PVP01_1205600	PfCD01_130054800	Plasmodium falciparum CD01	glutamate--tRNA ligase, putative	yes	
PVP01_1205600	PfDd2_130055000	Plasmodium falciparum Dd2	glutamate--tRNA ligase, putative	yes	
PVP01_1205600	PfGA01_130055300	Plasmodium falciparum GA01	glutamate--tRNA ligase, putative	yes	
PVP01_1205600	PfGB4_130055100	Plasmodium falciparum GB4	glutamate--tRNA ligase, putative	yes	
PVP01_1205600	PfGN01_130055900	Plasmodium falciparum GN01	glutamate--tRNA ligase, putative	yes	
PVP01_1205600	PfHB3_130055500	Plasmodium falciparum HB3	glutamate--tRNA ligase, putative	yes	
PVP01_1205600	PfIT_130054500	Plasmodium falciparum IT	glutamate--tRNA ligase, putative	yes	
PVP01_1205600	PfKE01_130054800	Plasmodium falciparum KE01	glutamate--tRNA ligase, putative	yes	
PVP01_1205600	PfKH01_130053200	Plasmodium falciparum KH01	glutamate--tRNA ligase, putative	yes	
PVP01_1205600	PfKH02_130052100	Plasmodium falciparum KH02	glutamate--tRNA ligase, putative	yes	
PVP01_1205600	PfML01_130053300	Plasmodium falciparum ML01	glutamate--tRNA ligase, putative	yes	
PVP01_1205600	PfSD01_130055900	Plasmodium falciparum SD01	glutamate--tRNA ligase, putative	yes	
PVP01_1205600	PfSN01_130052200	Plasmodium falciparum SN01	glutamate--tRNA ligase, putative	yes	
PVP01_1205600	PfTG01_130054900	Plasmodium falciparum TG01	glutamate--tRNA ligase, putative	yes	
PVP01_1205600	PmUG01_12015700	Plasmodium malariae UG01	glutamate--tRNA ligase, putative	yes	
PVP01_1205600	PocGH01_12014000	Plasmodium ovale curtisi GH01	glutamate--tRNA ligase, putative	yes	
PVP01_1205600	YYE_00636	Plasmodium vinckei vinckei strain vinckei	glutamyl-tRNA synthetase	yes	
PVP01_1205600	YYG_03216	Plasmodium vinckei petteri strain CR	glutamyl-tRNA synthetase	yes	
PVP01_1205600	PY17X_1367700	Plasmodium yoelii yoelii 17X	glutamate--tRNA ligase, putative	yes	
Table: piggyBac insertion mutagenesis
[Score]	[Score Type]	
Table: Signal Peptide
[NN Conclusion Score]	[NN D-Score]	[HMM Signal Probabability]	[Start Min]	[End Max]	[Signal Peptide]	[Transcript ID]	
Table: Transmembrane Domains
[Start Min]	[End Max]	[Sequence]	[Topology]	[Transcript ID]	
Table: GO Terms
[Ontology]	[GO ID]	[Is Not]	[GO Term Name]	[Source]	[Evidence Code]	[Reference]	[Support for Evidence Code Assignment]	[sort_key]	[Transcript ID(s)]	
Molecular Function	GO:0000166	null	nucleotide binding	interpro2go	IEA	null	null	MGO:0000166	PVP01_1205600.1	
Molecular Function	GO:0004812	null	aminoacyl-tRNA ligase activity	interpro2go	IEA	null	null	MGO:0004812	PVP01_1205600.1	
Molecular Function	GO:0004818	null	glutamate-tRNA ligase activity	GeneDB	IEA	GO_REF:0000002	InterPro:IPR004526	MGO:0004818	PVP01_1205600.1	
Molecular Function	GO:0004818	null	glutamate-tRNA ligase activity	gouniprot	IEA	null	null	MGO:0004818	PVP01_1205600.1	
Molecular Function	GO:0005524	null	ATP binding	GeneDB	IEA	GO_REF:0000002	InterPro:IPR020058	MGO:0005524	PVP01_1205600.1	
Molecular Function	GO:0005524	null	ATP binding	gouniprot	IEA	null	null	MGO:0005524	PVP01_1205600.1	
Cellular Component	GO:0005737	null	cytoplasm	GeneDB	IEA	GO_REF:0000002	InterPro:IPR020059	CGO:0005737	PVP01_1205600.1	
Cellular Component	GO:0005737	null	cytoplasm	gouniprot	IEA	null	null	CGO:0005737	PVP01_1205600.1	
Biological Process	GO:0006412	null	translation	GeneDB	IEA	GO_REF:0000002	InterPro:IPR011035	BGO:0006412	PVP01_1205600.1	
Biological Process	GO:0006412	null	translation	interpro2go	IEA	null	null	BGO:0006412	PVP01_1205600.1	
Biological Process	GO:0006418	null	tRNA aminoacylation for protein translation	interpro2go	IEA	null	null	BGO:0006418	PVP01_1205600.1	
Biological Process	GO:0006424	null	glutamyl-tRNA aminoacylation	GeneDB	IEA	GO_REF:0000002	InterPro:IPR004526	BGO:0006424	PVP01_1205600.1	
Biological Process	GO:0006424	null	glutamyl-tRNA aminoacylation	gouniprot	IEA	null	null	BGO:0006424	PVP01_1205600.1	
Biological Process	GO:0043039	null	tRNA aminoacylation	interpro2go	IEA	null	null	BGO:0043039	PVP01_1205600.1	
Table: Gene Location
[Sequence Level]	[Genomic Sequence]	[lc_project_id]	[Location]	[organismAbbrev]	[start]	[end]	[is_reversed]	[start_context]	[end_context]	
chromosome	PvP01_12_v2	plasmodb	218804 - 222729 (+)	pvivP01	218804	222729	+	213804	227729	
Table: Notes from Annotator
[Date]	[Note]	[Transcript ID(s)]	
Table: Proteins Properties and Features
[Transcript ID]	[Isoelectric Point]	[Molecular Weight]	[Has SignalP]	[Has TMHMM]	[lc_project_id]	[organismAbbrev]	[Protein Length]	[pbrowseImgUrlPrefix]	[Protein Features]	[prot_info]	[JBrowse ProtProps]	[JBrowse P Jbrowse]	
PVP01_1205600.1	8.08	91894	no	no	plasmodb	pvivP01	787	/cgi-bin/gbrowse_img/plasmodbaa/	/cgi-bin/gbrowse_img/plasmodbaa/?name=PVP01_1205600.1;l=InterproDomains%1ESignalP%1ETMHMM%1EExportPred%1EHydropathyPlot%1ELowComplexity%1ESecondaryStructure;hmap=protein_properties_PVP01_1205600.1;genepage=1	PVP01_1205600.1-p1%3A1..787	/a/jbrowse/index.html?data=/plasmo/service/jbrowse/proteinPropertyTracks/pvivP01%2Faa&loc=PVP01_1205600.1-p1%3A1..787&tracks=refseq%2CInterproDomains%2CTMHMM%2CSignalP%2CExportPred%2CHydropathy%2CLowComplexity%2CSecondaryStructureHelix%2CSecondaryStructureStrand%2CSecondaryStructureCoil&highlight=	/plasmo/app/jbrowse?loc=PVP01_1205600.1-p1%3A1..787&data=/plasmo/service/jbrowse/tracks/pvivP01%2Faa&tracks=refseq%2CInterproDomains%2CTMHMM%2CSignalP%2CExportPred%2CHydropathy%2CLowComplexity%2CSecondaryStructureHelix%2CSecondaryStructureStrand%2CSecondaryStructureCoil&highlight=	

------------------------------------------------------------

