Gene ID: PVP01_1022500
Chromosome: 10
Product Description: RNA pseudouridylate synthase, putative

Table: Names, Previous Identifiers, and Aliases
[Name/ID/Alias]	[Type]	
A0A564ZY37	alternate ID	
UPI00090AB4E8	alternate ID	
VUZ96533.1	alternate ID	
Table: Orthologs and Paralogs within VEuPathDB
[Gene ID]	[Ortholog]	[Organism]	[Product]	[is syntenic]	
PVP01_1022500	PBILCG01_0510000	Plasmodium billcollinsi G01	RNA pseudouridylate synthase,putative	yes	
PVP01_1022500	PBILCG01_0510100	Plasmodium billcollinsi G01	RNA pseudouridylate synthase,putative	yes	
PVP01_1022500	PBLACG01_0511100	Plasmodium blacklocki G01	RNA pseudouridylate synthase, putative	yes	
PVP01_1022500	PCOAH_00030620	Plasmodium coatneyi Hackeri	Uncharacterized protein	yes	
PVP01_1022500	PCYB_103020	Plasmodium cynomolgi strain B	hypothetical protein	yes	
PVP01_1022500	PF3D7_0511500	Plasmodium falciparum 3D7	RNA pseudouridylate synthase, putative	yes	
PVP01_1022500	PKNH_1022100	Plasmodium knowlesi strain H	RNA pseudouridylate synthase, putative	yes	
PVP01_1022500	PKNOH_S07460200	Plasmodium knowlesi strain Malayan Strain Pk1 A	putative RNA pseudouridylate synthase	yes	
PVP01_1022500	PVL_100022500	Plasmodium vivax-like Pvl01	hypothetical protein	yes	
PVP01_1022500	PVX_080660	Plasmodium vivax Sal-1	RNA pseudouridylate synthase, putative	yes	
PVP01_1022500	PocGH01_10030100	Plasmodium ovale curtisi GH01	RNA pseudouridylate synthase, putative	yes	
PVP01_1022500	PVL_000006200	Plasmodium vivax-like Pvl01	RNA pseudouridylate synthase, putative	no	
PVP01_1022500	PVL_000111200	Plasmodium vivax-like Pvl01	RNA pseudouridylate synthase, putative	no	
PVP01_1022500	PY02170	Plasmodium yoelii yoelii 17XNL	sexual stage-specific protein kinase	no	
PVP01_1022500	PY02171	Plasmodium yoelii yoelii 17XNL	hypothetical protein	no	
Table: piggyBac insertion mutagenesis
[Score]	[Score Type]	
Table: Signal Peptide
[NN Conclusion Score]	[NN D-Score]	[HMM Signal Probabability]	[Start Min]	[End Max]	[Signal Peptide]	[Transcript ID]	
Table: Transmembrane Domains
[Start Min]	[End Max]	[Sequence]	[Topology]	[Transcript ID]	
Table: GO Terms
[Ontology]	[GO ID]	[Is Not]	[GO Term Name]	[Source]	[Evidence Code]	[Reference]	[Support for Evidence Code Assignment]	[sort_key]	[Transcript ID(s)]	
Biological Process	GO:0001522	null	pseudouridine synthesis	GeneDB	IEA	GO_REF:0000002	InterPro:IPR006145	BGO:0001522	PVP01_1022500.1	
Biological Process	GO:0001522	null	pseudouridine synthesis	gouniprot	IEA	null	null	BGO:0001522	PVP01_1022500.1	
Molecular Function	GO:0003723	null	RNA binding	GeneDB	IEA	GO_REF:0000002	InterPro:IPR006145	MGO:0003723	PVP01_1022500.1	
Molecular Function	GO:0003723	null	RNA binding	gouniprot	IEA	null	null	MGO:0003723	PVP01_1022500.1	
Molecular Function	GO:0005515	null	protein binding	interpro2go	IEA	null	null	MGO:0005515	PVP01_1022500.1	
Biological Process	GO:0009451	null	RNA modification	interpro2go	IEA	null	null	BGO:0009451	PVP01_1022500.1	
Molecular Function	GO:0009982	null	pseudouridine synthase activity	GeneDB	IEA	GO_REF:0000002	InterPro:IPR006145	MGO:0009982	PVP01_1022500.1	
Molecular Function	GO:0009982	null	pseudouridine synthase activity	gouniprot	IEA	null	null	MGO:0009982	PVP01_1022500.1	
Table: Gene Location
[Sequence Level]	[Genomic Sequence]	[lc_project_id]	[Location]	[organismAbbrev]	[start]	[end]	[is_reversed]	[start_context]	[end_context]	
chromosome	PvP01_10_v2	plasmodb	945048 - 979742 (-)	pvivP01	945048	979742	-	940048	984742	
Table: Notes from Annotator
[Date]	[Note]	[Transcript ID(s)]	
Table: Proteins Properties and Features
[Transcript ID]	[Isoelectric Point]	[Molecular Weight]	[Has SignalP]	[Has TMHMM]	[lc_project_id]	[organismAbbrev]	[Protein Length]	[pbrowseImgUrlPrefix]	[Protein Features]	[prot_info]	[JBrowse ProtProps]	[JBrowse P Jbrowse]	
PVP01_1022500.1	7.77	1274028	no	no	plasmodb	pvivP01	11461	/cgi-bin/gbrowse_img/plasmodbaa/	/cgi-bin/gbrowse_img/plasmodbaa/?name=PVP01_1022500.1;l=InterproDomains%1ESignalP%1ETMHMM%1EExportPred%1EHydropathyPlot%1ELowComplexity%1ESecondaryStructure;hmap=protein_properties_PVP01_1022500.1;genepage=1	PVP01_1022500.1-p1%3A1..11461	/a/jbrowse/index.html?data=/plasmo/service/jbrowse/proteinPropertyTracks/pvivP01%2Faa&loc=PVP01_1022500.1-p1%3A1..11461&tracks=refseq%2CInterproDomains%2CTMHMM%2CSignalP%2CExportPred%2CHydropathy%2CLowComplexity%2CSecondaryStructureHelix%2CSecondaryStructureStrand%2CSecondaryStructureCoil&highlight=	/plasmo/app/jbrowse?loc=PVP01_1022500.1-p1%3A1..11461&data=/plasmo/service/jbrowse/tracks/pvivP01%2Faa&tracks=refseq%2CInterproDomains%2CTMHMM%2CSignalP%2CExportPred%2CHydropathy%2CLowComplexity%2CSecondaryStructureHelix%2CSecondaryStructureStrand%2CSecondaryStructureCoil&highlight=	

------------------------------------------------------------

