Gene ID: PVP01_0947600
Chromosome: 9
Product Description: sporozoite asparagine-rich protein

Table: Names, Previous Identifiers, and Aliases
[Name/ID/Alias]	[Type]	
A0A1G4GYC0	alternate ID	
A0A1G4HDJ5	alternate ID	
A0A564ZWT7	alternate ID	
UPI00090B50D1	alternate ID	
VUZ96150.1	alternate ID	
Table: Orthologs and Paralogs within VEuPathDB
[Gene ID]	[Ortholog]	[Organism]	[Product]	[is syntenic]	
PVP01_0947600	PVX_092945	Plasmodium vivax Sal-1	sporozoite and liver stage asparagine-rich protein	yes	
PVP01_0947600	PCOAH_00025230	Plasmodium coatneyi Hackeri	Uncharacterized protein	no	
PVP01_0947600	PCYB_142290	Plasmodium cynomolgi strain B	hypothetical protein	no	
PVP01_0947600	PVBDA_0900160	Plasmodium vinckei brucechwatti DA	CIR protein PIR protein [Source:UniProtKB/TrEMBL;Acc:A0A6V7S4Q8]	no	
PVP01_0947600	YYE_03627	Plasmodium vinckei vinckei strain vinckei	hypothetical protein	no	
Table: piggyBac insertion mutagenesis
[Score]	[Score Type]	
Table: Signal Peptide
[NN Conclusion Score]	[NN D-Score]	[HMM Signal Probabability]	[Start Min]	[End Max]	[Signal Peptide]	[Transcript ID]	
Table: Transmembrane Domains
[Start Min]	[End Max]	[Sequence]	[Topology]	[Transcript ID]	
Table: GO Terms
[Ontology]	[GO ID]	[Is Not]	[GO Term Name]	[Source]	[Evidence Code]	[Reference]	[Support for Evidence Code Assignment]	[sort_key]	[Transcript ID(s)]	
Table: Gene Location
[Sequence Level]	[Genomic Sequence]	[lc_project_id]	[Location]	[organismAbbrev]	[start]	[end]	[is_reversed]	[start_context]	[end_context]	
chromosome	PvP01_09_v2	plasmodb	2074913 - 2085112 (-)	pvivP01	2074913	2085112	-	2069913	2090112	
Table: Notes from Annotator
[Date]	[Note]	[Transcript ID(s)]	
Table: Proteins Properties and Features
[Transcript ID]	[Isoelectric Point]	[Molecular Weight]	[Has SignalP]	[Has TMHMM]	[lc_project_id]	[organismAbbrev]	[Protein Length]	[pbrowseImgUrlPrefix]	[Protein Features]	[prot_info]	[JBrowse ProtProps]	[JBrowse P Jbrowse]	
PVP01_0947600.1	7.4	371095	no	no	plasmodb	pvivP01	3308	/cgi-bin/gbrowse_img/plasmodbaa/	/cgi-bin/gbrowse_img/plasmodbaa/?name=PVP01_0947600.1;l=InterproDomains%1ESignalP%1ETMHMM%1EExportPred%1EHydropathyPlot%1ELowComplexity%1ESecondaryStructure;hmap=protein_properties_PVP01_0947600.1;genepage=1	PVP01_0947600.1-p1%3A1..3308	/a/jbrowse/index.html?data=/plasmo/service/jbrowse/proteinPropertyTracks/pvivP01%2Faa&loc=PVP01_0947600.1-p1%3A1..3308&tracks=refseq%2CInterproDomains%2CTMHMM%2CSignalP%2CExportPred%2CHydropathy%2CLowComplexity%2CSecondaryStructureHelix%2CSecondaryStructureStrand%2CSecondaryStructureCoil&highlight=	/plasmo/app/jbrowse?loc=PVP01_0947600.1-p1%3A1..3308&data=/plasmo/service/jbrowse/tracks/pvivP01%2Faa&tracks=refseq%2CInterproDomains%2CTMHMM%2CSignalP%2CExportPred%2CHydropathy%2CLowComplexity%2CSecondaryStructureHelix%2CSecondaryStructureStrand%2CSecondaryStructureCoil&highlight=	

------------------------------------------------------------

