Gene ID: PVX_086135
Chromosome: 13
Product Description: hypothetical protein

Table: Names, Previous Identifiers, and Aliases
[Name/ID/Alias]	[Type]	
A0A1G4H3U9	alternate ID	
A0A1G4HJB9	alternate ID	
A0A565A230	alternate ID	
Pv086135	previous ID	
Table: Orthologs and Paralogs within VEuPathDB
[Gene ID]	[Ortholog]	[Organism]	[Product]	[is syntenic]	
PVX_086135	AK88_01805	Plasmodium fragile strain nilgiri	hypothetical protein	yes	
PVX_086135	C922_03809	Plasmodium inui San Antonio 1	hypothetical protein	yes	
PVX_086135	PCYB_135050	Plasmodium cynomolgi strain B	hypothetical protein	yes	
PVX_086135	PGAL8A_00277800	Plasmodium gallinaceum 8A	conserved Plasmodium protein, unknown function	yes	
PVX_086135	PRELSG_1344900	Plasmodium relictum SGS1-like	conserved Plasmodium protein, unknown function	yes	
PVX_086135	PVL_130031100	Plasmodium vivax-like Pvl01	hypothetical protein, conserved	yes	
PVX_086135	PVP01_1342800	Plasmodium vivax P01	conserved Plasmodium protein, unknown function	yes	
Table: piggyBac insertion mutagenesis
[Score]	[Score Type]	
Table: Signal Peptide
[NN Conclusion Score]	[NN D-Score]	[HMM Signal Probabability]	[Start Min]	[End Max]	[Signal Peptide]	[Transcript ID]	
Table: Transmembrane Domains
[Start Min]	[End Max]	[Sequence]	[Topology]	[Transcript ID]	
5	24	VIFLSTAIVLVSTLLIVLLL	null	PVX_086135.1	
Table: GO Terms
[Ontology]	[GO ID]	[Is Not]	[GO Term Name]	[Source]	[Evidence Code]	[Reference]	[Support for Evidence Code Assignment]	[sort_key]	[Transcript ID(s)]	
Table: Gene Location
[Sequence Level]	[Genomic Sequence]	[lc_project_id]	[Location]	[organismAbbrev]	[start]	[end]	[is_reversed]	[start_context]	[end_context]	
chromosome	Pv_Sal1_chr13	plasmodb	1858637 - 1867185 (+)	pvivSal1	1858637	1867185	+	1853637	1872185	
Table: Notes from Annotator
[Date]	[Note]	[Transcript ID(s)]	
Table: Proteins Properties and Features
[Transcript ID]	[Isoelectric Point]	[Molecular Weight]	[Has SignalP]	[Has TMHMM]	[lc_project_id]	[organismAbbrev]	[Protein Length]	[pbrowseImgUrlPrefix]	[Protein Features]	[prot_info]	[JBrowse ProtProps]	[JBrowse P Jbrowse]	
PVX_086135.1	10.37	277346	no	yes	plasmodb	pvivSal1	2427	/cgi-bin/gbrowse_img/plasmodbaa/	/cgi-bin/gbrowse_img/plasmodbaa/?name=PVX_086135.1;l=InterproDomains%1ESignalP%1ETMHMM%1EExportPred%1EHydropathyPlot%1ELowComplexity%1ESecondaryStructure;hmap=protein_properties_PVX_086135.1;genepage=1	PVX_086135.1-p1%3A1..2427	/a/jbrowse/index.html?data=/plasmo/service/jbrowse/proteinPropertyTracks/pvivSal1%2Faa&loc=PVX_086135.1-p1%3A1..2427&tracks=refseq%2CInterproDomains%2CTMHMM%2CSignalP%2CExportPred%2CHydropathy%2CLowComplexity%2CSecondaryStructureHelix%2CSecondaryStructureStrand%2CSecondaryStructureCoil&highlight=	/plasmo/app/jbrowse?loc=PVX_086135.1-p1%3A1..2427&data=/plasmo/service/jbrowse/tracks/pvivSal1%2Faa&tracks=refseq%2CInterproDomains%2CTMHMM%2CSignalP%2CExportPred%2CHydropathy%2CLowComplexity%2CSecondaryStructureHelix%2CSecondaryStructureStrand%2CSecondaryStructureCoil&highlight=	

------------------------------------------------------------

