Gene ID: PVP01_0415800
Chromosome: 4
Product Description: 6-cysteine protein P230, putative

Table: Names, Previous Identifiers, and Aliases
[Name/ID/Alias]	[Type]	
A0A564ZQ30	alternate ID	
H1AAJ4	alternate ID	
H1AAJ6	alternate ID	
H1AAJ7	alternate ID	
H1AAK3	alternate ID	
H1AAK7	alternate ID	
H1AAK8	alternate ID	
H1AAL1	alternate ID	
H1AAL4	alternate ID	
H1AAL5	alternate ID	
UPI00090B710E	alternate ID	
VUZ93809.1	alternate ID	
Table: Orthologs and Paralogs within VEuPathDB
[Gene ID]	[Ortholog]	[Organism]	[Product]	[is syntenic]	
PVP01_0415800	AK88_03826	Plasmodium fragile strain nilgiri	hypothetical protein	yes	
PVP01_0415800	C922_02806	Plasmodium inui San Antonio 1	hypothetical protein	yes	
PVP01_0415800	PADL01_0207700	Plasmodium adleri G01	transmission-blocking target antigen s230	yes	
PVP01_0415800	PBANKA_0306100	Plasmodium berghei ANKA	6-cysteine protein P230	yes	
PVP01_0415800	PBILCG01_0211600	Plasmodium billcollinsi G01	transmission-blocking target antigen s230	yes	
PVP01_0415800	PBLACG01_0205700	Plasmodium blacklocki G01	transmission-blocking target antigen s230	yes	
PVP01_0415800	PCHAS_0308300	Plasmodium chabaudi chabaudi	6-cysteine protein P230	yes	
PVP01_0415800	PCYB_042090	Plasmodium cynomolgi strain B	transmission-blocking target antigen Pcys230	yes	
PVP01_0415800	PF3D7_0209000	Plasmodium falciparum 3D7	6-cysteine protein P230	yes	
PVP01_0415800	PGABG01_0206600	Plasmodium gaboni strain G01	transmission-blocking target antigen s230	yes	
PVP01_0415800	PGAL8A_00016000	Plasmodium gallinaceum 8A	6-cysteine protein P230, putative	yes	
PVP01_0415800	PGSY75_0209000	Plasmodium gaboni strain SY75	6-cysteine protein	yes	
PVP01_0415800	PKA1H_040017000	Plasmodium knowlesi strain A1H1	6-cysteine protein	yes	
PVP01_0415800	PKNH_0412100	Plasmodium knowlesi strain H	6-cysteine protein P230	yes	
PVP01_0415800	PKNOH_S08497000	Plasmodium knowlesi strain Malayan Strain Pk1 A	6-cysteine protein	yes	
PVP01_0415800	PPRFG01_0209000	Plasmodium praefalciparum strain G01	transmission-blocking target antigen s230	yes	
PVP01_0415800	PRCDC_0207900	Plasmodium reichenowi CDC	6-cysteine protein P230	yes	
PVP01_0415800	PRELSG_0413600	Plasmodium relictum SGS1-like	6-cysteine protein P230, putative	yes	
PVP01_0415800	PRG01_0208100	Plasmodium reichenowi G01	transmission-blocking target antigen s230	yes	
PVP01_0415800	PVBDA_0300810	Plasmodium vinckei brucechwatti DA	6-cysteine protein [Source:UniProtKB/TrEMBL;Acc:A0A6V7RVE5]	yes	
PVP01_0415800	PVLDE_0300630	Plasmodium vinckei lentum DE	6-cysteine protein [Source:UniProtKB/TrEMBL;Acc:A0A6V7RVR8]	yes	
PVP01_0415800	PVL_040011400	Plasmodium vivax-like Pvl01	6-cysteine protein	yes	
PVP01_0415800	PVPCR_0300760	Plasmodium vinckei petteri CR 2020	unspecified product	yes	
PVP01_0415800	PVSEL_0300840	Plasmodium vinckei Cameroon EL	6-cysteine protein [Source:UniProtKB/TrEMBL;Acc:A0A6V7SDR7]	yes	
PVP01_0415800	PVVCY_0300710	Plasmodium vinckei vinckei CY	6-cysteine protein [Source:UniProtKB/TrEMBL;Acc:A0A081I9V2]	yes	
PVP01_0415800	PVX_003905	Plasmodium vivax Sal-1	6-cysteine protein	yes	
PVP01_0415800	PY02959	Plasmodium yoelii yoelii 17XNL	transmission-blocking target antigen s230 precursor	yes	
PVP01_0415800	PY03856	Plasmodium yoelii yoelii 17XNL	transmission-blocking target antigen s230 precursor	yes	
PVP01_0415800	PY17X_0306700	Plasmodium yoelii yoelii 17X	6-cysteine protein P230	yes	
PVP01_0415800	PYYM_0307000	Plasmodium yoelii yoelii YM	6-cysteine protein	yes	
PVP01_0415800	PcyM_0414300	Plasmodium cynomolgi strain M	transmission-blocking target antigen s230, putative	yes	
PVP01_0415800	Pf7G8_020013700	Plasmodium falciparum 7G8	6-cysteine protein	yes	
PVP01_0415800	PfCD01_020013900	Plasmodium falciparum CD01	6-cysteine protein	yes	
PVP01_0415800	PfDd2_020011800	Plasmodium falciparum Dd2	6-cysteine protein	yes	
PVP01_0415800	PfGA01_020012000	Plasmodium falciparum GA01	6-cysteine protein	yes	
PVP01_0415800	PfGB4_020012000	Plasmodium falciparum GB4	6-cysteine protein	yes	
PVP01_0415800	PfGN01_020014300	Plasmodium falciparum GN01	6-cysteine protein	yes	
PVP01_0415800	PfHB3_020013700	Plasmodium falciparum HB3	6-cysteine protein	yes	
PVP01_0415800	PfIT_020013700	Plasmodium falciparum IT	6-cysteine protein	yes	
PVP01_0415800	PfKE01_020011500	Plasmodium falciparum KE01	6-cysteine protein	yes	
PVP01_0415800	PfKH01_020014200	Plasmodium falciparum KH01	6-cysteine protein	yes	
PVP01_0415800	PfKH02_020013000	Plasmodium falciparum KH02	6-cysteine protein	yes	
PVP01_0415800	PfML01_020011900	Plasmodium falciparum ML01	6-cysteine protein	yes	
PVP01_0415800	PfSD01_020014500	Plasmodium falciparum SD01	6-cysteine protein	yes	
PVP01_0415800	PfSN01_020012000	Plasmodium falciparum SN01	6-cysteine protein	yes	
PVP01_0415800	PfTG01_020014000	Plasmodium falciparum TG01	6-cysteine protein	yes	
PVP01_0415800	PmUG01_04023100	Plasmodium malariae UG01	6-cysteine protein P230, putative	yes	
PVP01_0415800	PocGH01_04021000	Plasmodium ovale curtisi GH01	6-cysteine protein P230, putative	yes	
PVP01_0415800	YYE_04644	Plasmodium vinckei vinckei strain vinckei	hypothetical protein	yes	
PVP01_0415800	YYG_05028	Plasmodium vinckei petteri strain CR	hypothetical protein	yes	
PVP01_0415800	PGAL8A_00195600	Plasmodium gallinaceum 8A	6-cysteine protein, putative	no	
Table: piggyBac insertion mutagenesis
[Score]	[Score Type]	
Table: Signal Peptide
[NN Conclusion Score]	[NN D-Score]	[HMM Signal Probabability]	[Start Min]	[End Max]	[Signal Peptide]	[Transcript ID]	
Table: Transmembrane Domains
[Start Min]	[End Max]	[Sequence]	[Topology]	[Transcript ID]	
Table: GO Terms
[Ontology]	[GO ID]	[Is Not]	[GO Term Name]	[Source]	[Evidence Code]	[Reference]	[Support for Evidence Code Assignment]	[sort_key]	[Transcript ID(s)]	
Cellular Component	GO:0005886	null	plasma membrane	GeneDB	ISO	PMID:8479460	GeneDB:PF3D7_0209000	CGO:0005886	PVP01_0415800.1	
Cellular Component	GO:0009986	null	cell surface	gouniprot	IEA	null	null	CGO:0009986	PVP01_0415800.1	
Cellular Component	GO:0016020	null	membrane	gouniprot	IEA	null	null	CGO:0016020	PVP01_0415800.1	
Table: Gene Location
[Sequence Level]	[Genomic Sequence]	[lc_project_id]	[Location]	[organismAbbrev]	[start]	[end]	[is_reversed]	[start_context]	[end_context]	
chromosome	PvP01_04_v2	plasmodb	635423 - 644835 (-)	pvivP01	635423	644835	-	630423	649835	
Table: Notes from Annotator
[Date]	[Note]	[Transcript ID(s)]	
Table: Proteins Properties and Features
[Transcript ID]	[Isoelectric Point]	[Molecular Weight]	[Has SignalP]	[Has TMHMM]	[lc_project_id]	[organismAbbrev]	[Protein Length]	[pbrowseImgUrlPrefix]	[Protein Features]	[prot_info]	[JBrowse ProtProps]	[JBrowse P Jbrowse]	
PVP01_0415800.1	6.39	305246	yes	no	plasmodb	pvivP01	2725	/cgi-bin/gbrowse_img/plasmodbaa/	/cgi-bin/gbrowse_img/plasmodbaa/?name=PVP01_0415800.1;l=InterproDomains%1ESignalP%1ETMHMM%1EExportPred%1EHydropathyPlot%1ELowComplexity%1ESecondaryStructure;hmap=protein_properties_PVP01_0415800.1;genepage=1	PVP01_0415800.1-p1%3A1..2725	/a/jbrowse/index.html?data=/plasmo/service/jbrowse/proteinPropertyTracks/pvivP01%2Faa&loc=PVP01_0415800.1-p1%3A1..2725&tracks=refseq%2CInterproDomains%2CTMHMM%2CSignalP%2CExportPred%2CHydropathy%2CLowComplexity%2CSecondaryStructureHelix%2CSecondaryStructureStrand%2CSecondaryStructureCoil&highlight=	/plasmo/app/jbrowse?loc=PVP01_0415800.1-p1%3A1..2725&data=/plasmo/service/jbrowse/tracks/pvivP01%2Faa&tracks=refseq%2CInterproDomains%2CTMHMM%2CSignalP%2CExportPred%2CHydropathy%2CLowComplexity%2CSecondaryStructureHelix%2CSecondaryStructureStrand%2CSecondaryStructureCoil&highlight=	

------------------------------------------------------------

