Gene ID: PVP01_1011000
Chromosome: 10
Product Description: zinc finger protein, putative

Table: Names, Previous Identifiers, and Aliases
[Name/ID/Alias]	[Type]	
A0A1G4GYK0	alternate ID	
A0A1G4HDY4	alternate ID	
A0A564ZY42	alternate ID	
UPI00090A6429	alternate ID	
VUZ96409.1	alternate ID	
Table: Orthologs and Paralogs within VEuPathDB
[Gene ID]	[Ortholog]	[Organism]	[Product]	[is syntenic]	
PVP01_1011000	AK88_02815	Plasmodium fragile strain nilgiri	hypothetical protein	yes	
PVP01_1011000	PCYB_101880	Plasmodium cynomolgi strain B	hypothetical protein	yes	
PVP01_1011000	PGAL8A_00070100	Plasmodium gallinaceum 8A	zinc finger protein, putative	yes	
PVP01_1011000	PVBDA_1203970	Plasmodium vinckei brucechwatti DA	Zinc finger protein, putative [Source:UniProtKB/TrEMBL;Acc:A0A6V7SKP2]	yes	
PVP01_1011000	PVLDE_1204030	Plasmodium vinckei lentum DE	Zinc finger protein, putative [Source:UniProtKB/TrEMBL;Acc:A0A6V7SJ50]	yes	
PVP01_1011000	PVL_100013000	Plasmodium vivax-like Pvl01	zinc finger protein, putative	yes	
PVP01_1011000	PVSEL_1203530	Plasmodium vinckei Cameroon EL	Zinc finger protein, putative [Source:UniProtKB/TrEMBL;Acc:A0A6V7T8U7]	yes	
PVP01_1011000	PVVCY_1203840	Plasmodium vinckei vinckei CY	Zinc finger protein, putative [Source:UniProtKB/TrEMBL;Acc:A0A449BWX8]	yes	
PVP01_1011000	PVX_080105	Plasmodium vivax Sal-1	hypothetical protein, conserved	yes	
PVP01_1011000	PY06948	Plasmodium yoelii yoelii 17XNL	ERYTHROCYTE MEMBRANE PROTEIN PFEMP3	yes	
PVP01_1011000	PY17X_1240900	Plasmodium yoelii yoelii 17X	zinc finger protein, putative	yes	
PVP01_1011000	PYYM_1240100	Plasmodium yoelii yoelii YM	zinc finger protein, putative, fragment	yes	
PVP01_1011000	PcyM_1008900	Plasmodium cynomolgi strain M	zinc finger protein, putative	yes	
PVP01_1011000	PmUG01_10021700	Plasmodium malariae UG01	zinc finger protein, putative	yes	
PVP01_1011000	YYE_01715	Plasmodium vinckei vinckei strain vinckei	hypothetical protein	yes	
PVP01_1011000	HEP_00432400	Hepatocystis sp. ex Piliocolobus tephrosceles 2019	zinc finger protein, putative	no	
PVP01_1011000	PBANKA_0414700	Plasmodium berghei ANKA	zinc finger protein, putative	no	
PVP01_1011000	PBANKA_1206800	Plasmodium berghei ANKA	zinc finger (CCCH type) protein, putative	no	
PVP01_1011000	PVLDE_0601010	Plasmodium vinckei lentum DE	Zinc finger protein, putative [Source:UniProtKB/TrEMBL;Acc:A0A6V7RYF5]	no	
PVP01_1011000	PVVCY_0600890	Plasmodium vinckei vinckei CY	Zinc finger protein, putative [Source:UniProtKB/TrEMBL;Acc:A0A449BPR3]	no	
PVP01_1011000	PmUG01_13020200	Plasmodium malariae UG01	zinc finger protein, putative	no	
PVP01_1011000	YYE_03583	Plasmodium vinckei vinckei strain vinckei	hypothetical protein	no	
Table: piggyBac insertion mutagenesis
[Score]	[Score Type]	
Table: Signal Peptide
[NN Conclusion Score]	[NN D-Score]	[HMM Signal Probabability]	[Start Min]	[End Max]	[Signal Peptide]	[Transcript ID]	
Table: Transmembrane Domains
[Start Min]	[End Max]	[Sequence]	[Topology]	[Transcript ID]	
Table: GO Terms
[Ontology]	[GO ID]	[Is Not]	[GO Term Name]	[Source]	[Evidence Code]	[Reference]	[Support for Evidence Code Assignment]	[sort_key]	[Transcript ID(s)]	
Molecular Function	GO:0046872	null	metal ion binding	GeneDB	IEA	GO_REF:0000002	InterPro:IPR036855	MGO:0046872	PVP01_1011000.1	
Molecular Function	GO:0046872	null	metal ion binding	gouniprot	IEA	null	null	MGO:0046872	PVP01_1011000.1	
Table: Gene Location
[Sequence Level]	[Genomic Sequence]	[lc_project_id]	[Location]	[organismAbbrev]	[start]	[end]	[is_reversed]	[start_context]	[end_context]	
chromosome	PvP01_10_v2	plasmodb	484745 - 495261 (-)	pvivP01	484745	495261	-	479745	500261	
Table: Notes from Annotator
[Date]	[Note]	[Transcript ID(s)]	
Table: Proteins Properties and Features
[Transcript ID]	[Isoelectric Point]	[Molecular Weight]	[Has SignalP]	[Has TMHMM]	[lc_project_id]	[organismAbbrev]	[Protein Length]	[pbrowseImgUrlPrefix]	[Protein Features]	[prot_info]	[JBrowse ProtProps]	[JBrowse P Jbrowse]	
PVP01_1011000.1	8.11	212660	no	no	plasmodb	pvivP01	1940	/cgi-bin/gbrowse_img/plasmodbaa/	/cgi-bin/gbrowse_img/plasmodbaa/?name=PVP01_1011000.1;l=InterproDomains%1ESignalP%1ETMHMM%1EExportPred%1EHydropathyPlot%1ELowComplexity%1ESecondaryStructure;hmap=protein_properties_PVP01_1011000.1;genepage=1	PVP01_1011000.1-p1%3A1..1940	/a/jbrowse/index.html?data=/plasmo/service/jbrowse/proteinPropertyTracks/pvivP01%2Faa&loc=PVP01_1011000.1-p1%3A1..1940&tracks=refseq%2CInterproDomains%2CTMHMM%2CSignalP%2CExportPred%2CHydropathy%2CLowComplexity%2CSecondaryStructureHelix%2CSecondaryStructureStrand%2CSecondaryStructureCoil&highlight=	/plasmo/app/jbrowse?loc=PVP01_1011000.1-p1%3A1..1940&data=/plasmo/service/jbrowse/tracks/pvivP01%2Faa&tracks=refseq%2CInterproDomains%2CTMHMM%2CSignalP%2CExportPred%2CHydropathy%2CLowComplexity%2CSecondaryStructureHelix%2CSecondaryStructureStrand%2CSecondaryStructureCoil&highlight=	

------------------------------------------------------------

