Gene ID: PVX_080660
Chromosome: 10
Product Description: RNA pseudouridylate synthase, putative

Table: Names, Previous Identifiers, and Aliases
[Name/ID/Alias]	[Type]	
A0A564ZY37	alternate ID	
Pv080660	previous ID	
Table: Orthologs and Paralogs within VEuPathDB
[Gene ID]	[Ortholog]	[Organism]	[Product]	[is syntenic]	
PVX_080660	PBILCG01_0510000	Plasmodium billcollinsi G01	RNA pseudouridylate synthase,putative	yes	
PVX_080660	PBILCG01_0510100	Plasmodium billcollinsi G01	RNA pseudouridylate synthase,putative	yes	
PVX_080660	PBLACG01_0511100	Plasmodium blacklocki G01	RNA pseudouridylate synthase, putative	yes	
PVX_080660	PCOAH_00030620	Plasmodium coatneyi Hackeri	Uncharacterized protein	yes	
PVX_080660	PCYB_103020	Plasmodium cynomolgi strain B	hypothetical protein	yes	
PVX_080660	PF3D7_0511500	Plasmodium falciparum 3D7	RNA pseudouridylate synthase, putative	yes	
PVX_080660	PKNH_1022100	Plasmodium knowlesi strain H	RNA pseudouridylate synthase, putative	yes	
PVX_080660	PKNOH_S07460200	Plasmodium knowlesi strain Malayan Strain Pk1 A	putative RNA pseudouridylate synthase	yes	
PVX_080660	PVL_000111200	Plasmodium vivax-like Pvl01	RNA pseudouridylate synthase, putative	yes	
PVX_080660	PVP01_1022500	Plasmodium vivax P01	RNA pseudouridylate synthase, putative	yes	
PVX_080660	PocGH01_10030100	Plasmodium ovale curtisi GH01	RNA pseudouridylate synthase, putative	yes	
PVX_080660	PVL_000006200	Plasmodium vivax-like Pvl01	RNA pseudouridylate synthase, putative	no	
PVX_080660	PVL_100022500	Plasmodium vivax-like Pvl01	hypothetical protein	no	
PVX_080660	PY02170	Plasmodium yoelii yoelii 17XNL	sexual stage-specific protein kinase	no	
PVX_080660	PY02171	Plasmodium yoelii yoelii 17XNL	hypothetical protein	no	
Table: piggyBac insertion mutagenesis
[Score]	[Score Type]	
Table: Signal Peptide
[NN Conclusion Score]	[NN D-Score]	[HMM Signal Probabability]	[Start Min]	[End Max]	[Signal Peptide]	[Transcript ID]	
Table: Transmembrane Domains
[Start Min]	[End Max]	[Sequence]	[Topology]	[Transcript ID]	
Table: GO Terms
[Ontology]	[GO ID]	[Is Not]	[GO Term Name]	[Source]	[Evidence Code]	[Reference]	[Support for Evidence Code Assignment]	[sort_key]	[Transcript ID(s)]	
Biological Process	GO:0001522	null	pseudouridine synthesis	GeneDB_Pvivax	IEA	GO_REF:0000001	InterPro:IPR020103	BGO:0001522	PVX_080660.1	
Biological Process	GO:0001522	null	pseudouridine synthesis	interpro2go	IEA	null	null	BGO:0001522	PVX_080660.1	
Molecular Function	GO:0003723	null	RNA binding	GeneDB_Pvivax	IEA	GO_REF:0000001	null	MGO:0003723	PVX_080660.1	
Molecular Function	GO:0003723	null	RNA binding	interpro2go	IEA	null	null	MGO:0003723	PVX_080660.1	
Molecular Function	GO:0005509	null	calcium ion binding	GeneDB_Pvivax	IEA	GO_REF:0000001	null	MGO:0005509	PVX_080660.1	
Molecular Function	GO:0005515	null	protein binding	interpro2go	IEA	null	null	MGO:0005515	PVX_080660.1	
Biological Process	GO:0006396	null	RNA processing	GeneDB_Pvivax	IEA	GO_REF:0000001	null	BGO:0006396	PVX_080660.1	
Biological Process	GO:0007155	null	cell adhesion	GeneDB_Pvivax	IEA	GO_REF:0000001	null	BGO:0007155	PVX_080660.1	
Biological Process	GO:0009451	null	RNA modification	interpro2go	IEA	null	null	BGO:0009451	PVX_080660.1	
Molecular Function	GO:0009982	null	pseudouridine synthase activity	GeneDB_Pvivax	IEA	GO_REF:0000001	null	MGO:0009982	PVX_080660.1	
Molecular Function	GO:0009982	null	pseudouridine synthase activity	interpro2go	IEA	null	null	MGO:0009982	PVX_080660.1	
Table: Gene Location
[Sequence Level]	[Genomic Sequence]	[lc_project_id]	[Location]	[organismAbbrev]	[start]	[end]	[is_reversed]	[start_context]	[end_context]	
chromosome	Pv_Sal1_chr10	plasmodb	829185 - 863703 (-)	pvivSal1	829185	863703	-	824185	868703	
Table: Notes from Annotator
[Date]	[Note]	[Transcript ID(s)]	
Table: Proteins Properties and Features
[Transcript ID]	[Isoelectric Point]	[Molecular Weight]	[Has SignalP]	[Has TMHMM]	[lc_project_id]	[organismAbbrev]	[Protein Length]	[pbrowseImgUrlPrefix]	[Protein Features]	[prot_info]	[JBrowse ProtProps]	[JBrowse P Jbrowse]	
PVX_080660.1	7.71	1272375	no	no	plasmodb	pvivSal1	11448	/cgi-bin/gbrowse_img/plasmodbaa/	/cgi-bin/gbrowse_img/plasmodbaa/?name=PVX_080660.1;l=InterproDomains%1ESignalP%1ETMHMM%1EExportPred%1EHydropathyPlot%1ELowComplexity%1ESecondaryStructure;hmap=protein_properties_PVX_080660.1;genepage=1	PVX_080660.1-p1%3A1..11448	/a/jbrowse/index.html?data=/plasmo/service/jbrowse/proteinPropertyTracks/pvivSal1%2Faa&loc=PVX_080660.1-p1%3A1..11448&tracks=refseq%2CInterproDomains%2CTMHMM%2CSignalP%2CExportPred%2CHydropathy%2CLowComplexity%2CSecondaryStructureHelix%2CSecondaryStructureStrand%2CSecondaryStructureCoil&highlight=	/plasmo/app/jbrowse?loc=PVX_080660.1-p1%3A1..11448&data=/plasmo/service/jbrowse/tracks/pvivSal1%2Faa&tracks=refseq%2CInterproDomains%2CTMHMM%2CSignalP%2CExportPred%2CHydropathy%2CLowComplexity%2CSecondaryStructureHelix%2CSecondaryStructureStrand%2CSecondaryStructureCoil&highlight=	

------------------------------------------------------------

