Gene ID: PVX_114510
Chromosome: 11
Product Description: hypothetical protein, conserved

Table: Names, Previous Identifiers, and Aliases
[Name/ID/Alias]	[Type]	
A0A1G4GZY1	alternate ID	
A0A1G4HF97	alternate ID	
A0A564ZX70	alternate ID	
A5K2B3	alternate ID	
EDL46563.1	alternate ID	
UPI000154521E	alternate ID	
XP_001616290.1	alternate ID	
Pv114510	previous ID	
Table: Orthologs and Paralogs within VEuPathDB
[Gene ID]	[Ortholog]	[Organism]	[Product]	[is syntenic]	
PVX_114510	AK88_05171	Plasmodium fragile strain nilgiri	hypothetical protein	yes	
PVX_114510	C922_00993	Plasmodium inui San Antonio 1	hypothetical protein	yes	
PVX_114510	HEP_00194500	Hepatocystis sp. ex Piliocolobus tephrosceles 2019	HECT-domain (ubiquitin-transferase), putative	yes	
PVX_114510	PADL01_0626300	Plasmodium adleri G01	HECT-domain (ubiquitin-transferase), putative	yes	
PVX_114510	PBANKA_1126800	Plasmodium berghei ANKA	HECT domain-containing protein 1, putative	yes	
PVX_114510	PBILCG01_0628600	Plasmodium billcollinsi G01	HECT-domain (ubiquitin-transferase), putative	yes	
PVX_114510	PBLACG01_0627700	Plasmodium blacklocki G01	HECT-domain (ubiquitin-transferase), putative	yes	
PVX_114510	PCHAS_1126300	Plasmodium chabaudi chabaudi	HECT domain-containing protein 1, putative	yes	
PVX_114510	PCOAH_00034030	Plasmodium coatneyi Hackeri	Uncharacterized protein	yes	
PVX_114510	PCYB_112990	Plasmodium cynomolgi strain B	ubiquitin transferase	yes	
PVX_114510	PF3D7_0628100	Plasmodium falciparum 3D7	HECT domain-containing protein 1, putative	yes	
PVX_114510	PGABG01_0626900	Plasmodium gaboni strain G01	HECT-domain (ubiquitin-transferase), putative	yes	
PVX_114510	PGAL8A_00156600	Plasmodium gallinaceum 8A	HECT domain-containing protein 1, putative	yes	
PVX_114510	PGSY75_0628100	Plasmodium gaboni strain SY75	putative HECT-domain (ubiquitin-transferase)	yes	
PVX_114510	PKA1H_110027200	Plasmodium knowlesi strain A1H1	ubiquitin transferase, putative	yes	
PVX_114510	PKNH_1121700	Plasmodium knowlesi strain H	HECT domain-containing protein 1, putative	yes	
PVX_114510	PKNOH_S130188200	Plasmodium knowlesi strain Malayan Strain Pk1 A	putative Ubiquitin transferase	yes	
PVX_114510	PPRFG01_0626800	Plasmodium praefalciparum strain G01	HECT-domain (ubiquitin-transferase), putative	yes	
PVX_114510	PRCDC_0626500	Plasmodium reichenowi CDC	HECT domain-containing protein 1, putative	yes	
PVX_114510	PRELSG_1120200	Plasmodium relictum SGS1-like	HECT domain-containing protein 1, putative	yes	
PVX_114510	PRG01_0627700	Plasmodium reichenowi G01	HECT-domain (ubiquitin-transferase), putative	yes	
PVX_114510	PVBDA_1102730	Plasmodium vinckei brucechwatti DA	HECT-domain (Ubiquitin-transferase), putative [Source:UniProtKB/TrEMBL;Acc:A0A6V7SCL1]	yes	
PVX_114510	PVLDE_1102730	Plasmodium vinckei lentum DE	HECT-domain (Ubiquitin-transferase), putative [Source:UniProtKB/TrEMBL;Acc:A0A6V7SBV8]	yes	
PVX_114510	PVL_110020400	Plasmodium vivax-like Pvl01	HECT-domain (ubiquitin-transferase), putative	yes	
PVX_114510	PVP01_1121400	Plasmodium vivax P01	HECT domain-containing protein 1, putative	yes	
PVX_114510	PVPCR_1102720	Plasmodium vinckei petteri CR 2020	HECT-domain (Ubiquitin-transferase), putative [Source:UniProtKB/TrEMBL;Acc:W7APR2]	yes	
PVX_114510	PVSEL_1102740	Plasmodium vinckei Cameroon EL	HECT-domain (Ubiquitin-transferase), putative [Source:UniProtKB/TrEMBL;Acc:A0A6V7T5I3]	yes	
PVX_114510	PVVCY_1102800	Plasmodium vinckei vinckei CY	HECT-domain (Ubiquitin-transferase), putative [Source:UniProtKB/TrEMBL;Acc:A0A449BV97]	yes	
PVX_114510	PY02709	Plasmodium yoelii yoelii 17XNL	HECT-domain, putative	yes	
PVX_114510	PY02710	Plasmodium yoelii yoelii 17XNL	hypothetical protein	yes	
PVX_114510	PY02711	Plasmodium yoelii yoelii 17XNL	hypothetical protein	yes	
PVX_114510	PY17X_1128300	Plasmodium yoelii yoelii 17X	HECT domain-containing protein 1, putative	yes	
PVX_114510	PYYM_1129100	Plasmodium yoelii yoelii YM	HECT-domain (ubiquitin-transferase), putative	yes	
PVX_114510	Pf7G8_060033100	Plasmodium falciparum 7G8	HECT-domain (ubiquitin-transferase), putative	yes	
PVX_114510	PfCD01_060033500	Plasmodium falciparum CD01	HECT-domain (ubiquitin-transferase), putative	yes	
PVX_114510	PfDd2_060032800	Plasmodium falciparum Dd2	HECT-domain (ubiquitin-transferase), putative	yes	
PVX_114510	PfGA01_060033100	Plasmodium falciparum GA01	HECT-domain (ubiquitin-transferase), putative	yes	
PVX_114510	PfGB4_060032600	Plasmodium falciparum GB4	HECT-domain (ubiquitin-transferase), putative	yes	
PVX_114510	PfGN01_060033800	Plasmodium falciparum GN01	HECT-domain (ubiquitin-transferase), putative	yes	
PVX_114510	PfHB3_060032300	Plasmodium falciparum HB3	HECT-domain (ubiquitin-transferase), putative	yes	
PVX_114510	PfIT_060031900	Plasmodium falciparum IT	HECT-domain (ubiquitin-transferase), putative	yes	
PVX_114510	PfKE01_060034200	Plasmodium falciparum KE01	HECT-domain (ubiquitin-transferase), putative	yes	
PVX_114510	PfKH01_060035100	Plasmodium falciparum KH01	HECT-domain (ubiquitin-transferase), putative	yes	
PVX_114510	PfKH02_060034600	Plasmodium falciparum KH02	HECT-domain (ubiquitin-transferase), putative	yes	
PVX_114510	PfML01_060031900	Plasmodium falciparum ML01	HECT-domain (ubiquitin-transferase), putative	yes	
PVX_114510	PfSD01_060032000	Plasmodium falciparum SD01	HECT-domain (ubiquitin-transferase), putative	yes	
PVX_114510	PfSN01_060032900	Plasmodium falciparum SN01	HECT-domain (ubiquitin-transferase), putative	yes	
PVX_114510	PfTG01_060033400	Plasmodium falciparum TG01	HECT-domain (ubiquitin-transferase), putative	yes	
PVX_114510	PmUG01_11035500	Plasmodium malariae UG01	HECT domain-containing protein 1, putative	yes	
PVX_114510	PocGH01_11029200	Plasmodium ovale curtisi GH01	HECT domain-containing protein 1, putative	yes	
PVX_114510	YYG_01423	Plasmodium vinckei petteri strain CR	hypothetical protein	yes	
PVX_114510	YYE_02439	Plasmodium vinckei vinckei strain vinckei	hypothetical protein	yes	
PVX_114510	PcyM_1122000	Plasmodium cynomolgi strain M	HECT-domain (ubiquitin-transferase), putative	yes	
Table: piggyBac insertion mutagenesis
[Score]	[Score Type]	
Table: Signal Peptide
[NN Conclusion Score]	[NN D-Score]	[HMM Signal Probabability]	[Start Min]	[End Max]	[Signal Peptide]	[Transcript ID]	
Table: Transmembrane Domains
[Start Min]	[End Max]	[Sequence]	[Topology]	[Transcript ID]	
Table: GO Terms
[Ontology]	[GO ID]	[Is Not]	[GO Term Name]	[Source]	[Evidence Code]	[Reference]	[Support for Evidence Code Assignment]	[sort_key]	[Transcript ID(s)]	
Molecular Function	GO:0004842	null	ubiquitin-protein transferase activity	GeneDB_Pvivax	IEA	GO_REF:0000001	null	MGO:0004842	PVX_114510.1	
Molecular Function	GO:0004842	null	ubiquitin-protein transferase activity	gouniprot	IEA	null	null	MGO:0004842	PVX_114510.1	
Molecular Function	GO:0005509	null	calcium ion binding	GeneDB_Pvivax	IEA	GO_REF:0000001	null	MGO:0005509	PVX_114510.1	
Molecular Function	GO:0005515	null	protein binding	interpro2go	IEA	null	null	MGO:0005515	PVX_114510.1	
Cellular Component	GO:0005622	null	intracellular anatomical structure	GeneDB_Pvivax	IEA	GO_REF:0000001	null	CGO:0005622	PVX_114510.1	
Biological Process	GO:0006512	null	obsolete ubiquitin cycle	GeneDB_Pvivax	IEA	GO_REF:0000001	null	BGO:0006512	PVX_114510.1	
Biological Process	GO:0007155	null	cell adhesion	GeneDB_Pvivax	IEA	GO_REF:0000001	null	BGO:0007155	PVX_114510.1	
Table: Gene Location
[Sequence Level]	[Genomic Sequence]	[lc_project_id]	[Location]	[organismAbbrev]	[start]	[end]	[is_reversed]	[start_context]	[end_context]	
chromosome	Pv_Sal1_chr11	plasmodb	886303 - 914394 (+)	pvivSal1	886303	914394	+	881303	919394	
Table: Notes from Annotator
[Date]	[Note]	[Transcript ID(s)]	
Table: Proteins Properties and Features
[Transcript ID]	[Isoelectric Point]	[Molecular Weight]	[Has SignalP]	[Has TMHMM]	[lc_project_id]	[organismAbbrev]	[Protein Length]	[pbrowseImgUrlPrefix]	[Protein Features]	[prot_info]	[JBrowse ProtProps]	[JBrowse P Jbrowse]	
PVX_114510.1	8.16	1064130	no	no	plasmodb	pvivSal1	9363	/cgi-bin/gbrowse_img/plasmodbaa/	/cgi-bin/gbrowse_img/plasmodbaa/?name=PVX_114510.1;l=InterproDomains%1ESignalP%1ETMHMM%1EExportPred%1EHydropathyPlot%1ELowComplexity%1ESecondaryStructure;hmap=protein_properties_PVX_114510.1;genepage=1	PVX_114510.1-p1%3A1..9363	/a/jbrowse/index.html?data=/plasmo/service/jbrowse/proteinPropertyTracks/pvivSal1%2Faa&loc=PVX_114510.1-p1%3A1..9363&tracks=refseq%2CInterproDomains%2CTMHMM%2CSignalP%2CExportPred%2CHydropathy%2CLowComplexity%2CSecondaryStructureHelix%2CSecondaryStructureStrand%2CSecondaryStructureCoil&highlight=	/plasmo/app/jbrowse?loc=PVX_114510.1-p1%3A1..9363&data=/plasmo/service/jbrowse/tracks/pvivSal1%2Faa&tracks=refseq%2CInterproDomains%2CTMHMM%2CSignalP%2CExportPred%2CHydropathy%2CLowComplexity%2CSecondaryStructureHelix%2CSecondaryStructureStrand%2CSecondaryStructureCoil&highlight=	

------------------------------------------------------------

