Gene ID: PVP01_0704400
Chromosome: 7
Product Description: endonuclease/exonuclease/phosphatase domain containing protein

Table: Names, Previous Identifiers, and Aliases
[Name/ID/Alias]	[Type]	
A0A1G4GUU4	alternate ID	
A0A1G4HAB0	alternate ID	
A0A564ZRZ2	alternate ID	
UPI00090946FA	alternate ID	
VUZ94671.1	alternate ID	
Table: Orthologs and Paralogs within VEuPathDB
[Gene ID]	[Ortholog]	[Organism]	[Product]	[is syntenic]	
PVP01_0704400	AK88_00896	Plasmodium fragile strain nilgiri	hypothetical protein	yes	
PVP01_0704400	C922_01495	Plasmodium inui San Antonio 1	hypothetical protein	yes	
PVP01_0704400	HEP_00198800	Hepatocystis sp. ex Piliocolobus tephrosceles 2019	hypothetical protein	yes	
PVP01_0704400	PADL01_0905000	Plasmodium adleri G01	conserved Plasmodium protein, unknown function	yes	
PVP01_0704400	PCHAS_0416300	Plasmodium chabaudi chabaudi	conserved Plasmodium protein, unknown function	yes	
PVP01_0704400	PCOAH_00018660	Plasmodium coatneyi Hackeri	Endonuclease/exonuclease/phosphatase domain containing protein	yes	
PVP01_0704400	PCYB_071380	Plasmodium cynomolgi strain B	endonuclease/exonuclease/phosphatase domain containing protein	yes	
PVP01_0704400	PGABG01_0903400	Plasmodium gaboni strain G01	conserved Plasmodium protein, unknown function	yes	
PVP01_0704400	PGAL8A_00418500	Plasmodium gallinaceum 8A	conserved Plasmodium protein, unknown function	yes	
PVP01_0704400	PGSY75_0905950	Plasmodium gaboni strain SY75	putative endonuclease/exonuclease/phosphatase domain- containing protein	yes	
PVP01_0704400	PKA1H_070008600	Plasmodium knowlesi strain A1H1	conserved Plasmodium protein, unknown function	yes	
PVP01_0704400	PKNH_0703700	Plasmodium knowlesi strain H	conserved Plasmodium protein, unknown function	yes	
PVP01_0704400	PKNOH_S06405200	Plasmodium knowlesi strain Malayan Strain Pk1 A	Uncharacterized protein	yes	
PVP01_0704400	PRELSG_0703200	Plasmodium relictum SGS1-like	conserved Plasmodium protein, unknown function	yes	
PVP01_0704400	PVBDA_0401780	Plasmodium vinckei brucechwatti DA	Endo/exonuclease/phosphatase domain-containing protein [Source:UniProtKB/TrEMBL;Acc:A0A6V7RXD8]	yes	
PVP01_0704400	PVLDE_0401770	Plasmodium vinckei lentum DE	Endo/exonuclease/phosphatase domain-containing protein [Source:UniProtKB/TrEMBL;Acc:A0A6V7RWZ9]	yes	
PVP01_0704400	PVL_070009000	Plasmodium vivax-like Pvl01	endonuclease/exonuclease/phosphatase domain containing protein	yes	
PVP01_0704400	PVPCR_0401810	Plasmodium vinckei petteri CR 2020	Endo/exonuclease/phosphatase domain-containing protein [Source:UniProtKB/TrEMBL;Acc:W7AQK9]	yes	
PVP01_0704400	PVSEL_0401760	Plasmodium vinckei Cameroon EL	Endo/exonuclease/phosphatase domain-containing protein [Source:UniProtKB/TrEMBL;Acc:A0A6V7SHQ7]	yes	
PVP01_0704400	PVVCY_0401650	Plasmodium vinckei vinckei CY	Endo/exonuclease/phosphatase domain-containing protein [Source:UniProtKB/TrEMBL;Acc:A0A449BNP0]	yes	
PVP01_0704400	PVX_098740	Plasmodium vivax Sal-1	endonuclease/exonuclease/phosphatase domain containing protein	yes	
PVP01_0704400	PY17X_0418200	Plasmodium yoelii yoelii 17X	conserved Plasmodium protein, unknown function	yes	
PVP01_0704400	PYYM_0418200	Plasmodium yoelii yoelii YM	conserved Plasmodium protein, unknown function	yes	
PVP01_0704400	PcyM_0703800	Plasmodium cynomolgi strain M	endonuclease/exonuclease/phosphatase domain containing protein	yes	
PVP01_0704400	PmUG01_07017500	Plasmodium malariae UG01	conserved Plasmodium protein, unknown function	yes	
PVP01_0704400	PocGH01_07013400	Plasmodium ovale curtisi GH01	endonuclease/exonuclease/phosphatase domain containing protein	yes	
PVP01_0704400	YYE_04035	Plasmodium vinckei vinckei strain vinckei	hypothetical protein	yes	
PVP01_0704400	YYG_04008	Plasmodium vinckei petteri strain CR	hypothetical protein	yes	
Table: piggyBac insertion mutagenesis
[Score]	[Score Type]	
Table: Signal Peptide
[NN Conclusion Score]	[NN D-Score]	[HMM Signal Probabability]	[Start Min]	[End Max]	[Signal Peptide]	[Transcript ID]	
Table: Transmembrane Domains
[Start Min]	[End Max]	[Sequence]	[Topology]	[Transcript ID]	
Table: GO Terms
[Ontology]	[GO ID]	[Is Not]	[GO Term Name]	[Source]	[Evidence Code]	[Reference]	[Support for Evidence Code Assignment]	[sort_key]	[Transcript ID(s)]	
Molecular Function	GO:0004519	null	endonuclease activity	gouniprot	IEA	null	null	MGO:0004519	PVP01_0704400.1	
Molecular Function	GO:0004527	null	exonuclease activity	gouniprot	IEA	null	null	MGO:0004527	PVP01_0704400.1	
Table: Gene Location
[Sequence Level]	[Genomic Sequence]	[lc_project_id]	[Location]	[organismAbbrev]	[start]	[end]	[is_reversed]	[start_context]	[end_context]	
chromosome	PvP01_07_v2	plasmodb	264877 - 272791 (+)	pvivP01	264877	272791	+	259877	277791	
Table: Notes from Annotator
[Date]	[Note]	[Transcript ID(s)]	
Table: Proteins Properties and Features
[Transcript ID]	[Isoelectric Point]	[Molecular Weight]	[Has SignalP]	[Has TMHMM]	[lc_project_id]	[organismAbbrev]	[Protein Length]	[pbrowseImgUrlPrefix]	[Protein Features]	[prot_info]	[JBrowse ProtProps]	[JBrowse P Jbrowse]	
PVP01_0704400.1	8.81	272057	no	no	plasmodb	pvivP01	2410	/cgi-bin/gbrowse_img/plasmodbaa/	/cgi-bin/gbrowse_img/plasmodbaa/?name=PVP01_0704400.1;l=InterproDomains%1ESignalP%1ETMHMM%1EExportPred%1EHydropathyPlot%1ELowComplexity%1ESecondaryStructure;hmap=protein_properties_PVP01_0704400.1;genepage=1	PVP01_0704400.1-p1%3A1..2410	/a/jbrowse/index.html?data=/plasmo/service/jbrowse/proteinPropertyTracks/pvivP01%2Faa&loc=PVP01_0704400.1-p1%3A1..2410&tracks=refseq%2CInterproDomains%2CTMHMM%2CSignalP%2CExportPred%2CHydropathy%2CLowComplexity%2CSecondaryStructureHelix%2CSecondaryStructureStrand%2CSecondaryStructureCoil&highlight=	/plasmo/app/jbrowse?loc=PVP01_0704400.1-p1%3A1..2410&data=/plasmo/service/jbrowse/tracks/pvivP01%2Faa&tracks=refseq%2CInterproDomains%2CTMHMM%2CSignalP%2CExportPred%2CHydropathy%2CLowComplexity%2CSecondaryStructureHelix%2CSecondaryStructureStrand%2CSecondaryStructureCoil&highlight=	

------------------------------------------------------------

