Gene ID: PVP01_0113900
Chromosome: 1
Product Description: kinesin-like protein, putative

Table: Names, Previous Identifiers, and Aliases
[Name/ID/Alias]	[Type]	
A0A564ZN85	alternate ID	
UPI000153E9FA	alternate ID	
VUZ93155.1	alternate ID	
XP_001613503.1	alternate ID	
Table: Orthologs and Paralogs within VEuPathDB
[Gene ID]	[Ortholog]	[Organism]	[Product]	[is syntenic]	
PVP01_0113900	AK88_05166	Plasmodium fragile strain nilgiri	hypothetical protein	yes	
PVP01_0113900	C922_02924	Plasmodium inui San Antonio 1	hypothetical protein	yes	
PVP01_0113900	HEP_00102300	Hepatocystis sp. ex Piliocolobus tephrosceles 2019	kinesin-like protein, putative	yes	
PVP01_0113900	PADL01_0806100	Plasmodium adleri G01	kinesin-like protein, putative	yes	
PVP01_0113900	PBANKA_1224100	Plasmodium berghei ANKA	kinesin-like protein, putative	yes	
PVP01_0113900	PBILCG01_0807300	Plasmodium billcollinsi G01	kinesin-like protein, putative	yes	
PVP01_0113900	PBLACG01_0806900	Plasmodium blacklocki G01	kinesin-like protein, putative	yes	
PVP01_0113900	PCHAS_1224700	Plasmodium chabaudi chabaudi	kinesin-like protein, putative	yes	
PVP01_0113900	PCOAH_00001520	Plasmodium coatneyi Hackeri	Kinesin-like protein	yes	
PVP01_0113900	PCYB_012070	Plasmodium cynomolgi strain B	kinesin	yes	
PVP01_0113900	PF3D7_0806600	Plasmodium falciparum 3D7	kinesin-like protein, putative	yes	
PVP01_0113900	PGABG01_0806800	Plasmodium gaboni strain G01	kinesin-like protein, putative	yes	
PVP01_0113900	PGAL8A_00109100	Plasmodium gallinaceum 8A	kinesin-like protein, putative	yes	
PVP01_0113900	PGSY75_0806600	Plasmodium gaboni strain SY75	putative kinesin-like protein	yes	
PVP01_0113900	PKA1H_010017100	Plasmodium knowlesi strain A1H1	kinesin-like protein, putative	yes	
PVP01_0113900	PKNH_0112300	Plasmodium knowlesi strain H	kinesin-like protein, putative	yes	
PVP01_0113900	PKNOH_S01020700	Plasmodium knowlesi strain Malayan Strain Pk1 A	putative Kinesin-like protein	yes	
PVP01_0113900	PPRFG01_0807700	Plasmodium praefalciparum strain G01	kinesin-like protein, putative	yes	
PVP01_0113900	PRCDC_0806200	Plasmodium reichenowi CDC	kinesin-like protein, putative	yes	
PVP01_0113900	PRG01_0808500	Plasmodium reichenowi G01	kinesin-like protein, putative	yes	
PVP01_0113900	PVBDA_1202640	Plasmodium vinckei brucechwatti DA	Kinesin motor domain-containing protein [Source:UniProtKB/TrEMBL;Acc:A0A6V7SKM5]	yes	
PVP01_0113900	PVLDE_1202630	Plasmodium vinckei lentum DE	Kinesin motor domain-containing protein [Source:UniProtKB/TrEMBL;Acc:A0A6V7SHX0]	yes	
PVP01_0113900	PVL_000104700	Plasmodium vivax-like Pvl01	kinesin-like protein, putative	yes	
PVP01_0113900	PVPCR_1202520	Plasmodium vinckei petteri CR 2020	Kinesin motor domain-containing protein [Source:UniProtKB/TrEMBL;Acc:A0A6V7TBT9]	yes	
PVP01_0113900	PVSEL_1202210	Plasmodium vinckei Cameroon EL	Kinesin motor domain-containing protein [Source:UniProtKB/TrEMBL;Acc:A0A6V7T8F4]	yes	
PVP01_0113900	PVVCY_1202500	Plasmodium vinckei vinckei CY	Kinesin motor domain-containing protein [Source:UniProtKB/TrEMBL;Acc:A0A449BWU8]	yes	
PVP01_0113900	PVX_088220	Plasmodium vivax Sal-1	kinesin, putative	yes	
PVP01_0113900	PY02867	Plasmodium yoelii yoelii 17XNL	kinesin-related protein	yes	
PVP01_0113900	PY17X_1227300	Plasmodium yoelii yoelii 17X	kinesin-like protein, putative	yes	
PVP01_0113900	PYYM_1226800	Plasmodium yoelii yoelii YM	kinesin-like protein, putative	yes	
PVP01_0113900	PcyM_0115400	Plasmodium cynomolgi strain M	kinesin-like protein, putative	yes	
PVP01_0113900	Pf7G8_080011700	Plasmodium falciparum 7G8	kinesin-like protein, putative	yes	
PVP01_0113900	PfCD01_080011600	Plasmodium falciparum CD01	kinesin-like protein, putative	yes	
PVP01_0113900	PfDd2_080011800	Plasmodium falciparum Dd2	kinesin-like protein, putative	yes	
PVP01_0113900	PfGA01_080010200	Plasmodium falciparum GA01	kinesin-like protein, putative	yes	
PVP01_0113900	PfGB4_080011200	Plasmodium falciparum GB4	kinesin-like protein, putative	yes	
PVP01_0113900	PfGN01_080012300	Plasmodium falciparum GN01	kinesin-like protein, putative	yes	
PVP01_0113900	PfHB3_080011500	Plasmodium falciparum HB3	kinesin-like protein, putative	yes	
PVP01_0113900	PfIT_080011700	Plasmodium falciparum IT	kinesin-like protein, putative	yes	
PVP01_0113900	PfKE01_080012200	Plasmodium falciparum KE01	kinesin-like protein, putative	yes	
PVP01_0113900	PfKH01_080010800	Plasmodium falciparum KH01	kinesin-like protein, putative	yes	
PVP01_0113900	PfKH02_080012000	Plasmodium falciparum KH02	kinesin-like protein, putative	yes	
PVP01_0113900	PfML01_080012300	Plasmodium falciparum ML01	kinesin-like protein, putative	yes	
PVP01_0113900	PfSN01_080010700	Plasmodium falciparum SN01	kinesin-like protein, putative	yes	
PVP01_0113900	PfTG01_080012000	Plasmodium falciparum TG01	kinesin-like protein, putative	yes	
PVP01_0113900	PmUG01_01025400	Plasmodium malariae UG01	kinesin-like protein, putative	yes	
PVP01_0113900	PocGH01_01021600	Plasmodium ovale curtisi GH01	kinesin-like protein, putative	yes	
PVP01_0113900	YYE_01581	Plasmodium vinckei vinckei strain vinckei	hypothetical protein	yes	
PVP01_0113900	YYG_02333	Plasmodium vinckei petteri strain CR	hypothetical protein	yes	
PVP01_0113900	PfSD01_080012000	Plasmodium falciparum SD01	kinesin-like protein, putative	yes	
Table: piggyBac insertion mutagenesis
[Score]	[Score Type]	
Table: Signal Peptide
[NN Conclusion Score]	[NN D-Score]	[HMM Signal Probabability]	[Start Min]	[End Max]	[Signal Peptide]	[Transcript ID]	
Table: Transmembrane Domains
[Start Min]	[End Max]	[Sequence]	[Topology]	[Transcript ID]	
Table: GO Terms
[Ontology]	[GO ID]	[Is Not]	[GO Term Name]	[Source]	[Evidence Code]	[Reference]	[Support for Evidence Code Assignment]	[sort_key]	[Transcript ID(s)]	
Molecular Function	GO:0003777	null	microtubule motor activity	GeneDB	IEA	GO_REF:0000002	InterPro:IPR001752	MGO:0003777	PVP01_0113900.1	
Molecular Function	GO:0003777	null	microtubule motor activity	gouniprot	IEA	null	null	MGO:0003777	PVP01_0113900.1	
Molecular Function	GO:0005524	null	ATP binding	GeneDB	IEA	GO_REF:0000002	InterPro:IPR001752	MGO:0005524	PVP01_0113900.1	
Molecular Function	GO:0005524	null	ATP binding	gouniprot	IEA	null	null	MGO:0005524	PVP01_0113900.1	
Biological Process	GO:0007018	null	microtubule-based movement	GeneDB	IEA	GO_REF:0000002	InterPro:IPR001752	BGO:0007018	PVP01_0113900.1	
Biological Process	GO:0007018	null	microtubule-based movement	gouniprot	IEA	null	null	BGO:0007018	PVP01_0113900.1	
Molecular Function	GO:0008017	null	microtubule binding	GeneDB	IEA	GO_REF:0000002	InterPro:IPR001752	MGO:0008017	PVP01_0113900.1	
Molecular Function	GO:0008017	null	microtubule binding	gouniprot	IEA	null	null	MGO:0008017	PVP01_0113900.1	
Table: Gene Location
[Sequence Level]	[Genomic Sequence]	[lc_project_id]	[Location]	[organismAbbrev]	[start]	[end]	[is_reversed]	[start_context]	[end_context]	
chromosome	PvP01_01_v2	plasmodb	621424 - 625782 (+)	pvivP01	621424	625782	+	616424	630782	
Table: Notes from Annotator
[Date]	[Note]	[Transcript ID(s)]	
Table: Proteins Properties and Features
[Transcript ID]	[Isoelectric Point]	[Molecular Weight]	[Has SignalP]	[Has TMHMM]	[lc_project_id]	[organismAbbrev]	[Protein Length]	[pbrowseImgUrlPrefix]	[Protein Features]	[prot_info]	[JBrowse ProtProps]	[JBrowse P Jbrowse]	
PVP01_0113900.1	9.62	89151	no	no	plasmodb	pvivP01	794	/cgi-bin/gbrowse_img/plasmodbaa/	/cgi-bin/gbrowse_img/plasmodbaa/?name=PVP01_0113900.1;l=InterproDomains%1ESignalP%1ETMHMM%1EExportPred%1EHydropathyPlot%1ELowComplexity%1ESecondaryStructure;hmap=protein_properties_PVP01_0113900.1;genepage=1	PVP01_0113900.1-p1%3A1..794	/a/jbrowse/index.html?data=/plasmo/service/jbrowse/proteinPropertyTracks/pvivP01%2Faa&loc=PVP01_0113900.1-p1%3A1..794&tracks=refseq%2CInterproDomains%2CTMHMM%2CSignalP%2CExportPred%2CHydropathy%2CLowComplexity%2CSecondaryStructureHelix%2CSecondaryStructureStrand%2CSecondaryStructureCoil&highlight=	/plasmo/app/jbrowse?loc=PVP01_0113900.1-p1%3A1..794&data=/plasmo/service/jbrowse/tracks/pvivP01%2Faa&tracks=refseq%2CInterproDomains%2CTMHMM%2CSignalP%2CExportPred%2CHydropathy%2CLowComplexity%2CSecondaryStructureHelix%2CSecondaryStructureStrand%2CSecondaryStructureCoil&highlight=	

------------------------------------------------------------

