Gene ID: PVX_092945
Chromosome: 9
Product Description: sporozoite and liver stage asparagine-rich protein

Table: Names, Previous Identifiers, and Aliases
[Name/ID/Alias]	[Type]	
A0A1G4GYC0	alternate ID	
A0A1G4HDJ5	alternate ID	
A0A564ZWT7	alternate ID	
Pv092945	previous ID	
SAP1	synonym	
Table: Orthologs and Paralogs within VEuPathDB
[Gene ID]	[Ortholog]	[Organism]	[Product]	[is syntenic]	
PVX_092945	PVP01_0947600	Plasmodium vivax P01	sporozoite asparagine-rich protein	yes	
PVX_092945	PCOAH_00025230	Plasmodium coatneyi Hackeri	Uncharacterized protein	no	
PVX_092945	PCYB_142290	Plasmodium cynomolgi strain B	hypothetical protein	no	
PVX_092945	PVBDA_0900160	Plasmodium vinckei brucechwatti DA	CIR protein PIR protein [Source:UniProtKB/TrEMBL;Acc:A0A6V7S4Q8]	no	
PVX_092945	YYE_03627	Plasmodium vinckei vinckei strain vinckei	hypothetical protein	no	
Table: piggyBac insertion mutagenesis
[Score]	[Score Type]	
Table: Signal Peptide
[NN Conclusion Score]	[NN D-Score]	[HMM Signal Probabability]	[Start Min]	[End Max]	[Signal Peptide]	[Transcript ID]	
Table: Transmembrane Domains
[Start Min]	[End Max]	[Sequence]	[Topology]	[Transcript ID]	
Table: GO Terms
[Ontology]	[GO ID]	[Is Not]	[GO Term Name]	[Source]	[Evidence Code]	[Reference]	[Support for Evidence Code Assignment]	[sort_key]	[Transcript ID(s)]	
Table: Gene Location
[Sequence Level]	[Genomic Sequence]	[lc_project_id]	[Location]	[organismAbbrev]	[start]	[end]	[is_reversed]	[start_context]	[end_context]	
chromosome	Pv_Sal1_chr09	plasmodb	1846139 - 1856329 (-)	pvivSal1	1846139	1856329	-	1841139	1861329	
Table: Notes from Annotator
[Date]	[Note]	[Transcript ID(s)]	
Table: Proteins Properties and Features
[Transcript ID]	[Isoelectric Point]	[Molecular Weight]	[Has SignalP]	[Has TMHMM]	[lc_project_id]	[organismAbbrev]	[Protein Length]	[pbrowseImgUrlPrefix]	[Protein Features]	[prot_info]	[JBrowse ProtProps]	[JBrowse P Jbrowse]	
PVX_092945.1	7.38	370881	no	no	plasmodb	pvivSal1	3305	/cgi-bin/gbrowse_img/plasmodbaa/	/cgi-bin/gbrowse_img/plasmodbaa/?name=PVX_092945.1;l=InterproDomains%1ESignalP%1ETMHMM%1EExportPred%1EHydropathyPlot%1ELowComplexity%1ESecondaryStructure;hmap=protein_properties_PVX_092945.1;genepage=1	PVX_092945.1-p1%3A1..3305	/a/jbrowse/index.html?data=/plasmo/service/jbrowse/proteinPropertyTracks/pvivSal1%2Faa&loc=PVX_092945.1-p1%3A1..3305&tracks=refseq%2CInterproDomains%2CTMHMM%2CSignalP%2CExportPred%2CHydropathy%2CLowComplexity%2CSecondaryStructureHelix%2CSecondaryStructureStrand%2CSecondaryStructureCoil&highlight=	/plasmo/app/jbrowse?loc=PVX_092945.1-p1%3A1..3305&data=/plasmo/service/jbrowse/tracks/pvivSal1%2Faa&tracks=refseq%2CInterproDomains%2CTMHMM%2CSignalP%2CExportPred%2CHydropathy%2CLowComplexity%2CSecondaryStructureHelix%2CSecondaryStructureStrand%2CSecondaryStructureCoil&highlight=	

------------------------------------------------------------

