Gene ID: PVP01_1000200
Chromosome: 10
Product Description: PIR protein

Table: Names, Previous Identifiers, and Aliases
[Name/ID/Alias]	[Type]	
A0A1G4E8C1	alternate ID	
A0A1G4HDL3	alternate ID	
A0A1G4HDM6	alternate ID	
A0A1G4HDR3	alternate ID	
A0A564ZVK5	alternate ID	
UPI00090A2CA7	alternate ID	
VUZ96296.1	alternate ID	
Table: Orthologs and Paralogs within VEuPathDB
[Gene ID]	[Ortholog]	[Organism]	[Product]	[is syntenic]	
PVP01_1000200	PcyM_0027000	Plasmodium cynomolgi strain M	PIR protein	yes	
PVP01_1000200	PCYB_001140	Plasmodium cynomolgi strain B	CYIR protein	no	
PVP01_1000200	PCYB_001400	Plasmodium cynomolgi strain B	hypothetical protein	no	
PVP01_1000200	PCYB_001900	Plasmodium cynomolgi strain B	hypothetical protein	no	
PVP01_1000200	PCYB_001990	Plasmodium cynomolgi strain B	hypothetical protein	no	
PVP01_1000200	PCYB_002800	Plasmodium cynomolgi strain B	CYIR protein	no	
PVP01_1000200	PCYB_004030	Plasmodium cynomolgi strain B	CYIR protein	no	
PVP01_1000200	PCYB_004710	Plasmodium cynomolgi strain B	hypothetical protein	no	
PVP01_1000200	PVL_000088900	Plasmodium vivax-like Pvl01	Plasmodium vivax Vir protein, putative	no	
PVP01_1000200	PVL_080033800	Plasmodium vivax-like Pvl01	VIR protein	no	
PVP01_1000200	PVP01_0000980	Plasmodium vivax P01	PIR protein	no	
PVP01_1000200	PVP01_0101900	Plasmodium vivax P01	PIR protein	no	
PVP01_1000200	PVP01_0403800	Plasmodium vivax P01	PIR protein	no	
PVP01_1000200	PVP01_0533600	Plasmodium vivax P01	PIR protein	no	
PVP01_1000200	PVP01_0838500	Plasmodium vivax P01	PIR protein	no	
PVP01_1000200	PVP01_1148300	Plasmodium vivax P01	PIR protein	no	
PVP01_1000200	PVX_002480	Plasmodium vivax Sal-1	variable surface protein Vir12/24-related	no	
PVP01_1000200	PVX_005050	Plasmodium vivax Sal-1	variable surface protein Vir22/23-related	no	
PVP01_1000200	PVX_090295	Plasmodium vivax Sal-1	VIR protein	no	
PVP01_1000200	PVX_119210	Plasmodium vivax Sal-1	variant surface protein Vir22/5/24, putative	no	
PVP01_1000200	PVX_124715	Plasmodium vivax Sal-1	variable surface protein Vir5-related	no	
PVP01_1000200	PY04249	Plasmodium yoelii yoelii 17XNL	putative yir2 protein	no	
PVP01_1000200	PcyM_0018300	Plasmodium cynomolgi strain M	PIR protein	no	
PVP01_1000200	PcyM_0069000	Plasmodium cynomolgi strain M	PIR protein	no	
PVP01_1000200	PcyM_0078600	Plasmodium cynomolgi strain M	PIR protein	no	
PVP01_1000200	PcyM_0102000	Plasmodium cynomolgi strain M	PIR protein	no	
PVP01_1000200	PcyM_0401000	Plasmodium cynomolgi strain M	PIR protein	no	
PVP01_1000200	PcyM_0843000	Plasmodium cynomolgi strain M	PIR protein	no	
PVP01_1000200	PcyM_1151400	Plasmodium cynomolgi strain M	PIR protein	no	
PVP01_1000200	PcyM_1285700	Plasmodium cynomolgi strain M	PIR protein	no	
PVP01_1000200	PmUG01_00066100	Plasmodium malariae UG01	PIR protein	no	
PVP01_1000200	PmUG01_01031900	Plasmodium malariae UG01	PIR protein	no	
PVP01_1000200	PmUG01_10052000	Plasmodium malariae UG01	PIR protein	no	
PVP01_1000200	PmUG01_11012700	Plasmodium malariae UG01	PIR protein	no	
PVP01_1000200	PocGH01_00125200	Plasmodium ovale curtisi GH01	PIR protein	no	
PVP01_1000200	PocGH01_00164800	Plasmodium ovale curtisi GH01	PIR protein	no	
PVP01_1000200	PocGH01_00211100	Plasmodium ovale curtisi GH01	PIR protein	no	
PVP01_1000200	PocGH01_00238000	Plasmodium ovale curtisi GH01	PIR protein	no	
Table: piggyBac insertion mutagenesis
[Score]	[Score Type]	
Table: Signal Peptide
[NN Conclusion Score]	[NN D-Score]	[HMM Signal Probabability]	[Start Min]	[End Max]	[Signal Peptide]	[Transcript ID]	
Table: Transmembrane Domains
[Start Min]	[End Max]	[Sequence]	[Topology]	[Transcript ID]	
Table: GO Terms
[Ontology]	[GO ID]	[Is Not]	[GO Term Name]	[Source]	[Evidence Code]	[Reference]	[Support for Evidence Code Assignment]	[sort_key]	[Transcript ID(s)]	
Table: Gene Location
[Sequence Level]	[Genomic Sequence]	[lc_project_id]	[Location]	[organismAbbrev]	[start]	[end]	[is_reversed]	[start_context]	[end_context]	
chromosome	PvP01_10_v2	plasmodb	8117 - 11108 (+)	pvivP01	8117	11108	+	3117	16108	
Table: Notes from Annotator
[Date]	[Note]	[Transcript ID(s)]	
Table: Proteins Properties and Features
[Transcript ID]	[Isoelectric Point]	[Molecular Weight]	[Has SignalP]	[Has TMHMM]	[lc_project_id]	[organismAbbrev]	[Protein Length]	[pbrowseImgUrlPrefix]	[Protein Features]	[prot_info]	[JBrowse ProtProps]	[JBrowse P Jbrowse]	
PVP01_1000200.1	8.36	87705	no	no	plasmodb	pvivP01	734	/cgi-bin/gbrowse_img/plasmodbaa/	/cgi-bin/gbrowse_img/plasmodbaa/?name=PVP01_1000200.1;l=InterproDomains%1ESignalP%1ETMHMM%1EExportPred%1EHydropathyPlot%1ELowComplexity%1ESecondaryStructure;hmap=protein_properties_PVP01_1000200.1;genepage=1	PVP01_1000200.1-p1%3A1..734	/a/jbrowse/index.html?data=/plasmo/service/jbrowse/proteinPropertyTracks/pvivP01%2Faa&loc=PVP01_1000200.1-p1%3A1..734&tracks=refseq%2CInterproDomains%2CTMHMM%2CSignalP%2CExportPred%2CHydropathy%2CLowComplexity%2CSecondaryStructureHelix%2CSecondaryStructureStrand%2CSecondaryStructureCoil&highlight=	/plasmo/app/jbrowse?loc=PVP01_1000200.1-p1%3A1..734&data=/plasmo/service/jbrowse/tracks/pvivP01%2Faa&tracks=refseq%2CInterproDomains%2CTMHMM%2CSignalP%2CExportPred%2CHydropathy%2CLowComplexity%2CSecondaryStructureHelix%2CSecondaryStructureStrand%2CSecondaryStructureCoil&highlight=	

------------------------------------------------------------

