Gene ID: PVX_099550
Chromosome: 7
Product Description: hypothetical protein, conserved

Table: Names, Previous Identifiers, and Aliases
[Name/ID/Alias]	[Type]	
A0A1G4GVD2	alternate ID	
A0A1G4HAT2	alternate ID	
A0A564ZSL8	alternate ID	
A5K6U2	alternate ID	
EDL45033.1	alternate ID	
UPI000153E654	alternate ID	
XP_001614760.1	alternate ID	
Pv099550	previous ID	
Table: Orthologs and Paralogs within VEuPathDB
[Gene ID]	[Ortholog]	[Organism]	[Product]	[is syntenic]	
PVX_099550	AK88_02921	Plasmodium fragile strain nilgiri	hypothetical protein	yes	
PVX_099550	C922_01663	Plasmodium inui San Antonio 1	hypothetical protein	yes	
PVX_099550	PBLACG01_0922500	Plasmodium blacklocki G01	conserved Plasmodium protein, unknown function	yes	
PVX_099550	PCOAH_00016920	Plasmodium coatneyi Hackeri	Uncharacterized protein	yes	
PVX_099550	PCYB_073040	Plasmodium cynomolgi strain B	hypothetical protein	yes	
PVX_099550	PF3D7_0922800	Plasmodium falciparum 3D7	conserved Plasmodium protein, unknown function	yes	
PVX_099550	PGABG01_0920200	Plasmodium gaboni strain G01	conserved Plasmodium protein, unknown function	yes	
PVX_099550	PGSY75_0922800	Plasmodium gaboni strain SY75	hypothetical protein	yes	
PVX_099550	PKA1H_070025900	Plasmodium knowlesi strain A1H1	conserved Plasmodium protein, unknown function	yes	
PVX_099550	PKNH_0720800	Plasmodium knowlesi strain H	conserved Plasmodium protein, unknown function	yes	
PVX_099550	PKNOH_S06422500	Plasmodium knowlesi strain Malayan Strain Pk1 A	Uncharacterized protein	yes	
PVX_099550	PRCDC_0920800	Plasmodium reichenowi CDC	conserved Plasmodium protein, unknown function	yes	
PVX_099550	PRG01_0930200	Plasmodium reichenowi G01	conserved Plasmodium protein, unknown function	yes	
PVX_099550	PVL_070020500	Plasmodium vivax-like Pvl01	conserved Plasmodium protein, unknown function	yes	
PVX_099550	PVP01_0721300	Plasmodium vivax P01	conserved Plasmodium protein, unknown function	yes	
PVX_099550	PcyM_0721600	Plasmodium cynomolgi strain M	conserved Plasmodium protein, unknown function	yes	
PVX_099550	Pf7G8_090027600	Plasmodium falciparum 7G8	conserved Plasmodium protein, unknown function	yes	
PVX_099550	PfDd2_090027800	Plasmodium falciparum Dd2	conserved Plasmodium protein, unknown function	yes	
PVX_099550	PfGN01_090027600	Plasmodium falciparum GN01	conserved Plasmodium protein, unknown function	yes	
PVX_099550	PfHB3_090027400	Plasmodium falciparum HB3	conserved Plasmodium protein, unknown function	yes	
PVX_099550	PfIT_090027300	Plasmodium falciparum IT	conserved Plasmodium protein, unknown function	yes	
PVX_099550	PfKE01_090027100	Plasmodium falciparum KE01	conserved Plasmodium protein, unknown function	yes	
PVX_099550	PfKH01_090027000	Plasmodium falciparum KH01	conserved Plasmodium protein, unknown function	yes	
PVX_099550	PfKH02_090027500	Plasmodium falciparum KH02	conserved Plasmodium protein, unknown function	yes	
PVX_099550	PfML01_090027200	Plasmodium falciparum ML01	conserved Plasmodium protein, unknown function	yes	
PVX_099550	PmUG01_07034300	Plasmodium malariae UG01	conserved Plasmodium protein, unknown function	yes	
PVX_099550	YYE_03362	Plasmodium vinckei vinckei strain vinckei	hypothetical protein	yes	
PVX_099550	AK88_01654	Plasmodium fragile strain nilgiri	hypothetical protein	no	
Table: piggyBac insertion mutagenesis
[Score]	[Score Type]	
Table: Signal Peptide
[NN Conclusion Score]	[NN D-Score]	[HMM Signal Probabability]	[Start Min]	[End Max]	[Signal Peptide]	[Transcript ID]	
Table: Transmembrane Domains
[Start Min]	[End Max]	[Sequence]	[Topology]	[Transcript ID]	
Table: GO Terms
[Ontology]	[GO ID]	[Is Not]	[GO Term Name]	[Source]	[Evidence Code]	[Reference]	[Support for Evidence Code Assignment]	[sort_key]	[Transcript ID(s)]	
Table: Gene Location
[Sequence Level]	[Genomic Sequence]	[lc_project_id]	[Location]	[organismAbbrev]	[start]	[end]	[is_reversed]	[start_context]	[end_context]	
chromosome	Pv_Sal1_chr07	plasmodb	863379 - 875189 (-)	pvivSal1	863379	875189	-	858379	880189	
Table: Notes from Annotator
[Date]	[Note]	[Transcript ID(s)]	
Table: Proteins Properties and Features
[Transcript ID]	[Isoelectric Point]	[Molecular Weight]	[Has SignalP]	[Has TMHMM]	[lc_project_id]	[organismAbbrev]	[Protein Length]	[pbrowseImgUrlPrefix]	[Protein Features]	[prot_info]	[JBrowse ProtProps]	[JBrowse P Jbrowse]	
PVX_099550.1	10.09	433807	no	no	plasmodb	pvivSal1	3826	/cgi-bin/gbrowse_img/plasmodbaa/	/cgi-bin/gbrowse_img/plasmodbaa/?name=PVX_099550.1;l=InterproDomains%1ESignalP%1ETMHMM%1EExportPred%1EHydropathyPlot%1ELowComplexity%1ESecondaryStructure;hmap=protein_properties_PVX_099550.1;genepage=1	PVX_099550.1-p1%3A1..3826	/a/jbrowse/index.html?data=/plasmo/service/jbrowse/proteinPropertyTracks/pvivSal1%2Faa&loc=PVX_099550.1-p1%3A1..3826&tracks=refseq%2CInterproDomains%2CTMHMM%2CSignalP%2CExportPred%2CHydropathy%2CLowComplexity%2CSecondaryStructureHelix%2CSecondaryStructureStrand%2CSecondaryStructureCoil&highlight=	/plasmo/app/jbrowse?loc=PVX_099550.1-p1%3A1..3826&data=/plasmo/service/jbrowse/tracks/pvivSal1%2Faa&tracks=refseq%2CInterproDomains%2CTMHMM%2CSignalP%2CExportPred%2CHydropathy%2CLowComplexity%2CSecondaryStructureHelix%2CSecondaryStructureStrand%2CSecondaryStructureCoil&highlight=	

------------------------------------------------------------

