Gene ID: PVX_099405
Chromosome: 7
Product Description: TLD domain-containing protein

Table: Names, Previous Identifiers, and Aliases
[Name/ID/Alias]	[Type]	
A0A1G4GVA2	alternate ID	
A0A1G4HAL5	alternate ID	
A0A564ZUK9	alternate ID	
A5K6R2	alternate ID	
EDL45003.1	alternate ID	
UPI000153ED30	alternate ID	
XP_001614730.1	alternate ID	
Pv099405	previous ID	
Table: Orthologs and Paralogs within VEuPathDB
[Gene ID]	[Ortholog]	[Organism]	[Product]	[is syntenic]	
PVX_099405	AK88_01685	Plasmodium fragile strain nilgiri	hypothetical protein	yes	
PVX_099405	C922_01632	Plasmodium inui San Antonio 1	hypothetical protein	yes	
PVX_099405	HEP_00029100	Hepatocystis sp. ex Piliocolobus tephrosceles 2019	TLD domain-containing protein	yes	
PVX_099405	PADL01_0918800	Plasmodium adleri G01	TLD domain-containing protein	yes	
PVX_099405	PBANKA_0820700	Plasmodium berghei ANKA	TLD domain-containing protein	yes	
PVX_099405	PBILCG01_0923200	Plasmodium billcollinsi G01	TLD domain-containing protein	yes	
PVX_099405	PBLACG01_0919400	Plasmodium blacklocki G01	TLD domain-containing protein	yes	
PVX_099405	PCHAS_0821000	Plasmodium chabaudi chabaudi	TLD domain-containing protein	yes	
PVX_099405	PCOAH_00017210	Plasmodium coatneyi Hackeri	Uncharacterized protein	yes	
PVX_099405	PCYB_072730	Plasmodium cynomolgi strain B	TLD domain-containing protein	yes	
PVX_099405	PF3D7_0919800	Plasmodium falciparum 3D7	TLD domain-containing protein	yes	
PVX_099405	PGABG01_0917200	Plasmodium gaboni strain G01	TLD domain-containing protein	yes	
PVX_099405	PGAL8A_00432600	Plasmodium gallinaceum 8A	TLD domain-containing protein	yes	
PVX_099405	PGSY75_0919800	Plasmodium gaboni strain SY75	TLD domain-containing protein	yes	
PVX_099405	PKA1H_070022900	Plasmodium knowlesi strain A1H1	TLD domain-containing protein	yes	
PVX_099405	PKNH_0717800	Plasmodium knowlesi strain H	TLD domain-containing protein	yes	
PVX_099405	PKNOH_S06419500	Plasmodium knowlesi strain Malayan Strain Pk1 A	TLD domain-containing protein	yes	
PVX_099405	PPRFG01_0918600	Plasmodium praefalciparum strain G01	TLD domain-containing protein	yes	
PVX_099405	PRCDC_0917800	Plasmodium reichenowi CDC	TLD domain-containing protein	yes	
PVX_099405	PRELSG_0717300	Plasmodium relictum SGS1-like	TLD domain-containing protein	yes	
PVX_099405	PRG01_0927200	Plasmodium reichenowi G01	TLD domain-containing protein	yes	
PVX_099405	PVBDA_0802030	Plasmodium vinckei brucechwatti DA	TLDc domain-containing protein [Source:UniProtKB/TrEMBL;Acc:A0A6V7S3X5]	yes	
PVX_099405	PVLDE_0802040	Plasmodium vinckei lentum DE	TLDc domain-containing protein [Source:UniProtKB/TrEMBL;Acc:A0A6V7S1V2]	yes	
PVX_099405	PVL_000059800	Plasmodium vivax-like Pvl01	TLD domain-containing protein	yes	
PVX_099405	PVP01_0718200	Plasmodium vivax P01	TLD domain-containing protein	yes	
PVX_099405	PVPCR_0802010	Plasmodium vinckei petteri CR 2020	TLDc domain-containing protein [Source:UniProtKB/TrEMBL;Acc:W7AJT0]	yes	
PVX_099405	PVSEL_0802150	Plasmodium vinckei Cameroon EL	TLDc domain-containing protein [Source:UniProtKB/TrEMBL;Acc:A0A6V7STT2]	yes	
PVX_099405	PVVCY_0801810	Plasmodium vinckei vinckei CY	TLDc domain-containing protein [Source:UniProtKB/TrEMBL;Acc:A0A449BRD1]	yes	
PVX_099405	PY05378	Plasmodium yoelii yoelii 17XNL	hypothetical protein	yes	
PVX_099405	PY17X_0824000	Plasmodium yoelii yoelii 17X	TLD domain-containing protein	yes	
PVX_099405	PYYM_0823700	Plasmodium yoelii yoelii YM	TLD domain-containing protein	yes	
PVX_099405	PcyM_0718200	Plasmodium cynomolgi strain M	TLD domain-containing protein	yes	
PVX_099405	Pf7G8_090024600	Plasmodium falciparum 7G8	TLD domain-containing protein	yes	
PVX_099405	PfCD01_090024100	Plasmodium falciparum CD01	TLD domain-containing protein	yes	
PVX_099405	PfDd2_090024800	Plasmodium falciparum Dd2	TLD domain-containing protein	yes	
PVX_099405	PfGA01_090024000	Plasmodium falciparum GA01	TLD domain-containing protein	yes	
PVX_099405	PfGB4_090024700	Plasmodium falciparum GB4	TLD domain-containing protein	yes	
PVX_099405	PfGN01_090024600	Plasmodium falciparum GN01	TLD domain-containing protein	yes	
PVX_099405	PfHB3_090024400	Plasmodium falciparum HB3	TLD domain-containing protein	yes	
PVX_099405	PfIT_090024300	Plasmodium falciparum IT	TLD domain-containing protein	yes	
PVX_099405	PfKE01_090024100	Plasmodium falciparum KE01	TLD domain-containing protein	yes	
PVX_099405	PfKH01_090024000	Plasmodium falciparum KH01	TLD domain-containing protein	yes	
PVX_099405	PfKH02_090024500	Plasmodium falciparum KH02	TLD domain-containing protein	yes	
PVX_099405	PfML01_090024200	Plasmodium falciparum ML01	TLD domain-containing protein	yes	
PVX_099405	PfSD01_090024700	Plasmodium falciparum SD01	TLD domain-containing protein	yes	
PVX_099405	PfSN01_090024300	Plasmodium falciparum SN01	TLD domain-containing protein	yes	
PVX_099405	PfTG01_090024100	Plasmodium falciparum TG01	TLD domain-containing protein	yes	
PVX_099405	PmUG01_07031300	Plasmodium malariae UG01	TLD domain-containing protein	yes	
PVX_099405	PocGH01_07027200	Plasmodium ovale curtisi GH01	TLD domain-containing protein	yes	
PVX_099405	YYE_03333	Plasmodium vinckei vinckei strain vinckei	hypothetical protein	yes	
PVX_099405	YYG_02736	Plasmodium vinckei petteri strain CR	hypothetical protein	yes	
PVX_099405	PBILCG01_0003500	Plasmodium billcollinsi G01	TLD domain-containing protein	no	
Table: piggyBac insertion mutagenesis
[Score]	[Score Type]	
Table: Signal Peptide
[NN Conclusion Score]	[NN D-Score]	[HMM Signal Probabability]	[Start Min]	[End Max]	[Signal Peptide]	[Transcript ID]	
Table: Transmembrane Domains
[Start Min]	[End Max]	[Sequence]	[Topology]	[Transcript ID]	
Table: GO Terms
[Ontology]	[GO ID]	[Is Not]	[GO Term Name]	[Source]	[Evidence Code]	[Reference]	[Support for Evidence Code Assignment]	[sort_key]	[Transcript ID(s)]	
Table: Gene Location
[Sequence Level]	[Genomic Sequence]	[lc_project_id]	[Location]	[organismAbbrev]	[start]	[end]	[is_reversed]	[start_context]	[end_context]	
chromosome	Pv_Sal1_chr07	plasmodb	742582 - 745796 (-)	pvivSal1	742582	745796	-	737582	750796	
Table: Notes from Annotator
[Date]	[Note]	[Transcript ID(s)]	
Table: Proteins Properties and Features
[Transcript ID]	[Isoelectric Point]	[Molecular Weight]	[Has SignalP]	[Has TMHMM]	[lc_project_id]	[organismAbbrev]	[Protein Length]	[pbrowseImgUrlPrefix]	[Protein Features]	[prot_info]	[JBrowse ProtProps]	[JBrowse P Jbrowse]	
PVX_099405.1	5.8	107834	no	no	plasmodb	pvivSal1	969	/cgi-bin/gbrowse_img/plasmodbaa/	/cgi-bin/gbrowse_img/plasmodbaa/?name=PVX_099405.1;l=InterproDomains%1ESignalP%1ETMHMM%1EExportPred%1EHydropathyPlot%1ELowComplexity%1ESecondaryStructure;hmap=protein_properties_PVX_099405.1;genepage=1	PVX_099405.1-p1%3A1..969	/a/jbrowse/index.html?data=/plasmo/service/jbrowse/proteinPropertyTracks/pvivSal1%2Faa&loc=PVX_099405.1-p1%3A1..969&tracks=refseq%2CInterproDomains%2CTMHMM%2CSignalP%2CExportPred%2CHydropathy%2CLowComplexity%2CSecondaryStructureHelix%2CSecondaryStructureStrand%2CSecondaryStructureCoil&highlight=	/plasmo/app/jbrowse?loc=PVX_099405.1-p1%3A1..969&data=/plasmo/service/jbrowse/tracks/pvivSal1%2Faa&tracks=refseq%2CInterproDomains%2CTMHMM%2CSignalP%2CExportPred%2CHydropathy%2CLowComplexity%2CSecondaryStructureHelix%2CSecondaryStructureStrand%2CSecondaryStructureCoil&highlight=	

------------------------------------------------------------

