Gene ID: PVX_084175
Chromosome: 13
Product Description: hypothetical protein, conserved

Table: Names, Previous Identifiers, and Aliases
[Name/ID/Alias]	[Type]	
A0A1G4H2R1	alternate ID	
A0A1G4HI60	alternate ID	
A0A565A059	alternate ID	
Pv084175	previous ID	
Table: Orthologs and Paralogs within VEuPathDB
[Gene ID]	[Ortholog]	[Organism]	[Product]	[is syntenic]	
PVX_084175	AK88_02067	Plasmodium fragile strain nilgiri	hypothetical protein	yes	
PVX_084175	C922_04437	Plasmodium inui San Antonio 1	hypothetical protein	yes	
PVX_084175	HEP_00006100	Hepatocystis sp. ex Piliocolobus tephrosceles 2019	conserved protein, unknown function	yes	
PVX_084175	PADL01_1203100	Plasmodium adleri G01	conserved protein, unknown function	yes	
PVX_084175	PBANKA_0601600	Plasmodium berghei ANKA	nuclear export mediator factor NEMF, putative	yes	
PVX_084175	PBILCG01_1203700	Plasmodium billcollinsi G01	conserved protein, unknown function	yes	
PVX_084175	PBLACG01_1202300	Plasmodium blacklocki G01	conserved protein, unknown function	yes	
PVX_084175	PCHAS_0603400	Plasmodium chabaudi chabaudi	nuclear export mediator factor NEMF, putative	yes	
PVX_084175	PCOAH_00006550	Plasmodium coatneyi Hackeri	Uncharacterized protein	yes	
PVX_084175	PCYB_131140	Plasmodium cynomolgi strain B	hypothetical protein	yes	
PVX_084175	PF3D7_1202600	Plasmodium falciparum 3D7	nuclear export mediator factor NEMF, putative	yes	
PVX_084175	PGABG01_1201700	Plasmodium gaboni strain G01	conserved protein, unknown function	yes	
PVX_084175	PGAL8A_00319100	Plasmodium gallinaceum 8A	nuclear export mediator factor NEMF, putative	yes	
PVX_084175	PGSY75_1202600	Plasmodium gaboni strain SY75	conserved protein, unknown function	yes	
PVX_084175	PKA1H_130007400	Plasmodium knowlesi strain A1H1	conserved protein, unknown function	yes	
PVX_084175	PKNH_1302500	Plasmodium knowlesi strain H	nuclear export mediator factor NEMF, putative	yes	
PVX_084175	PKNOH_S08474000	Plasmodium knowlesi strain Malayan Strain Pk1 A	Uncharacterized protein	yes	
PVX_084175	PPRFG01_1252200	Plasmodium praefalciparum strain G01	conserved protein, unknown function	yes	
PVX_084175	PRCDC_1202000	Plasmodium reichenowi CDC	nuclear export mediator factor NEMF, putative	yes	
PVX_084175	PRELSG_1301700	Plasmodium relictum SGS1-like	nuclear export mediator factor NEMF, putative	yes	
PVX_084175	PRG01_1206300	Plasmodium reichenowi G01	conserved protein, unknown function	yes	
PVX_084175	PVBDA_0600190	Plasmodium vinckei brucechwatti DA	unspecified product	yes	
PVX_084175	PVLDE_0600300	Plasmodium vinckei lentum DE	unspecified product	yes	
PVX_084175	PVP01_1301900	Plasmodium vivax P01	nuclear export mediator factor NEMF, putative	yes	
PVX_084175	PVPCR_0600320	Plasmodium vinckei petteri CR 2020	unspecified product	yes	
PVX_084175	PVSEL_0600400	Plasmodium vinckei Cameroon EL	unspecified product	yes	
PVX_084175	PVVCY_0600180	Plasmodium vinckei vinckei CY	unspecified product	yes	
PVX_084175	PY01520	Plasmodium yoelii yoelii 17XNL	strong similarity to unknown protein-related	yes	
PVX_084175	PY01521	Plasmodium yoelii yoelii 17XNL	hypothetical protein	yes	
PVX_084175	PY17X_0604100	Plasmodium yoelii yoelii 17X	nuclear export mediator factor NEMF, putative	yes	
PVX_084175	PYYM_0603200	Plasmodium yoelii yoelii YM	conserved protein, unknown function	yes	
PVX_084175	PcyM_1302400	Plasmodium cynomolgi strain M	conserved protein, unknown function	yes	
PVX_084175	Pf7G8_120007800	Plasmodium falciparum 7G8	conserved protein, unknown function	yes	
PVX_084175	PfCD01_120007800	Plasmodium falciparum CD01	conserved protein, unknown function	yes	
PVX_084175	PfDd2_120007700	Plasmodium falciparum Dd2	conserved protein, unknown function	yes	
PVX_084175	PfGA01_120007800	Plasmodium falciparum GA01	conserved protein, unknown function	yes	
PVX_084175	PfGB4_120007800	Plasmodium falciparum GB4	conserved protein, unknown function	yes	
PVX_084175	PfGN01_120009300	Plasmodium falciparum GN01	conserved protein, unknown function	yes	
PVX_084175	PfHB3_120008100	Plasmodium falciparum HB3	conserved protein, unknown function	yes	
PVX_084175	PfIT_120008200	Plasmodium falciparum IT	conserved protein, unknown function	yes	
PVX_084175	PfKE01_120008200	Plasmodium falciparum KE01	conserved protein, unknown function	yes	
PVX_084175	PfKH01_120009400	Plasmodium falciparum KH01	conserved protein, unknown function	yes	
PVX_084175	PfKH02_120008200	Plasmodium falciparum KH02	conserved protein, unknown function	yes	
PVX_084175	PfSD01_120008000	Plasmodium falciparum SD01	conserved protein, unknown function	yes	
PVX_084175	PfSN01_120008800	Plasmodium falciparum SN01	conserved protein, unknown function	yes	
PVX_084175	PfTG01_120008300	Plasmodium falciparum TG01	conserved protein, unknown function	yes	
PVX_084175	PmUG01_13012900	Plasmodium malariae UG01	nuclear export mediator factor NEMF, putative	yes	
PVX_084175	PocGH01_13012800	Plasmodium ovale curtisi GH01	nuclear export mediator factor NEMF, putative	yes	
PVX_084175	YYE_03514	Plasmodium vinckei vinckei strain vinckei	hypothetical protein	yes	
PVX_084175	YYG_03819	Plasmodium vinckei petteri strain CR	hypothetical protein	yes	
PVX_084175	PVL_000062000	Plasmodium vivax-like Pvl01	conserved protein, unknown function	no	
PVX_084175	PVL_130006300	Plasmodium vivax-like Pvl01	conserved protein, unknown function	no	
Table: piggyBac insertion mutagenesis
[Score]	[Score Type]	
Table: Signal Peptide
[NN Conclusion Score]	[NN D-Score]	[HMM Signal Probabability]	[Start Min]	[End Max]	[Signal Peptide]	[Transcript ID]	
Table: Transmembrane Domains
[Start Min]	[End Max]	[Sequence]	[Topology]	[Transcript ID]	
Table: GO Terms
[Ontology]	[GO ID]	[Is Not]	[GO Term Name]	[Source]	[Evidence Code]	[Reference]	[Support for Evidence Code Assignment]	[sort_key]	[Transcript ID(s)]	
Cellular Component	GO:0005739	null	mitochondrion	GeneDB_Pvivax	IEA	GO_REF:0000001	null	CGO:0005739	PVX_084175.1	
Table: Gene Location
[Sequence Level]	[Genomic Sequence]	[lc_project_id]	[Location]	[organismAbbrev]	[start]	[end]	[is_reversed]	[start_context]	[end_context]	
chromosome	Pv_Sal1_chr13	plasmodb	67881 - 74884 (-)	pvivSal1	67881	74884	-	62881	79884	
Table: Notes from Annotator
[Date]	[Note]	[Transcript ID(s)]	
Table: Proteins Properties and Features
[Transcript ID]	[Isoelectric Point]	[Molecular Weight]	[Has SignalP]	[Has TMHMM]	[lc_project_id]	[organismAbbrev]	[Protein Length]	[pbrowseImgUrlPrefix]	[Protein Features]	[prot_info]	[JBrowse ProtProps]	[JBrowse P Jbrowse]	
PVX_084175.1	6.86	225573	no	no	plasmodb	pvivSal1	2019	/cgi-bin/gbrowse_img/plasmodbaa/	/cgi-bin/gbrowse_img/plasmodbaa/?name=PVX_084175.1;l=InterproDomains%1ESignalP%1ETMHMM%1EExportPred%1EHydropathyPlot%1ELowComplexity%1ESecondaryStructure;hmap=protein_properties_PVX_084175.1;genepage=1	PVX_084175.1-p1%3A1..2019	/a/jbrowse/index.html?data=/plasmo/service/jbrowse/proteinPropertyTracks/pvivSal1%2Faa&loc=PVX_084175.1-p1%3A1..2019&tracks=refseq%2CInterproDomains%2CTMHMM%2CSignalP%2CExportPred%2CHydropathy%2CLowComplexity%2CSecondaryStructureHelix%2CSecondaryStructureStrand%2CSecondaryStructureCoil&highlight=	/plasmo/app/jbrowse?loc=PVX_084175.1-p1%3A1..2019&data=/plasmo/service/jbrowse/tracks/pvivSal1%2Faa&tracks=refseq%2CInterproDomains%2CTMHMM%2CSignalP%2CExportPred%2CHydropathy%2CLowComplexity%2CSecondaryStructureHelix%2CSecondaryStructureStrand%2CSecondaryStructureCoil&highlight=	

------------------------------------------------------------

