Gene ID: PVP01_1105300
Chromosome: 11
Product Description: conserved Plasmodium protein, unknown function

Table: Names, Previous Identifiers, and Aliases
[Name/ID/Alias]	[Type]	
A0A1G4HEX1	alternate ID	
SCO67956.1	alternate ID	
SCO73419.1	alternate ID	
UPI000153E133	alternate ID	
VUZ96795.1	alternate ID	
XP_001616449.1	alternate ID	
Table: Orthologs and Paralogs within VEuPathDB
[Gene ID]	[Ortholog]	[Organism]	[Product]	[is syntenic]	
PVP01_1105300	AK88_02395	Plasmodium fragile strain nilgiri	hypothetical protein	yes	
PVP01_1105300	HEP_00284100	Hepatocystis sp. ex Piliocolobus tephrosceles 2019	hypothetical protein	yes	
PVP01_1105300	PBANKA_1142600	Plasmodium berghei ANKA	conserved Plasmodium protein, unknown function	yes	
PVP01_1105300	PBLACG01_1364100	Plasmodium blacklocki G01	conserved Plasmodium protein, unknown function	yes	
PVP01_1105300	PCHAS_1142100	Plasmodium chabaudi chabaudi	conserved Plasmodium protein, unknown function	yes	
PVP01_1105300	PCOAH_00032270	Plasmodium coatneyi Hackeri	Uncharacterized protein	yes	
PVP01_1105300	PCYB_111380	Plasmodium cynomolgi strain B	hypothetical protein	yes	
PVP01_1105300	PVBDA_1104290	Plasmodium vinckei brucechwatti DA	unspecified product	yes	
PVP01_1105300	PVLDE_1104430	Plasmodium vinckei lentum DE	unspecified product	yes	
PVP01_1105300	PVL_110006700	Plasmodium vivax-like Pvl01	conserved Plasmodium protein, unknown function	yes	
PVP01_1105300	PVPCR_1104270	Plasmodium vinckei petteri CR 2020	unspecified product	yes	
PVP01_1105300	PVSEL_1104310	Plasmodium vinckei Cameroon EL	unspecified product	yes	
PVP01_1105300	PVVCY_1104360	Plasmodium vinckei vinckei CY	unspecified product	yes	
PVP01_1105300	PVX_115295	Plasmodium vivax Sal-1	hypothetical protein, conserved	yes	
PVP01_1105300	PY06102	Plasmodium yoelii yoelii 17XNL	hypothetical protein	yes	
PVP01_1105300	PY17X_1143900	Plasmodium yoelii yoelii 17X	conserved Plasmodium protein, unknown function	yes	
PVP01_1105300	PYYM_1144900	Plasmodium yoelii yoelii YM	conserved Plasmodium protein, unknown function	yes	
PVP01_1105300	PcyM_1104600	Plasmodium cynomolgi strain M	conserved Plasmodium protein, unknown function	yes	
PVP01_1105300	PmUG01_11019500	Plasmodium malariae UG01	conserved Plasmodium protein, unknown function	yes	
PVP01_1105300	YYE_02284	Plasmodium vinckei vinckei strain vinckei	hypothetical protein	yes	
PVP01_1105300	YYG_01578	Plasmodium vinckei petteri strain CR	hypothetical protein	yes	
Table: piggyBac insertion mutagenesis
[Score]	[Score Type]	
Table: Signal Peptide
[NN Conclusion Score]	[NN D-Score]	[HMM Signal Probabability]	[Start Min]	[End Max]	[Signal Peptide]	[Transcript ID]	
Table: Transmembrane Domains
[Start Min]	[End Max]	[Sequence]	[Topology]	[Transcript ID]	
Table: GO Terms
[Ontology]	[GO ID]	[Is Not]	[GO Term Name]	[Source]	[Evidence Code]	[Reference]	[Support for Evidence Code Assignment]	[sort_key]	[Transcript ID(s)]	
Table: Gene Location
[Sequence Level]	[Genomic Sequence]	[lc_project_id]	[Location]	[organismAbbrev]	[start]	[end]	[is_reversed]	[start_context]	[end_context]	
chromosome	PvP01_11_v2	plasmodb	209404 - 213321 (-)	pvivP01	209404	213321	-	204404	218321	
Table: Notes from Annotator
[Date]	[Note]	[Transcript ID(s)]	
Table: Proteins Properties and Features
[Transcript ID]	[Isoelectric Point]	[Molecular Weight]	[Has SignalP]	[Has TMHMM]	[lc_project_id]	[organismAbbrev]	[Protein Length]	[pbrowseImgUrlPrefix]	[Protein Features]	[prot_info]	[JBrowse ProtProps]	[JBrowse P Jbrowse]	
PVP01_1105300.1	8.23	34137	no	no	plasmodb	pvivP01	300	/cgi-bin/gbrowse_img/plasmodbaa/	/cgi-bin/gbrowse_img/plasmodbaa/?name=PVP01_1105300.1;l=InterproDomains%1ESignalP%1ETMHMM%1EExportPred%1EHydropathyPlot%1ELowComplexity%1ESecondaryStructure;hmap=protein_properties_PVP01_1105300.1;genepage=1	PVP01_1105300.1-p1%3A1..300	/a/jbrowse/index.html?data=/plasmo/service/jbrowse/proteinPropertyTracks/pvivP01%2Faa&loc=PVP01_1105300.1-p1%3A1..300&tracks=refseq%2CInterproDomains%2CTMHMM%2CSignalP%2CExportPred%2CHydropathy%2CLowComplexity%2CSecondaryStructureHelix%2CSecondaryStructureStrand%2CSecondaryStructureCoil&highlight=	/plasmo/app/jbrowse?loc=PVP01_1105300.1-p1%3A1..300&data=/plasmo/service/jbrowse/tracks/pvivP01%2Faa&tracks=refseq%2CInterproDomains%2CTMHMM%2CSignalP%2CExportPred%2CHydropathy%2CLowComplexity%2CSecondaryStructureHelix%2CSecondaryStructureStrand%2CSecondaryStructureCoil&highlight=	

------------------------------------------------------------

