Gene ID: PVP01_1404700
Chromosome: 14
Product Description: conserved Plasmodium protein, unknown function

Table: Names, Previous Identifiers, and Aliases
[Name/ID/Alias]	[Type]	
A0A1G4H4B5	alternate ID	
A0A1G4HJJ1	alternate ID	
A0A565A1G9	alternate ID	
UPI00090B5DAA	alternate ID	
VUZ98572.1	alternate ID	
Table: Orthologs and Paralogs within VEuPathDB
[Gene ID]	[Ortholog]	[Organism]	[Product]	[is syntenic]	
PVP01_1404700	AK88_00284	Plasmodium fragile strain nilgiri	hypothetical protein	yes	
PVP01_1404700	C922_04623	Plasmodium inui San Antonio 1	hypothetical protein	yes	
PVP01_1404700	PADL01_1302600	Plasmodium adleri G01	conserved Plasmodium protein, unknown function	yes	
PVP01_1404700	PBILCG01_1304100	Plasmodium billcollinsi G01	conserved Plasmodium protein, unknown function	yes	
PVP01_1404700	PBLACG01_1301900	Plasmodium blacklocki G01	conserved Plasmodium protein, unknown function	yes	
PVP01_1404700	PCHAS_1404200	Plasmodium chabaudi chabaudi	conserved Plasmodium protein, unknown function	yes	
PVP01_1404700	PCOAH_00037600	Plasmodium coatneyi Hackeri	Uncharacterized protein	yes	
PVP01_1404700	PCYB_141330	Plasmodium cynomolgi strain B	peptidase	yes	
PVP01_1404700	PF3D7_1303800	Plasmodium falciparum 3D7	conserved Plasmodium protein, unknown function	yes	
PVP01_1404700	PGABG01_1301800	Plasmodium gaboni strain G01	conserved Plasmodium protein, unknown function	yes	
PVP01_1404700	PGSY75_1303800	Plasmodium gaboni strain SY75	hypothetical protein	yes	
PVP01_1404700	PKA1H_140008900	Plasmodium knowlesi strain A1H1	peptidase, putative	yes	
PVP01_1404700	PKNH_1404000	Plasmodium knowlesi strain H	peptidase, putative	yes	
PVP01_1404700	PKNOH_S140221100	Plasmodium knowlesi strain Malayan Strain Pk1 A	putative Peptidase	yes	
PVP01_1404700	PPRFG01_1305600	Plasmodium praefalciparum strain G01	conserved Plasmodium protein, unknown function	yes	
PVP01_1404700	PRCDC_1302800	Plasmodium reichenowi CDC	conserved Plasmodium protein, unknown function	yes	
PVP01_1404700	PRELSG_1401500	Plasmodium relictum SGS1-like	conserved Plasmodium protein, unknown function	yes	
PVP01_1404700	PRG01_1305800	Plasmodium reichenowi G01	conserved Plasmodium protein, unknown function	yes	
PVP01_1404700	PVBDA_1400440	Plasmodium vinckei brucechwatti DA	PI3K/PI4K domain-containing protein [Source:UniProtKB/TrEMBL;Acc:A0A6V7SWJ0]	yes	
PVP01_1404700	PVLDE_1400210	Plasmodium vinckei lentum DE	PI3K/PI4K domain-containing protein [Source:UniProtKB/TrEMBL;Acc:A0A6V7SWM7]	yes	
PVP01_1404700	PVL_140009000	Plasmodium vivax-like Pvl01	conserved Plasmodium protein, unknown function	yes	
PVP01_1404700	PVPCR_1400520	Plasmodium vinckei petteri CR 2020	PI3K/PI4K domain-containing protein [Source:UniProtKB/TrEMBL;Acc:A0A6V7TDC0]	yes	
PVP01_1404700	PVSEL_1400460	Plasmodium vinckei Cameroon EL	PI3K/PI4K domain-containing protein [Source:UniProtKB/TrEMBL;Acc:A0A6V7TD49]	yes	
PVP01_1404700	PVX_122030	Plasmodium vivax Sal-1	hypothetical protein, conserved	yes	
PVP01_1404700	PY01943	Plasmodium yoelii yoelii 17XNL	hypothetical protein	yes	
PVP01_1404700	PcyM_1405300	Plasmodium cynomolgi strain M	conserved Plasmodium protein, unknown function	yes	
PVP01_1404700	PfHB3_130010000	Plasmodium falciparum HB3	conserved Plasmodium protein, unknown function	yes	
PVP01_1404700	PfIT_130008900	Plasmodium falciparum IT	conserved Plasmodium protein, unknown function	yes	
PVP01_1404700	PfKE01_130009300	Plasmodium falciparum KE01	conserved Plasmodium protein, unknown function	yes	
PVP01_1404700	PfML01_130006600	Plasmodium falciparum ML01	conserved Plasmodium protein, unknown function	yes	
PVP01_1404700	PfML01_130006700	Plasmodium falciparum ML01	hypothetical protein	yes	
PVP01_1404700	PfSD01_130010400	Plasmodium falciparum SD01	conserved Plasmodium protein, unknown function	yes	
PVP01_1404700	PfTG01_130009400	Plasmodium falciparum TG01	conserved Plasmodium protein, unknown function	yes	
PVP01_1404700	PocGH01_14011800	Plasmodium ovale curtisi GH01	conserved Plasmodium protein, unknown function	yes	
PVP01_1404700	YYG_00048	Plasmodium vinckei petteri strain CR	hypothetical protein	yes	
PVP01_1404700	HEP_00523700	Hepatocystis sp. ex Piliocolobus tephrosceles 2019	conserved protein, unknown function	no	
PVP01_1404700	PY00456	Plasmodium yoelii yoelii 17XNL	hypothetical protein	no	
PVP01_1404700	PY03740	Plasmodium yoelii yoelii 17XNL	hypothetical protein	no	
Table: piggyBac insertion mutagenesis
[Score]	[Score Type]	
Table: Signal Peptide
[NN Conclusion Score]	[NN D-Score]	[HMM Signal Probabability]	[Start Min]	[End Max]	[Signal Peptide]	[Transcript ID]	
Table: Transmembrane Domains
[Start Min]	[End Max]	[Sequence]	[Topology]	[Transcript ID]	
Table: GO Terms
[Ontology]	[GO ID]	[Is Not]	[GO Term Name]	[Source]	[Evidence Code]	[Reference]	[Support for Evidence Code Assignment]	[sort_key]	[Transcript ID(s)]	
Cellular Component	GO:0000123	null	histone acetyltransferase complex	gouniprot	IEA	null	null	CGO:0000123	PVP01_1404700.1	
Cellular Component	GO:0005634	null	nucleus	interpro2go	IEA	null	null	CGO:0005634	PVP01_1404700.1	
Biological Process	GO:0016573	null	histone acetylation	gouniprot	IEA	null	null	BGO:0016573	PVP01_1404700.1	
Table: Gene Location
[Sequence Level]	[Genomic Sequence]	[lc_project_id]	[Location]	[organismAbbrev]	[start]	[end]	[is_reversed]	[start_context]	[end_context]	
chromosome	PvP01_14_v2	plasmodb	215753 - 243560 (-)	pvivP01	215753	243560	-	210753	248560	
Table: Notes from Annotator
[Date]	[Note]	[Transcript ID(s)]	
Table: Proteins Properties and Features
[Transcript ID]	[Isoelectric Point]	[Molecular Weight]	[Has SignalP]	[Has TMHMM]	[lc_project_id]	[organismAbbrev]	[Protein Length]	[pbrowseImgUrlPrefix]	[Protein Features]	[prot_info]	[JBrowse ProtProps]	[JBrowse P Jbrowse]	
PVP01_1404700.1	9.79	1011351	no	no	plasmodb	pvivP01	8895	/cgi-bin/gbrowse_img/plasmodbaa/	/cgi-bin/gbrowse_img/plasmodbaa/?name=PVP01_1404700.1;l=InterproDomains%1ESignalP%1ETMHMM%1EExportPred%1EHydropathyPlot%1ELowComplexity%1ESecondaryStructure;hmap=protein_properties_PVP01_1404700.1;genepage=1	PVP01_1404700.1-p1%3A1..8895	/a/jbrowse/index.html?data=/plasmo/service/jbrowse/proteinPropertyTracks/pvivP01%2Faa&loc=PVP01_1404700.1-p1%3A1..8895&tracks=refseq%2CInterproDomains%2CTMHMM%2CSignalP%2CExportPred%2CHydropathy%2CLowComplexity%2CSecondaryStructureHelix%2CSecondaryStructureStrand%2CSecondaryStructureCoil&highlight=	/plasmo/app/jbrowse?loc=PVP01_1404700.1-p1%3A1..8895&data=/plasmo/service/jbrowse/tracks/pvivP01%2Faa&tracks=refseq%2CInterproDomains%2CTMHMM%2CSignalP%2CExportPred%2CHydropathy%2CLowComplexity%2CSecondaryStructureHelix%2CSecondaryStructureStrand%2CSecondaryStructureCoil&highlight=	

------------------------------------------------------------

