Gene ID: PVX_094595
Chromosome: 8
Product Description: histone deacetylase 2, putative

Table: Names, Previous Identifiers, and Aliases
[Name/ID/Alias]	[Type]	
A0A1G4GW42	alternate ID	
A0A1G4HBE9	alternate ID	
A0A564ZVD6	alternate ID	
A5K7A1	alternate ID	
EDL44660.1	alternate ID	
UPI000153E5D5	alternate ID	
XP_001614387.1	alternate ID	
Pv094595	previous ID	
Table: Orthologs and Paralogs within VEuPathDB
[Gene ID]	[Ortholog]	[Organism]	[Product]	[is syntenic]	
PVX_094595	AK88_02581	Plasmodium fragile strain nilgiri	hypothetical protein	yes	
PVX_094595	C922_02196	Plasmodium inui San Antonio 1	hypothetical protein	yes	
PVX_094595	PADL01_1006500	Plasmodium adleri G01	histone deacetylase 2	yes	
PVX_094595	PBLACG01_1006100	Plasmodium blacklocki G01	histone deacetylase 2	yes	
PVX_094595	PCOAH_00022720	Plasmodium coatneyi Hackeri	Histone deacetylase	yes	
PVX_094595	PCYB_081730	Plasmodium cynomolgi strain B	histone deacetylase	yes	
PVX_094595	PF3D7_1008000	Plasmodium falciparum 3D7	histone deacetylase 2	yes	
PVX_094595	PGAL8A_00384100	Plasmodium gallinaceum 8A	histone deacetylase 2, putative	yes	
PVX_094595	PKA1H_080011800	Plasmodium knowlesi strain A1H1	histone deacetylase 2, putative	yes	
PVX_094595	PKNH_0807000	Plasmodium knowlesi strain H	histone deacetylase 2, putative	yes	
PVX_094595	PKNOH_S100034800	Plasmodium knowlesi strain Malayan Strain Pk1 A	putative Histone deacetylase 2	yes	
PVX_094595	PPRFG01_1009200	Plasmodium praefalciparum strain G01	histone deacetylase 2	yes	
PVX_094595	PRELSG_0805700	Plasmodium relictum SGS1-like	histone deacetylase 2, putative	yes	
PVX_094595	PVL_080012400	Plasmodium vivax-like Pvl01	histone deacetylase 2, putative	yes	
PVX_094595	PVP01_0807700	Plasmodium vivax P01	histone deacetylase 2, putative	yes	
PVX_094595	PY07179	Plasmodium yoelii yoelii 17XNL	Histone deacetylase family, putative	yes	
PVX_094595	PY17X_1209400	Plasmodium yoelii yoelii 17X	histone deacetylase 2, putative	yes	
PVX_094595	PYYM_1208800	Plasmodium yoelii yoelii YM	histone deacetylase 2, putative	yes	
PVX_094595	PcyM_0807600	Plasmodium cynomolgi strain M	histone deacetylase 2, putative	yes	
PVX_094595	Pf7G8_100012500	Plasmodium falciparum 7G8	histone deacetylase 2	yes	
PVX_094595	PfCD01_100013300	Plasmodium falciparum CD01	histone deacetylase 2	yes	
PVX_094595	PfDd2_100013400	Plasmodium falciparum Dd2	histone deacetylase 2	yes	
PVX_094595	PfGA01_100013400	Plasmodium falciparum GA01	histone deacetylase 2	yes	
PVX_094595	PfGB4_100013100	Plasmodium falciparum GB4	histone deacetylase 2	yes	
PVX_094595	PfGN01_100013700	Plasmodium falciparum GN01	histone deacetylase 2	yes	
PVX_094595	PfHB3_100012500	Plasmodium falciparum HB3	histone deacetylase 2	yes	
PVX_094595	PfIT_100012100	Plasmodium falciparum IT	histone deacetylase 2	yes	
PVX_094595	PfKE01_100013400	Plasmodium falciparum KE01	histone deacetylase 2	yes	
PVX_094595	PfKH01_100012700	Plasmodium falciparum KH01	histone deacetylase 2	yes	
PVX_094595	PfKH02_100013500	Plasmodium falciparum KH02	histone deacetylase 2	yes	
PVX_094595	PfML01_100012400	Plasmodium falciparum ML01	histone deacetylase 2	yes	
PVX_094595	PfSD01_100012800	Plasmodium falciparum SD01	histone deacetylase 2	yes	
PVX_094595	PfSN01_100013500	Plasmodium falciparum SN01	histone deacetylase 2	yes	
PVX_094595	PfTG01_100013300	Plasmodium falciparum TG01	histone deacetylase 2	yes	
PVX_094595	PmUG01_08023800	Plasmodium malariae UG01	histone deacetylase 2, putative	yes	
Table: piggyBac insertion mutagenesis
[Score]	[Score Type]	
Table: Signal Peptide
[NN Conclusion Score]	[NN D-Score]	[HMM Signal Probabability]	[Start Min]	[End Max]	[Signal Peptide]	[Transcript ID]	
Table: Transmembrane Domains
[Start Min]	[End Max]	[Sequence]	[Topology]	[Transcript ID]	
Table: GO Terms
[Ontology]	[GO ID]	[Is Not]	[GO Term Name]	[Source]	[Evidence Code]	[Reference]	[Support for Evidence Code Assignment]	[sort_key]	[Transcript ID(s)]	
Molecular Function	GO:0008440	null	inositol-1,4,5-trisphosphate 3-kinase activity	GeneDB_Pvivax	IEA	GO_REF:0000001	InterPro:IPR005522	MGO:0008440	PVX_094595.1	
Molecular Function	GO:0016301	null	kinase activity	gouniprot	IEA	null	null	MGO:0016301	PVX_094595.1	
Biological Process	GO:0032958	null	inositol phosphate biosynthetic process	gouniprot	IEA	null	null	BGO:0032958	PVX_094595.1	
Table: Gene Location
[Sequence Level]	[Genomic Sequence]	[lc_project_id]	[Location]	[organismAbbrev]	[start]	[end]	[is_reversed]	[start_context]	[end_context]	
chromosome	Pv_Sal1_chr08	plasmodb	365792 - 372412 (+)	pvivSal1	365792	372412	+	360792	377412	
Table: Notes from Annotator
[Date]	[Note]	[Transcript ID(s)]	
Table: Proteins Properties and Features
[Transcript ID]	[Isoelectric Point]	[Molecular Weight]	[Has SignalP]	[Has TMHMM]	[lc_project_id]	[organismAbbrev]	[Protein Length]	[pbrowseImgUrlPrefix]	[Protein Features]	[prot_info]	[JBrowse ProtProps]	[JBrowse P Jbrowse]	
PVX_094595.1	9.73	246604	no	no	plasmodb	pvivSal1	2206	/cgi-bin/gbrowse_img/plasmodbaa/	/cgi-bin/gbrowse_img/plasmodbaa/?name=PVX_094595.1;l=InterproDomains%1ESignalP%1ETMHMM%1EExportPred%1EHydropathyPlot%1ELowComplexity%1ESecondaryStructure;hmap=protein_properties_PVX_094595.1;genepage=1	PVX_094595.1-p1%3A1..2206	/a/jbrowse/index.html?data=/plasmo/service/jbrowse/proteinPropertyTracks/pvivSal1%2Faa&loc=PVX_094595.1-p1%3A1..2206&tracks=refseq%2CInterproDomains%2CTMHMM%2CSignalP%2CExportPred%2CHydropathy%2CLowComplexity%2CSecondaryStructureHelix%2CSecondaryStructureStrand%2CSecondaryStructureCoil&highlight=	/plasmo/app/jbrowse?loc=PVX_094595.1-p1%3A1..2206&data=/plasmo/service/jbrowse/tracks/pvivSal1%2Faa&tracks=refseq%2CInterproDomains%2CTMHMM%2CSignalP%2CExportPred%2CHydropathy%2CLowComplexity%2CSecondaryStructureHelix%2CSecondaryStructureStrand%2CSecondaryStructureCoil&highlight=	

------------------------------------------------------------

