Gene ID: PVX_122480
Chromosome: 14
Product Description: hypothetical protein, conserved

Table: Names, Previous Identifiers, and Aliases
[Name/ID/Alias]	[Type]	
A0A1G4H4C6	alternate ID	
A0A1G4HK34	alternate ID	
A0A565A295	alternate ID	
Pv122480	previous ID	
Table: Orthologs and Paralogs within VEuPathDB
[Gene ID]	[Ortholog]	[Organism]	[Product]	[is syntenic]	
PVX_122480	AK88_00190	Plasmodium fragile strain nilgiri	hypothetical protein	yes	
PVX_122480	C922_00504	Plasmodium inui San Antonio 1	hypothetical protein	yes	
PVX_122480	HEP_00243000	Hepatocystis sp. ex Piliocolobus tephrosceles 2019	conserved protein, unknown function	yes	
PVX_122480	PADL01_1312000	Plasmodium adleri G01	conserved Plasmodium protein, unknown function	yes	
PVX_122480	PBILCG01_1313500	Plasmodium billcollinsi G01	conserved Plasmodium protein, unknown function	yes	
PVX_122480	PBLACG01_1311200	Plasmodium blacklocki G01	conserved Plasmodium protein, unknown function	yes	
PVX_122480	PCOAH_00038520	Plasmodium coatneyi Hackeri	Uncharacterized protein	yes	
PVX_122480	PCYB_142250	Plasmodium cynomolgi strain B	hypothetical protein	yes	
PVX_122480	PF3D7_1313100	Plasmodium falciparum 3D7	conserved Plasmodium protein, unknown function	yes	
PVX_122480	PGABG01_1311200	Plasmodium gaboni strain G01	conserved Plasmodium protein, unknown function	yes	
PVX_122480	PGSY75_1313100	Plasmodium gaboni strain SY75	hypothetical protein	yes	
PVX_122480	PKA1H_140018900	Plasmodium knowlesi strain A1H1	conserved Plasmodium protein, unknown function	yes	
PVX_122480	PKNH_1413700	Plasmodium knowlesi strain H	conserved Plasmodium protein, unknown function	yes	
PVX_122480	PKNOH_S140231500	Plasmodium knowlesi strain Malayan Strain Pk1 A	Uncharacterized protein	yes	
PVX_122480	PPRFG01_1315000	Plasmodium praefalciparum strain G01	conserved Plasmodium protein, unknown function	yes	
PVX_122480	PRCDC_1312100	Plasmodium reichenowi CDC	conserved Plasmodium protein, unknown function	yes	
PVX_122480	PRG01_1315200	Plasmodium reichenowi G01	conserved Plasmodium protein, unknown function	yes	
PVX_122480	PVP01_1414000	Plasmodium vivax P01	conserved Plasmodium protein, unknown function	yes	
PVX_122480	PcyM_1414800	Plasmodium cynomolgi strain M	conserved Plasmodium protein, unknown function	yes	
PVX_122480	Pf7G8_130017600	Plasmodium falciparum 7G8	conserved Plasmodium protein, unknown function	yes	
PVX_122480	PfCD01_130018700	Plasmodium falciparum CD01	conserved Plasmodium protein, unknown function	yes	
PVX_122480	PfDd2_130019000	Plasmodium falciparum Dd2	conserved Plasmodium protein, unknown function	yes	
PVX_122480	PfGN01_130019900	Plasmodium falciparum GN01	conserved Plasmodium protein, unknown function	yes	
PVX_122480	PfHB3_130019500	Plasmodium falciparum HB3	conserved Plasmodium protein, unknown function	yes	
PVX_122480	PfIT_130018400	Plasmodium falciparum IT	conserved Plasmodium protein, unknown function	yes	
PVX_122480	PfKE01_130018800	Plasmodium falciparum KE01	conserved Plasmodium protein, unknown function	yes	
PVX_122480	PfKH01_130017400	Plasmodium falciparum KH01	conserved Plasmodium protein, unknown function	yes	
PVX_122480	PfSD01_130019900	Plasmodium falciparum SD01	conserved Plasmodium protein, unknown function	yes	
PVX_122480	PfSN01_130016200	Plasmodium falciparum SN01	conserved Plasmodium protein, unknown function	yes	
PVX_122480	PfTG01_130018900	Plasmodium falciparum TG01	conserved Plasmodium protein, unknown function	yes	
PVX_122480	PocGH01_14021200	Plasmodium ovale curtisi GH01	conserved Plasmodium protein, unknown function	yes	
PVX_122480	PfKH02_130016100	Plasmodium falciparum KH02	conserved Plasmodium protein, unknown function	yes	
PVX_122480	PVL_000121100	Plasmodium vivax-like Pvl01	conserved Plasmodium protein, unknown function	yes	
PVX_122480	PfGA01_130019200	Plasmodium falciparum GA01	conserved Plasmodium protein, unknown function	yes	
PVX_122480	PfGB4_130019100	Plasmodium falciparum GB4	conserved Plasmodium protein, unknown function	yes	
Table: piggyBac insertion mutagenesis
[Score]	[Score Type]	
Table: Signal Peptide
[NN Conclusion Score]	[NN D-Score]	[HMM Signal Probabability]	[Start Min]	[End Max]	[Signal Peptide]	[Transcript ID]	
Table: Transmembrane Domains
[Start Min]	[End Max]	[Sequence]	[Topology]	[Transcript ID]	
Table: GO Terms
[Ontology]	[GO ID]	[Is Not]	[GO Term Name]	[Source]	[Evidence Code]	[Reference]	[Support for Evidence Code Assignment]	[sort_key]	[Transcript ID(s)]	
Table: Gene Location
[Sequence Level]	[Genomic Sequence]	[lc_project_id]	[Location]	[organismAbbrev]	[start]	[end]	[is_reversed]	[start_context]	[end_context]	
chromosome	Pv_Sal1_chr14	plasmodb	607441 - 616092 (+)	pvivSal1	607441	616092	+	602441	621092	
Table: Notes from Annotator
[Date]	[Note]	[Transcript ID(s)]	
Table: Proteins Properties and Features
[Transcript ID]	[Isoelectric Point]	[Molecular Weight]	[Has SignalP]	[Has TMHMM]	[lc_project_id]	[organismAbbrev]	[Protein Length]	[pbrowseImgUrlPrefix]	[Protein Features]	[prot_info]	[JBrowse ProtProps]	[JBrowse P Jbrowse]	
PVX_122480.1	10.06	312600	no	no	plasmodb	pvivSal1	2785	/cgi-bin/gbrowse_img/plasmodbaa/	/cgi-bin/gbrowse_img/plasmodbaa/?name=PVX_122480.1;l=InterproDomains%1ESignalP%1ETMHMM%1EExportPred%1EHydropathyPlot%1ELowComplexity%1ESecondaryStructure;hmap=protein_properties_PVX_122480.1;genepage=1	PVX_122480.1-p1%3A1..2785	/a/jbrowse/index.html?data=/plasmo/service/jbrowse/proteinPropertyTracks/pvivSal1%2Faa&loc=PVX_122480.1-p1%3A1..2785&tracks=refseq%2CInterproDomains%2CTMHMM%2CSignalP%2CExportPred%2CHydropathy%2CLowComplexity%2CSecondaryStructureHelix%2CSecondaryStructureStrand%2CSecondaryStructureCoil&highlight=	/plasmo/app/jbrowse?loc=PVX_122480.1-p1%3A1..2785&data=/plasmo/service/jbrowse/tracks/pvivSal1%2Faa&tracks=refseq%2CInterproDomains%2CTMHMM%2CSignalP%2CExportPred%2CHydropathy%2CLowComplexity%2CSecondaryStructureHelix%2CSecondaryStructureStrand%2CSecondaryStructureCoil&highlight=	

------------------------------------------------------------

