Gene ID: PVP01_0724900
Chromosome: 7
Product Description: monocarboxylate transporter, putative

Table: Names, Previous Identifiers, and Aliases
[Name/ID/Alias]	[Type]	
A0A1G4GVL1	alternate ID	
A0A564ZSK0	alternate ID	
UPI00090BC338	alternate ID	
VUZ94889.1	alternate ID	
Table: Orthologs and Paralogs within VEuPathDB
[Gene ID]	[Ortholog]	[Organism]	[Product]	[is syntenic]	
PVP01_0724900	AK88_02883	Plasmodium fragile strain nilgiri	hypothetical protein	yes	
PVP01_0724900	AK88_02884	Plasmodium fragile strain nilgiri	hypothetical protein	yes	
PVP01_0724900	C922_01698	Plasmodium inui San Antonio 1	hypothetical protein	yes	
PVP01_0724900	HEP_00339800	Hepatocystis sp. ex Piliocolobus tephrosceles 2019	monocarboxylate transporter, putative	yes	
PVP01_0724900	PADL01_0925400	Plasmodium adleri G01	monocarboxylate transporter, putative	yes	
PVP01_0724900	PBANKA_0827200	Plasmodium berghei ANKA	monocarboxylate transporter, putative	yes	
PVP01_0724900	PBILCG01_0927600	Plasmodium billcollinsi G01	monocarboxylate transporter, putative	yes	
PVP01_0724900	PBLACG01_0926200	Plasmodium blacklocki G01	monocarboxylate transporter, putative	yes	
PVP01_0724900	PCHAS_0827500	Plasmodium chabaudi chabaudi	monocarboxylate transporter, putative	yes	
PVP01_0724900	PCOAH_00016570	Plasmodium coatneyi Hackeri	Membrane transporter	yes	
PVP01_0724900	PCOAH_00016580	Plasmodium coatneyi Hackeri	Uncharacterized protein	yes	
PVP01_0724900	PCYB_073400	Plasmodium cynomolgi strain B	transporter	yes	
PVP01_0724900	PF3D7_0926400	Plasmodium falciparum 3D7	monocarboxylate transporter, putative	yes	
PVP01_0724900	PGABG01_0923800	Plasmodium gaboni strain G01	monocarboxylate transporter, putative	yes	
PVP01_0724900	PGAL8A_00439200	Plasmodium gallinaceum 8A	monocarboxylate transporter, putative	yes	
PVP01_0724900	PGSY75_0926400	Plasmodium gaboni strain SY75	putative monocarboxylate transporter	yes	
PVP01_0724900	PKNH_0724300	Plasmodium knowlesi strain H	monocarboxylate transporter, putative	yes	
PVP01_0724900	PKNOH_S06426000	Plasmodium knowlesi strain Malayan Strain Pk1 A	putative Membrane transporter	yes	
PVP01_0724900	PPRFG01_0925200	Plasmodium praefalciparum strain G01	monocarboxylate transporter,putative	yes	
PVP01_0724900	PRCDC_0924400	Plasmodium reichenowi CDC	monocarboxylate transporter, putative	yes	
PVP01_0724900	PRELSG_0724000	Plasmodium relictum SGS1-like	monocarboxylate transporter, putative	yes	
PVP01_0724900	PRG01_0933800	Plasmodium reichenowi G01	monocarboxylate transporter, putative	yes	
PVP01_0724900	PVBDA_0802680	Plasmodium vinckei brucechwatti DA	Monocarboxylate transporter, putative [Source:UniProtKB/TrEMBL;Acc:A0A6V7S3J9]	yes	
PVP01_0724900	PVLDE_0802700	Plasmodium vinckei lentum DE	Monocarboxylate transporter, putative [Source:UniProtKB/TrEMBL;Acc:A0A6V7S4B8]	yes	
PVP01_0724900	PVL_000155700	Plasmodium vivax-like Pvl01	monocarboxylate transporter, putative	yes	
PVP01_0724900	PVPCR_0802680	Plasmodium vinckei petteri CR 2020	Monocarboxylate transporter, putative [Source:UniProtKB/TrEMBL;Acc:A0A6V7SXB0]	yes	
PVP01_0724900	PVSEL_0802810	Plasmodium vinckei Cameroon EL	Monocarboxylate transporter, putative [Source:UniProtKB/TrEMBL;Acc:A0A6V7SWC3]	yes	
PVP01_0724900	PVVCY_0802470	Plasmodium vinckei vinckei CY	Monocarboxylate transporter, putative [Source:UniProtKB/TrEMBL;Acc:A0A449BRI7]	yes	
PVP01_0724900	PVVCY_0802480	Plasmodium vinckei vinckei CY	Monocarboxylate transporter, putative [Source:UniProtKB/TrEMBL;Acc:A0A449BRI8]	yes	
PVP01_0724900	PVX_099745	Plasmodium vivax Sal-1	monocarboxylate transporter, putative	yes	
PVP01_0724900	PY04355	Plasmodium yoelii yoelii 17XNL	hypothetical protein	yes	
PVP01_0724900	PY17X_0830500	Plasmodium yoelii yoelii 17X	monocarboxylate transporter, putative	yes	
PVP01_0724900	PYYM_0830200	Plasmodium yoelii yoelii YM	monocarboxylate transporter, putative	yes	
PVP01_0724900	PcyM_0726100	Plasmodium cynomolgi strain M	monocarboxylate transporter, putative	yes	
PVP01_0724900	Pf7G8_090031200	Plasmodium falciparum 7G8	monocarboxylate transporter, putative	yes	
PVP01_0724900	PfCD01_090030700	Plasmodium falciparum CD01	monocarboxylate transporter, putative	yes	
PVP01_0724900	PfDd2_090031400	Plasmodium falciparum Dd2	monocarboxylate transporter, putative	yes	
PVP01_0724900	PfGA01_090030600	Plasmodium falciparum GA01	monocarboxylate transporter, putative	yes	
PVP01_0724900	PfGB4_090031300	Plasmodium falciparum GB4	monocarboxylate transporter, putative	yes	
PVP01_0724900	PfGN01_090031200	Plasmodium falciparum GN01	monocarboxylate transporter, putative	yes	
PVP01_0724900	PfHB3_090031000	Plasmodium falciparum HB3	monocarboxylate transporter, putative	yes	
PVP01_0724900	PfIT_090030900	Plasmodium falciparum IT	monocarboxylate transporter, putative	yes	
PVP01_0724900	PfKE01_090030700	Plasmodium falciparum KE01	monocarboxylate transporter, putative	yes	
PVP01_0724900	PfKH02_090031100	Plasmodium falciparum KH02	monocarboxylate transporter, putative	yes	
PVP01_0724900	PfML01_090030800	Plasmodium falciparum ML01	monocarboxylate transporter, putative	yes	
PVP01_0724900	PfSN01_090030900	Plasmodium falciparum SN01	monocarboxylate transporter, putative	yes	
PVP01_0724900	PfTG01_090030700	Plasmodium falciparum TG01	monocarboxylate transporter, putative	yes	
PVP01_0724900	PmUG01_07037900	Plasmodium malariae UG01	monocarboxylate transporter, putative	yes	
PVP01_0724900	PocGH01_07033800	Plasmodium ovale curtisi GH01	monocarboxylate transporter, putative	yes	
PVP01_0724900	YYE_03396	Plasmodium vinckei vinckei strain vinckei	hypothetical protein	yes	
PVP01_0724900	YYE_03397	Plasmodium vinckei vinckei strain vinckei	hypothetical protein	yes	
PVP01_0724900	YYG_02802	Plasmodium vinckei petteri strain CR	hypothetical protein	yes	
PVP01_0724900	AK88_03838	Plasmodium fragile strain nilgiri	hypothetical protein	no	
PVP01_0724900	C922_02794	Plasmodium inui San Antonio 1	hypothetical protein	no	
PVP01_0724900	HEP_00275100	Hepatocystis sp. ex Piliocolobus tephrosceles 2019	monocarboxylate transporter, putative	no	
PVP01_0724900	PADL01_0209000	Plasmodium adleri G01	monocarboxylate transporter, putative	no	
PVP01_0724900	PBANKA_0307200	Plasmodium berghei ANKA	monocarboxylate transporter, putative	no	
PVP01_0724900	PBILCG01_0212900	Plasmodium billcollinsi G01	monocarboxylate transporter, putative	no	
PVP01_0724900	PBLACG01_0207100	Plasmodium blacklocki G01	monocarboxylate transporter, putative	no	
PVP01_0724900	PCHAS_0309400	Plasmodium chabaudi chabaudi	monocarboxylate transporter, putative	no	
PVP01_0724900	PCOAH_00008820	Plasmodium coatneyi Hackeri	MFS transporter	no	
PVP01_0724900	PCYB_041970	Plasmodium cynomolgi strain B	transporter	no	
PVP01_0724900	PF3D7_0210300	Plasmodium falciparum 3D7	monocarboxylate transporter, putative	no	
PVP01_0724900	PGABG01_0207900	Plasmodium gaboni strain G01	monocarboxylate transporter, putative	no	
PVP01_0724900	PGAL8A_00014800	Plasmodium gallinaceum 8A	monocarboxylate transporter, putative	no	
PVP01_0724900	PGSY75_0210300	Plasmodium gaboni strain SY75	putative monocarboxylate transporter	no	
PVP01_0724900	PKA1H_040015800	Plasmodium knowlesi strain A1H1	monocarboxylate transporter, putative	no	
PVP01_0724900	PKNH_0410900	Plasmodium knowlesi strain H	monocarboxylate transporter, putative	no	
PVP01_0724900	PKNOH_S08498200	Plasmodium knowlesi strain Malayan Strain Pk1 A	putative MFS transporter	no	
PVP01_0724900	PPRFG01_0210300	Plasmodium praefalciparum strain G01	monocarboxylate transporter, putative	no	
PVP01_0724900	PRCDC_0209200	Plasmodium reichenowi CDC	monocarboxylate transporter, putative	no	
PVP01_0724900	PRELSG_0412400	Plasmodium relictum SGS1-like	monocarboxylate transporter, putative	no	
PVP01_0724900	PRG01_0209400	Plasmodium reichenowi G01	monocarboxylate transporter, putative	no	
PVP01_0724900	PVBDA_0300920	Plasmodium vinckei brucechwatti DA	Monocarboxylate transporter, putative [Source:UniProtKB/TrEMBL;Acc:A0A6V7RWM4]	no	
PVP01_0724900	PVLDE_0300740	Plasmodium vinckei lentum DE	Monocarboxylate transporter, putative [Source:UniProtKB/TrEMBL;Acc:A0A6V7RUK0]	no	
PVP01_0724900	PVL_040010400	Plasmodium vivax-like Pvl01	monocarboxylate transporter, putative	no	
PVP01_0724900	PVP01_0414600	Plasmodium vivax P01	monocarboxylate transporter, putative	no	
PVP01_0724900	PVPCR_0300870	Plasmodium vinckei petteri CR 2020	Monocarboxylate transporter, putative [Source:UniProtKB/TrEMBL;Acc:W7AFI5]	no	
PVP01_0724900	PVSEL_0300950	Plasmodium vinckei Cameroon EL	Monocarboxylate transporter, putative [Source:UniProtKB/TrEMBL;Acc:A0A6V7SFZ7]	no	
PVP01_0724900	PVVCY_0300820	Plasmodium vinckei vinckei CY	Monocarboxylate transporter, putative [Source:UniProtKB/TrEMBL;Acc:A0A081I9W3]	no	
PVP01_0724900	PVX_003965	Plasmodium vivax Sal-1	monocarboxylate transporter, putative	no	
PVP01_0724900	PY00444	Plasmodium yoelii yoelii 17XNL	hypothetical protein	no	
PVP01_0724900	PY17X_0307800	Plasmodium yoelii yoelii 17X	monocarboxylate transporter, putative	no	
PVP01_0724900	PYYM_0308100	Plasmodium yoelii yoelii YM	monocarboxylate transporter, putative	no	
PVP01_0724900	PcyM_0412900	Plasmodium cynomolgi strain M	monocarboxylate transporter, putative	no	
PVP01_0724900	Pf7G8_020014900	Plasmodium falciparum 7G8	monocarboxylate transporter, putative	no	
PVP01_0724900	PfCD01_020015100	Plasmodium falciparum CD01	monocarboxylate transporter, putative	no	
PVP01_0724900	PfDd2_020013000	Plasmodium falciparum Dd2	monocarboxylate transporter, putative	no	
PVP01_0724900	PfGA01_020013200	Plasmodium falciparum GA01	monocarboxylate transporter, putative	no	
PVP01_0724900	PfGB4_020013200	Plasmodium falciparum GB4	monocarboxylate transporter, putative	no	
PVP01_0724900	PfHB3_020014900	Plasmodium falciparum HB3	monocarboxylate transporter, putative	no	
PVP01_0724900	PfIT_020014900	Plasmodium falciparum IT	monocarboxylate transporter, putative	no	
PVP01_0724900	PfKE01_020012700	Plasmodium falciparum KE01	monocarboxylate transporter, putative	no	
PVP01_0724900	PfKH01_020015400	Plasmodium falciparum KH01	monocarboxylate transporter, putative	no	
PVP01_0724900	PfKH02_020014200	Plasmodium falciparum KH02	monocarboxylate transporter, putative	no	
PVP01_0724900	PfSD01_020015700	Plasmodium falciparum SD01	monocarboxylate transporter, putative	no	
PVP01_0724900	PfSN01_020013200	Plasmodium falciparum SN01	monocarboxylate transporter, putative	no	
PVP01_0724900	PfTG01_020015200	Plasmodium falciparum TG01	monocarboxylate transporter, putative	no	
PVP01_0724900	PmUG01_04022000	Plasmodium malariae UG01	monocarboxylate transporter, putative	no	
PVP01_0724900	PocGH01_04019800	Plasmodium ovale curtisi GH01	monocarboxylate transporter, putative	no	
PVP01_0724900	YYE_03398	Plasmodium vinckei vinckei strain vinckei	hypothetical protein	no	
PVP01_0724900	YYE_04655	Plasmodium vinckei vinckei strain vinckei	hypothetical protein	no	
PVP01_0724900	YYG_04877	Plasmodium vinckei petteri strain CR	hypothetical protein	no	
PVP01_0724900	PfML01_020013100	Plasmodium falciparum ML01	monocarboxylate transporter, putative	no	
PVP01_0724900	PfKH01_090030600	Plasmodium falciparum KH01	monocarboxylate transporter, putative	yes	
PVP01_0724900	PfSD01_090031300	Plasmodium falciparum SD01	monocarboxylate transporter, putative	yes	
PVP01_0724900	PfGN01_020015500	Plasmodium falciparum GN01	monocarboxylate transporter, putative	no	
Table: piggyBac insertion mutagenesis
[Score]	[Score Type]	
Table: Signal Peptide
[NN Conclusion Score]	[NN D-Score]	[HMM Signal Probabability]	[Start Min]	[End Max]	[Signal Peptide]	[Transcript ID]	
Table: Transmembrane Domains
[Start Min]	[End Max]	[Sequence]	[Topology]	[Transcript ID]	
12	34	YVVLTGAFLYNLNIGIINSYGNL	null	PVP01_0724900.1	
54	76	VSFIYELTVIMLGVSMLIGNAVQ	null	PVP01_0724900.1	
83	102	ATILTCCFTTFVSFYLSSVY	null	PVP01_0724900.1	
107	129	LMLCLFMGVLYGLGYGISFTIPL	null	PVP01_0724900.1	
142	164	LVSGIVISAISLSPFLYCPLQTL	null	PVP01_0724900.1	
198	220	IPQVLFIQSVIFLIFGTCGGFFA	null	PVP01_0724900.1	
334	351	NFILFFLNMLNINTTIFS	null	PVP01_0724900.1	
371	393	FLWLSVVLFNSYINFVIMYWKII	null	PVP01_0724900.1	
406	428	TLNGSFINSMANIAGRLVWGSIY	null	PVP01_0724900.1	
433	455	VHITVTLLGACICCACFLLPAIA	null	PVP01_0724900.1	
460	482	LYAFACALFYFCIGGSLVTIPII	null	PVP01_0724900.1	
497	519	SILYTTRIANTFLCSVVVRLFYS	null	PVP01_0724900.1	
526	545	LSSAFGLISLLATVAMFFLT	null	PVP01_0724900.1	
Table: GO Terms
[Ontology]	[GO ID]	[Is Not]	[GO Term Name]	[Source]	[Evidence Code]	[Reference]	[Support for Evidence Code Assignment]	[sort_key]	[Transcript ID(s)]	
Cellular Component	GO:0016021	null	integral component of membrane	GeneDB	ISM	PMID:11152613	CBS:TMHMM	CGO:0016021	PVP01_0724900.1	
Cellular Component	GO:0016021	null	integral component of membrane	gouniprot	IEA	null	null	CGO:0016021	PVP01_0724900.1	
Molecular Function	GO:0022857	null	transmembrane transporter activity	gouniprot	IEA	null	null	MGO:0022857	PVP01_0724900.1	
Biological Process	GO:0055085	null	transmembrane transport	GeneDB	IEA	GO_REF:0000002	InterPro:IPR011701	BGO:0055085	PVP01_0724900.1	
Biological Process	GO:0055085	null	transmembrane transport	interpro2go	IEA	null	null	BGO:0055085	PVP01_0724900.1	
Table: Gene Location
[Sequence Level]	[Genomic Sequence]	[lc_project_id]	[Location]	[organismAbbrev]	[start]	[end]	[is_reversed]	[start_context]	[end_context]	
chromosome	PvP01_07_v2	plasmodb	1073046 - 1075683 (-)	pvivP01	1073046	1075683	-	1068046	1080683	
Table: Notes from Annotator
[Date]	[Note]	[Transcript ID(s)]	
Table: Proteins Properties and Features
[Transcript ID]	[Isoelectric Point]	[Molecular Weight]	[Has SignalP]	[Has TMHMM]	[lc_project_id]	[organismAbbrev]	[Protein Length]	[pbrowseImgUrlPrefix]	[Protein Features]	[prot_info]	[JBrowse ProtProps]	[JBrowse P Jbrowse]	
PVP01_0724900.1	9.09	61348	no	yes	plasmodb	pvivP01	547	/cgi-bin/gbrowse_img/plasmodbaa/	/cgi-bin/gbrowse_img/plasmodbaa/?name=PVP01_0724900.1;l=InterproDomains%1ESignalP%1ETMHMM%1EExportPred%1EHydropathyPlot%1ELowComplexity%1ESecondaryStructure;hmap=protein_properties_PVP01_0724900.1;genepage=1	PVP01_0724900.1-p1%3A1..547	/a/jbrowse/index.html?data=/plasmo/service/jbrowse/proteinPropertyTracks/pvivP01%2Faa&loc=PVP01_0724900.1-p1%3A1..547&tracks=refseq%2CInterproDomains%2CTMHMM%2CSignalP%2CExportPred%2CHydropathy%2CLowComplexity%2CSecondaryStructureHelix%2CSecondaryStructureStrand%2CSecondaryStructureCoil&highlight=	/plasmo/app/jbrowse?loc=PVP01_0724900.1-p1%3A1..547&data=/plasmo/service/jbrowse/tracks/pvivP01%2Faa&tracks=refseq%2CInterproDomains%2CTMHMM%2CSignalP%2CExportPred%2CHydropathy%2CLowComplexity%2CSecondaryStructureHelix%2CSecondaryStructureStrand%2CSecondaryStructureCoil&highlight=	

------------------------------------------------------------

